{"total": {"lines":{"total":1099,"covered":1061,"skipped":0,"pct":96.54},"statements":{"total":1290,"covered":1219,"skipped":0,"pct":94.49},"functions":{"total":249,"covered":217,"skipped":0,"pct":87.14},"branches":{"total":756,"covered":603,"skipped":0,"pct":79.76},"branchesTrue":{"total":0,"covered":0,"skipped":0,"pct":100}}
,"/root/rodrigo/idle_rpg/jest-react-native-mock.js": {"lines":{"total":20,"covered":12,"skipped":0,"pct":60},"functions":{"total":24,"covered":0,"skipped":0,"pct":0},"statements":{"total":31,"covered":12,"skipped":0,"pct":38.7},"branches":{"total":6,"covered":0,"skipped":0,"pct":0}}
,"/root/rodrigo/idle_rpg/jest-mocks/uuid.cjs.js": {"lines":{"total":2,"covered":2,"skipped":0,"pct":100},"functions":{"total":1,"covered":1,"skipped":0,"pct":100},"statements":{"total":2,"covered":2,"skipped":0,"pct":100},"branches":{"total":0,"covered":0,"skipped":0,"pct":100}}
,"/root/rodrigo/idle_rpg/src/constants/achievements.ts": {"lines":{"total":12,"covered":12,"skipped":0,"pct":100},"functions":{"total":11,"covered":11,"skipped":0,"pct":100},"statements":{"total":12,"covered":12,"skipped":0,"pct":100},"branches":{"total":12,"covered":8,"skipped":0,"pct":66.66}}
,"/root/rodrigo/idle_rpg/src/constants/classes.ts": {"lines":{"total":1,"covered":1,"skipped":0,"pct":100},"functions":{"total":0,"covered":0,"skipped":0,"pct":100},"statements":{"total":1,"covered":1,"skipped":0,"pct":100},"branches":{"total":0,"covered":0,"skipped":0,"pct":100}}
,"/root/rodrigo/idle_rpg/src/constants/dailyQuests.ts": {"lines":{"total":19,"covered":19,"skipped":0,"pct":100},"functions":{"total":3,"covered":3,"skipped":0,"pct":100},"statements":{"total":20,"covered":20,"skipped":0,"pct":100},"branches":{"total":3,"covered":3,"skipped":0,"pct":100}}
,"/root/rodrigo/idle_rpg/src/constants/equipment.ts": {"lines":{"total":3,"covered":3,"skipped":0,"pct":100},"functions":{"total":0,"covered":0,"skipped":0,"pct":100},"statements":{"total":3,"covered":3,"skipped":0,"pct":100},"branches":{"total":0,"covered":0,"skipped":0,"pct":100}}
,"/root/rodrigo/idle_rpg/src/constants/game.ts": {"lines":{"total":58,"covered":58,"skipped":0,"pct":100},"functions":{"total":0,"covered":0,"skipped":0,"pct":100},"statements":{"total":58,"covered":58,"skipped":0,"pct":100},"branches":{"total":0,"covered":0,"skipped":0,"pct":100}}
,"/root/rodrigo/idle_rpg/src/constants/missions.ts": {"lines":{"total":1,"covered":1,"skipped":0,"pct":100},"functions":{"total":0,"covered":0,"skipped":0,"pct":100},"statements":{"total":1,"covered":1,"skipped":0,"pct":100},"branches":{"total":0,"covered":0,"skipped":0,"pct":100}}
,"/root/rodrigo/idle_rpg/src/constants/personalities.ts": {"lines":{"total":2,"covered":2,"skipped":0,"pct":100},"functions":{"total":0,"covered":0,"skipped":0,"pct":100},"statements":{"total":2,"covered":2,"skipped":0,"pct":100},"branches":{"total":0,"covered":0,"skipped":0,"pct":100}}
,"/root/rodrigo/idle_rpg/src/constants/shop.ts": {"lines":{"total":1,"covered":1,"skipped":0,"pct":100},"functions":{"total":0,"covered":0,"skipped":0,"pct":100},"statements":{"total":1,"covered":1,"skipped":0,"pct":100},"branches":{"total":0,"covered":0,"skipped":0,"pct":100}}
,"/root/rodrigo/idle_rpg/src/constants/synergies.ts": {"lines":{"total":12,"covered":12,"skipped":0,"pct":100},"functions":{"total":3,"covered":3,"skipped":0,"pct":100},"statements":{"total":17,"covered":17,"skipped":0,"pct":100},"branches":{"total":5,"covered":5,"skipped":0,"pct":100}}
,"/root/rodrigo/idle_rpg/src/context/achievementHandler.ts": {"lines":{"total":17,"covered":17,"skipped":0,"pct":100},"functions":{"total":1,"covered":1,"skipped":0,"pct":100},"statements":{"total":19,"covered":19,"skipped":0,"pct":100},"branches":{"total":13,"covered":12,"skipped":0,"pct":92.3}}
,"/root/rodrigo/idle_rpg/src/context/dailyQuestHandler.ts": {"lines":{"total":26,"covered":26,"skipped":0,"pct":100},"functions":{"total":8,"covered":8,"skipped":0,"pct":100},"statements":{"total":35,"covered":35,"skipped":0,"pct":100},"branches":{"total":20,"covered":20,"skipped":0,"pct":100}}
,"/root/rodrigo/idle_rpg/src/context/equipmentHandler.ts": {"lines":{"total":36,"covered":36,"skipped":0,"pct":100},"functions":{"total":14,"covered":14,"skipped":0,"pct":100},"statements":{"total":47,"covered":45,"skipped":0,"pct":95.74},"branches":{"total":27,"covered":22,"skipped":0,"pct":81.48}}
,"/root/rodrigo/idle_rpg/src/context/gameReducer.ts": {"lines":{"total":29,"covered":29,"skipped":0,"pct":100},"functions":{"total":1,"covered":1,"skipped":0,"pct":100},"statements":{"total":29,"covered":29,"skipped":0,"pct":100},"branches":{"total":19,"covered":19,"skipped":0,"pct":100}}
,"/root/rodrigo/idle_rpg/src/context/heroHandler.ts": {"lines":{"total":40,"covered":40,"skipped":0,"pct":100},"functions":{"total":13,"covered":13,"skipped":0,"pct":100},"statements":{"total":48,"covered":47,"skipped":0,"pct":97.91},"branches":{"total":18,"covered":15,"skipped":0,"pct":83.33}}
,"/root/rodrigo/idle_rpg/src/context/missionHandler.ts": {"lines":{"total":87,"covered":71,"skipped":0,"pct":81.6},"functions":{"total":21,"covered":19,"skipped":0,"pct":90.47},"statements":{"total":112,"covered":86,"skipped":0,"pct":76.78},"branches":{"total":61,"covered":35,"skipped":0,"pct":57.37}}
,"/root/rodrigo/idle_rpg/src/context/systemHandler.ts": {"lines":{"total":4,"covered":4,"skipped":0,"pct":100},"functions":{"total":2,"covered":2,"skipped":0,"pct":100},"statements":{"total":4,"covered":4,"skipped":0,"pct":100},"branches":{"total":0,"covered":0,"skipped":0,"pct":100}}
,"/root/rodrigo/idle_rpg/src/context/tickHandler.ts": {"lines":{"total":201,"covered":193,"skipped":0,"pct":96.01},"functions":{"total":43,"covered":38,"skipped":0,"pct":88.37},"statements":{"total":241,"covered":230,"skipped":0,"pct":95.43},"branches":{"total":168,"covered":142,"skipped":0,"pct":84.52}}
,"/root/rodrigo/idle_rpg/src/hooks/useGameFeedback.ts": {"lines":{"total":77,"covered":77,"skipped":0,"pct":100},"functions":{"total":10,"covered":10,"skipped":0,"pct":100},"statements":{"total":85,"covered":83,"skipped":0,"pct":97.64},"branches":{"total":90,"covered":59,"skipped":0,"pct":65.55}}
,"/root/rodrigo/idle_rpg/src/hooks/useGameLoop.ts": {"lines":{"total":16,"covered":16,"skipped":0,"pct":100},"functions":{"total":7,"covered":7,"skipped":0,"pct":100},"statements":{"total":20,"covered":20,"skipped":0,"pct":100},"branches":{"total":5,"covered":5,"skipped":0,"pct":100}}
,"/root/rodrigo/idle_rpg/src/services/configProvider.ts": {"lines":{"total":19,"covered":19,"skipped":0,"pct":100},"functions":{"total":7,"covered":7,"skipped":0,"pct":100},"statements":{"total":19,"covered":19,"skipped":0,"pct":100},"branches":{"total":2,"covered":2,"skipped":0,"pct":100}}
,"/root/rodrigo/idle_rpg/src/services/feedback.ts": {"lines":{"total":24,"covered":23,"skipped":0,"pct":95.83},"functions":{"total":9,"covered":8,"skipped":0,"pct":88.88},"statements":{"total":29,"covered":27,"skipped":0,"pct":93.1},"branches":{"total":6,"covered":5,"skipped":0,"pct":83.33}}
,"/root/rodrigo/idle_rpg/src/services/storage.ts": {"lines":{"total":46,"covered":42,"skipped":0,"pct":91.3},"functions":{"total":12,"covered":12,"skipped":0,"pct":100},"statements":{"total":51,"covered":46,"skipped":0,"pct":90.19},"branches":{"total":38,"covered":32,"skipped":0,"pct":84.21}}
,"/root/rodrigo/idle_rpg/src/types/index.ts": {"lines":{"total":7,"covered":7,"skipped":0,"pct":100},"functions":{"total":1,"covered":1,"skipped":0,"pct":100},"statements":{"total":7,"covered":7,"skipped":0,"pct":100},"branches":{"total":2,"covered":2,"skipped":0,"pct":100}}
,"/root/rodrigo/idle_rpg/src/utils/battleEngine.ts": {"lines":{"total":182,"covered":182,"skipped":0,"pct":100},"functions":{"total":26,"covered":26,"skipped":0,"pct":100},"statements":{"total":215,"covered":213,"skipped":0,"pct":99.06},"branches":{"total":154,"covered":137,"skipped":0,"pct":88.96}}
,"/root/rodrigo/idle_rpg/src/utils/battleSim.ts": {"lines":{"total":47,"covered":46,"skipped":0,"pct":97.87},"functions":{"total":15,"covered":15,"skipped":0,"pct":100},"statements":{"total":65,"covered":64,"skipped":0,"pct":98.46},"branches":{"total":37,"covered":30,"skipped":0,"pct":81.08}}
,"/root/rodrigo/idle_rpg/src/utils/gameMath.ts": {"lines":{"total":62,"covered":62,"skipped":0,"pct":100},"functions":{"total":11,"covered":11,"skipped":0,"pct":100},"statements":{"total":65,"covered":65,"skipped":0,"pct":100},"branches":{"total":44,"covered":36,"skipped":0,"pct":81.81}}
,"/root/rodrigo/idle_rpg/src/utils/heroFactory.ts": {"lines":{"total":25,"covered":25,"skipped":0,"pct":100},"functions":{"total":1,"covered":1,"skipped":0,"pct":100},"statements":{"total":25,"covered":25,"skipped":0,"pct":100},"branches":{"total":20,"covered":12,"skipped":0,"pct":60}}
,"/root/rodrigo/idle_rpg/src/utils/heroUtils.ts": {"lines":{"total":10,"covered":10,"skipped":0,"pct":100},"functions":{"total":4,"covered":4,"skipped":0,"pct":100},"statements":{"total":10,"covered":10,"skipped":0,"pct":100},"branches":{"total":2,"covered":2,"skipped":0,"pct":100}}
,"/root/rodrigo/idle_rpg/src/utils/math.ts": {"lines":{"total":11,"covered":11,"skipped":0,"pct":100},"functions":{"total":1,"covered":1,"skipped":0,"pct":100},"statements":{"total":14,"covered":14,"skipped":0,"pct":100},"branches":{"total":4,"covered":0,"skipped":0,"pct":0}}
,"/root/rodrigo/idle_rpg/src/utils/missionMath.ts": {"lines":{"total":2,"covered":2,"skipped":0,"pct":100},"functions":{"total":0,"covered":0,"skipped":0,"pct":100},"statements":{"total":2,"covered":2,"skipped":0,"pct":100},"branches":{"total":0,"covered":0,"skipped":0,"pct":100}}
}
