{"/root/rodrigo/idle_rpg/src/components/AnimatedGold.tsx": {"path":"/root/rodrigo/idle_rpg/src/components/AnimatedGold.tsx","statementMap":{"0":{"start":{"line":20,"column":0},"end":{"line":20,"column":16}},"1":{"start":{"line":1,"column":0},"end":{"line":1,"column":51}},"2":{"start":{"line":2,"column":0},"end":{"line":2,"column":54}},"3":{"start":{"line":3,"column":0},"end":{"line":3,"column":null}},"4":{"start":{"line":12,"column":0},"end":{"line":12,"column":33}},"5":{"start":{"line":13,"column":0},"end":{"line":13,"column":45}},"6":{"start":{"line":14,"column":0},"end":{"line":14,"column":33}},"7":{"start":{"line":21,"column":19},"end":{"line":21,"column":39}},"8":{"start":{"line":22,"column":16},"end":{"line":22,"column":33}},"9":{"start":{"line":23,"column":32},"end":{"line":23,"column":46}},"10":{"start":{"line":25,"column":2},"end":{"line":35,"column":30}},"11":{"start":{"line":26,"column":4},"end":{"line":31,"column":5}},"12":{"start":{"line":27,"column":6},"end":{"line":30,"column":8}},"13":{"start":{"line":32,"column":4},"end":{"line":32,"column":91}},"14":{"start":{"line":34,"column":4},"end":{"line":34,"column":21}},"15":{"start":{"line":37,"column":2},"end":{"line":39,"column":17}},"16":{"start":{"line":38,"column":4},"end":{"line":38,"column":52}},"17":{"start":{"line":41,"column":21},"end":{"line":43,"column":5}},"18":{"start":{"line":41,"column":45},"end":{"line":43,"column":4}},"19":{"start":{"line":45,"column":2},"end":{"line":58,"column":4}},"20":{"start":{"line":61,"column":15},"end":{"line":90,"column":2}},"21":{"start":{"line":92,"column":0},"end":{"line":92,"column":28}}},"fnMap":{"0":{"name":"AnimatedGold","decl":{"start":{"line":20,"column":16},"end":{"line":20,"column":28}},"loc":{"start":{"line":20,"column":56},"end":{"line":59,"column":1}}},"1":{"name":"(anonymous_10)","decl":{"start":{"line":25,"column":12},"end":{"line":25,"column":15}},"loc":{"start":{"line":25,"column":17},"end":{"line":35,"column":3}}},"2":{"name":"(anonymous_11)","decl":{"start":{"line":37,"column":18},"end":{"line":37,"column":21}},"loc":{"start":{"line":37,"column":23},"end":{"line":39,"column":3}}},"3":{"name":"(anonymous_12)","decl":{"start":{"line":41,"column":38},"end":{"line":41,"column":41}},"loc":{"start":{"line":41,"column":45},"end":{"line":43,"column":4}}}},"branchMap":{"0":{"loc":{"start":{"line":26,"column":4},"end":{"line":31,"column":5}},"type":"if","locations":[{"start":{"line":26,"column":4},"end":{"line":31,"column":5}}]}},"s":{"0":1,"1":1,"2":1,"3":1,"4":1,"5":1,"6":1,"7":7,"8":7,"9":7,"10":7,"11":6,"12":0,"13":6,"14":6,"15":7,"16":0,"17":7,"18":0,"19":7,"20":1,"21":1},"f":{"0":7,"1":6,"2":0,"3":0},"b":{"0":[0]}}
,"/root/rodrigo/idle_rpg/src/components/AttributeProgress.tsx": {"path":"/root/rodrigo/idle_rpg/src/components/AttributeProgress.tsx","statementMap":{"0":{"start":{"line":21,"column":0},"end":{"line":21,"column":16}},"1":{"start":{"line":1,"column":0},"end":{"line":1,"column":49}},"2":{"start":{"line":2,"column":0},"end":{"line":2,"column":64}},"3":{"start":{"line":3,"column":0},"end":{"line":3,"column":33}},"4":{"start":{"line":13,"column":2},"end":{"line":13,"column":27}},"5":{"start":{"line":13,"column":15},"end":{"line":13,"column":27}},"6":{"start":{"line":14,"column":12},"end":{"line":14,"column":33}},"7":{"start":{"line":15,"column":2},"end":{"line":15,"column":29}},"8":{"start":{"line":15,"column":14},"end":{"line":15,"column":29}},"9":{"start":{"line":16,"column":12},"end":{"line":16,"column":30}},"10":{"start":{"line":17,"column":14},"end":{"line":17,"column":20}},"11":{"start":{"line":18,"column":2},"end":{"line":18,"column":25}},"12":{"start":{"line":22,"column":14},"end":{"line":22,"column":48}},"13":{"start":{"line":23,"column":15},"end":{"line":23,"column":54}},"14":{"start":{"line":25,"column":2},"end":{"line":31,"column":18}},"15":{"start":{"line":26,"column":4},"end":{"line":30,"column":15}},"16":{"start":{"line":33,"column":16},"end":{"line":36,"column":4}},"17":{"start":{"line":38,"column":2},"end":{"line":48,"column":4}},"18":{"start":{"line":51,"column":15},"end":{"line":78,"column":2}}},"fnMap":{"0":{"name":"formatMs","decl":{"start":{"line":12,"column":9},"end":{"line":12,"column":17}},"loc":{"start":{"line":12,"column":28},"end":{"line":19,"column":1}}},"1":{"name":"AttributeProgress","decl":{"start":{"line":21,"column":16},"end":{"line":21,"column":33}},"loc":{"start":{"line":21,"column":104},"end":{"line":49,"column":1}}},"2":{"name":"(anonymous_11)","decl":{"start":{"line":25,"column":12},"end":{"line":25,"column":15}},"loc":{"start":{"line":25,"column":17},"end":{"line":31,"column":3}}}},"branchMap":{"0":{"loc":{"start":{"line":13,"column":2},"end":{"line":13,"column":27}},"type":"if","locations":[{"start":{"line":13,"column":2},"end":{"line":13,"column":27}}]},"1":{"loc":{"start":{"line":15,"column":2},"end":{"line":15,"column":29}},"type":"if","locations":[{"start":{"line":15,"column":2},"end":{"line":15,"column":29}}]},"2":{"loc":{"start":{"line":21,"column":46},"end":{"line":21,"column":71}},"type":"default-arg","locations":[{"start":{"line":21,"column":54},"end":{"line":21,"column":71}}]},"3":{"loc":{"start":{"line":44,"column":9},"end":{"line":44,"column":65}},"type":"cond-expr","locations":[{"start":{"line":44,"column":17},"end":{"line":44,"column":58}},{"start":{"line":44,"column":61},"end":{"line":44,"column":65}}]},"4":{"loc":{"start":{"line":45,"column":9},"end":{"line":45,"column":114}},"type":"cond-expr","locations":[{"start":{"line":45,"column":47},"end":{"line":45,"column":107}},{"start":{"line":45,"column":110},"end":{"line":45,"column":114}}]}},"s":{"0":1,"1":1,"2":1,"3":1,"4":0,"5":0,"6":0,"7":0,"8":0,"9":0,"10":0,"11":0,"12":0,"13":0,"14":0,"15":0,"16":0,"17":0,"18":1},"f":{"0":0,"1":0,"2":0},"b":{"0":[0],"1":[0],"2":[0],"3":[0,0],"4":[0,0]}}
,"/root/rodrigo/idle_rpg/src/components/ChestCard.tsx": {"path":"/root/rodrigo/idle_rpg/src/components/ChestCard.tsx","statementMap":{"0":{"start":{"line":15,"column":0},"end":{"line":15,"column":16}},"1":{"start":{"line":1,"column":0},"end":{"line":1,"column":26}},"2":{"start":{"line":2,"column":0},"end":{"line":2,"column":72}},"3":{"start":{"line":3,"column":0},"end":{"line":3,"column":33}},"4":{"start":{"line":4,"column":0},"end":{"line":4,"column":43}},"5":{"start":{"line":16,"column":2},"end":{"line":42,"column":4}},"6":{"start":{"line":45,"column":15},"end":{"line":110,"column":2}}},"fnMap":{"0":{"name":"ChestCard","decl":{"start":{"line":15,"column":16},"end":{"line":15,"column":25}},"loc":{"start":{"line":15,"column":105},"end":{"line":43,"column":1}}}},"branchMap":{"0":{"loc":{"start":{"line":15,"column":74},"end":{"line":15,"column":87}},"type":"default-arg","locations":[{"start":{"line":15,"column":81},"end":{"line":15,"column":87}}]},"1":{"loc":{"start":{"line":19,"column":32},"end":{"line":19,"column":61}},"type":"binary-expr","locations":[{"start":{"line":19,"column":32},"end":{"line":19,"column":42}},{"start":{"line":19,"column":46},"end":{"line":19,"column":61}}]},"2":{"loc":{"start":{"line":29,"column":9},"end":{"line":29,"column":77}},"type":"binary-expr","locations":[{"start":{"line":29,"column":9},"end":{"line":29,"column":20}},{"start":{"line":29,"column":24},"end":{"line":29,"column":77}}]},"3":{"loc":{"start":{"line":32,"column":42},"end":{"line":32,"column":80}},"type":"binary-expr","locations":[{"start":{"line":32,"column":42},"end":{"line":32,"column":52}},{"start":{"line":32,"column":56},"end":{"line":32,"column":80}}]},"4":{"loc":{"start":{"line":38,"column":38},"end":{"line":38,"column":76}},"type":"binary-expr","locations":[{"start":{"line":38,"column":38},"end":{"line":38,"column":48}},{"start":{"line":38,"column":52},"end":{"line":38,"column":76}}]},"5":{"loc":{"start":{"line":39,"column":44},"end":{"line":39,"column":75}},"type":"cond-expr","locations":[{"start":{"line":39,"column":56},"end":{"line":39,"column":65}},{"start":{"line":39,"column":68},"end":{"line":39,"column":75}}]}},"s":{"0":0,"1":0,"2":0,"3":0,"4":0,"5":0,"6":0},"f":{"0":0},"b":{"0":[0],"1":[0,0],"2":[0,0],"3":[0,0],"4":[0,0],"5":[0,0]}}
,"/root/rodrigo/idle_rpg/src/components/ChestRevealModal.tsx": {"path":"/root/rodrigo/idle_rpg/src/components/ChestRevealModal.tsx","statementMap":{"0":{"start":{"line":44,"column":0},"end":{"line":44,"column":16}},"1":{"start":{"line":1,"column":0},"end":{"line":1,"column":72}},"2":{"start":{"line":2,"column":0},"end":{"line":2,"column":null}},"3":{"start":{"line":12,"column":0},"end":{"line":12,"column":45}},"4":{"start":{"line":13,"column":0},"end":{"line":13,"column":66}},"5":{"start":{"line":15,"column":0},"end":{"line":15,"column":33}},"6":{"start":{"line":16,"column":0},"end":{"line":16,"column":50}},"7":{"start":{"line":17,"column":0},"end":{"line":17,"column":50}},"8":{"start":{"line":18,"column":0},"end":{"line":18,"column":72}},"9":{"start":{"line":19,"column":0},"end":{"line":19,"column":78}},"10":{"start":{"line":20,"column":0},"end":{"line":20,"column":40}},"11":{"start":{"line":24,"column":29},"end":{"line":24,"column":33}},"12":{"start":{"line":25,"column":28},"end":{"line":25,"column":31}},"13":{"start":{"line":27,"column":45},"end":{"line":34,"column":2}},"14":{"start":{"line":51,"column":16},"end":{"line":51,"column":37}},"15":{"start":{"line":52,"column":28},"end":{"line":52,"column":61}},"16":{"start":{"line":53,"column":42},"end":{"line":53,"column":69}},"17":{"start":{"line":55,"column":20},"end":{"line":55,"column":57}},"18":{"start":{"line":56,"column":19},"end":{"line":56,"column":58}},"19":{"start":{"line":57,"column":20},"end":{"line":57,"column":59}},"20":{"start":{"line":58,"column":22},"end":{"line":58,"column":59}},"21":{"start":{"line":60,"column":24},"end":{"line":60,"column":48}},"22":{"start":{"line":61,"column":26},"end":{"line":61,"column":50}},"23":{"start":{"line":62,"column":22},"end":{"line":62,"column":46}},"24":{"start":{"line":64,"column":23},"end":{"line":64,"column":64}},"25":{"start":{"line":65,"column":24},"end":{"line":65,"column":74}},"26":{"start":{"line":67,"column":2},"end":{"line":69,"column":9}},"27":{"start":{"line":68,"column":4},"end":{"line":68,"column":20}},"28":{"start":{"line":73,"column":5},"end":{"line":74,"column":139}},"29":{"start":{"line":76,"column":21},"end":{"line":88,"column":51}},"30":{"start":{"line":77,"column":4},"end":{"line":77,"column":50}},"31":{"start":{"line":77,"column":40},"end":{"line":77,"column":48}},"32":{"start":{"line":78,"column":4},"end":{"line":78,"column":30}},"33":{"start":{"line":79,"column":4},"end":{"line":79,"column":67}},"34":{"start":{"line":79,"column":31},"end":{"line":79,"column":67}},"35":{"start":{"line":80,"column":4},"end":{"line":80,"column":33}},"36":{"start":{"line":82,"column":4},"end":{"line":82,"column":25}},"37":{"start":{"line":83,"column":4},"end":{"line":83,"column":26}},"38":{"start":{"line":84,"column":4},"end":{"line":84,"column":26}},"39":{"start":{"line":85,"column":4},"end":{"line":85,"column":27}},"40":{"start":{"line":86,"column":4},"end":{"line":86,"column":28}},"41":{"start":{"line":87,"column":4},"end":{"line":87,"column":28}},"42":{"start":{"line":90,"column":2},"end":{"line":113,"column":16}},"43":{"start":{"line":91,"column":4},"end":{"line":95,"column":5}},"44":{"start":{"line":92,"column":6},"end":{"line":92,"column":34}},"45":{"start":{"line":93,"column":6},"end":{"line":93,"column":19}},"46":{"start":{"line":94,"column":6},"end":{"line":94,"column":13}},"47":{"start":{"line":97,"column":4},"end":{"line":107,"column":5}},"48":{"start":{"line":98,"column":19},"end":{"line":98,"column":33}},"49":{"start":{"line":99,"column":6},"end":{"line":99,"column":28}},"50":{"start":{"line":100,"column":6},"end":{"line":100,"column":27}},"51":{"start":{"line":101,"column":6},"end":{"line":101,"column":32}},"52":{"start":{"line":102,"column":6},"end":{"line":102,"column":28}},"53":{"start":{"line":104,"column":6},"end":{"line":104,"column":28}},"54":{"start":{"line":105,"column":6},"end":{"line":105,"column":30}},"55":{"start":{"line":106,"column":6},"end":{"line":106,"column":13}},"56":{"start":{"line":108,"column":4},"end":{"line":108,"column":20}},"57":{"start":{"line":109,"column":4},"end":{"line":112,"column":6}},"58":{"start":{"line":110,"column":6},"end":{"line":110,"column":34}},"59":{"start":{"line":111,"column":6},"end":{"line":111,"column":19}},"60":{"start":{"line":115,"column":24},"end":{"line":165,"column":3}},"61":{"start":{"line":116,"column":4},"end":{"line":116,"column":25}},"62":{"start":{"line":117,"column":4},"end":{"line":117,"column":15}},"63":{"start":{"line":118,"column":4},"end":{"line":118,"column":32}},"64":{"start":{"line":119,"column":4},"end":{"line":119,"column":34}},"65":{"start":{"line":121,"column":18},"end":{"line":135,"column":null}},"66":{"start":{"line":138,"column":17},"end":{"line":152,"column":null}},"67":{"start":{"line":155,"column":4},"end":{"line":155,"column":41}},"68":{"start":{"line":156,"column":4},"end":{"line":156,"column":18}},"69":{"start":{"line":157,"column":4},"end":{"line":157,"column":17}},"70":{"start":{"line":159,"column":4},"end":{"line":164,"column":29}},"71":{"start":{"line":160,"column":6},"end":{"line":160,"column":19}},"72":{"start":{"line":161,"column":6},"end":{"line":161,"column":18}},"73":{"start":{"line":162,"column":6},"end":{"line":162,"column":32}},"74":{"start":{"line":163,"column":6},"end":{"line":163,"column":21}},"75":{"start":{"line":167,"column":23},"end":{"line":196,"column":3}},"76":{"start":{"line":168,"column":4},"end":{"line":168,"column":24}},"77":{"start":{"line":169,"column":4},"end":{"line":169,"column":32}},"78":{"start":{"line":170,"column":4},"end":{"line":170,"column":28}},"79":{"start":{"line":171,"column":4},"end":{"line":171,"column":15}},"80":{"start":{"line":173,"column":17},"end":{"line":173,"column":31}},"81":{"start":{"line":174,"column":4},"end":{"line":174,"column":26}},"82":{"start":{"line":176,"column":21},"end":{"line":189,"column":6}},"83":{"start":{"line":191,"column":4},"end":{"line":191,"column":38}},"84":{"start":{"line":192,"column":4},"end":{"line":195,"column":7}},"85":{"start":{"line":193,"column":6},"end":{"line":193,"column":32}},"86":{"start":{"line":194,"column":6},"end":{"line":194,"column":20}},"87":{"start":{"line":198,"column":22},"end":{"line":226,"column":3}},"88":{"start":{"line":199,"column":4},"end":{"line":199,"column":25}},"89":{"start":{"line":200,"column":4},"end":{"line":200,"column":30}},"90":{"start":{"line":201,"column":4},"end":{"line":201,"column":26}},"91":{"start":{"line":203,"column":4},"end":{"line":206,"column":5}},"92":{"start":{"line":204,"column":6},"end":{"line":204,"column":38}},"93":{"start":{"line":205,"column":6},"end":{"line":205,"column":34}},"94":{"start":{"line":208,"column":23},"end":{"line":220,"column":6}},"95":{"start":{"line":222,"column":4},"end":{"line":222,"column":40}},"96":{"start":{"line":223,"column":4},"end":{"line":225,"column":7}},"97":{"start":{"line":224,"column":6},"end":{"line":224,"column":32}},"98":{"start":{"line":228,"column":23},"end":{"line":236,"column":3}},"99":{"start":{"line":229,"column":22},"end":{"line":229,"column":58}},"100":{"start":{"line":230,"column":22},"end":{"line":230,"column":77}},"101":{"start":{"line":231,"column":14},"end":{"line":231,"column":49}},"102":{"start":{"line":232,"column":4},"end":{"line":234,"column":5}},"103":{"start":{"line":233,"column":6},"end":{"line":233,"column":103}},"104":{"start":{"line":235,"column":4},"end":{"line":235,"column":13}},"105":{"start":{"line":238,"column":24},"end":{"line":246,"column":3}},"106":{"start":{"line":239,"column":4},"end":{"line":245,"column":5}},"107":{"start":{"line":240,"column":6},"end":{"line":240,"column":17}},"108":{"start":{"line":241,"column":6},"end":{"line":243,"column":7}},"109":{"start":{"line":242,"column":8},"end":{"line":242,"column":96}},"110":{"start":{"line":244,"column":6},"end":{"line":244,"column":31}},"111":{"start":{"line":248,"column":21},"end":{"line":269,"column":3}},"112":{"start":{"line":249,"column":4},"end":{"line":268,"column":5}},"113":{"start":{"line":250,"column":6},"end":{"line":250,"column":52}},"114":{"start":{"line":250,"column":42},"end":{"line":250,"column":50}},"115":{"start":{"line":251,"column":6},"end":{"line":251,"column":32}},"116":{"start":{"line":252,"column":6},"end":{"line":252,"column":69}},"117":{"start":{"line":252,"column":33},"end":{"line":252,"column":69}},"118":{"start":{"line":253,"column":6},"end":{"line":253,"column":35}},"119":{"start":{"line":254,"column":6},"end":{"line":254,"column":34}},"120":{"start":{"line":256,"column":19},"end":{"line":256,"column":49}},"121":{"start":{"line":257,"column":6},"end":{"line":257,"column":28}},"122":{"start":{"line":258,"column":6},"end":{"line":258,"column":27}},"123":{"start":{"line":259,"column":6},"end":{"line":259,"column":28}},"124":{"start":{"line":260,"column":6},"end":{"line":260,"column":30}},"125":{"start":{"line":262,"column":6},"end":{"line":262,"column":32}},"126":{"start":{"line":263,"column":6},"end":{"line":263,"column":28}},"127":{"start":{"line":264,"column":6},"end":{"line":267,"column":7}},"128":{"start":{"line":265,"column":8},"end":{"line":265,"column":40}},"129":{"start":{"line":266,"column":8},"end":{"line":266,"column":36}},"130":{"start":{"line":272,"column":2},"end":{"line":278,"column":9}},"131":{"start":{"line":273,"column":4},"end":{"line":277,"column":6}},"132":{"start":{"line":274,"column":6},"end":{"line":274,"column":34}},"133":{"start":{"line":275,"column":6},"end":{"line":275,"column":30}},"134":{"start":{"line":276,"column":6},"end":{"line":276,"column":32}},"135":{"start":{"line":280,"column":2},"end":{"line":280,"column":28}},"136":{"start":{"line":280,"column":16},"end":{"line":280,"column":28}},"137":{"start":{"line":282,"column":19},"end":{"line":282,"column":82}},"138":{"start":{"line":283,"column":21},"end":{"line":283,"column":84}},"139":{"start":{"line":285,"column":2},"end":{"line":385,"column":4}},"140":{"start":{"line":388,"column":15},"end":{"line":518,"column":2}}},"fnMap":{"0":{"name":"ChestRevealModal","decl":{"start":{"line":44,"column":16},"end":{"line":44,"column":32}},"loc":{"start":{"line":50,"column":24},"end":{"line":386,"column":1}}},"1":{"name":"(anonymous_11)","decl":{"start":{"line":67,"column":12},"end":{"line":67,"column":15}},"loc":{"start":{"line":67,"column":17},"end":{"line":69,"column":3}}},"2":{"name":"(anonymous_12)","decl":{"start":{"line":76,"column":33},"end":{"line":76,"column":36}},"loc":{"start":{"line":76,"column":38},"end":{"line":88,"column":3}}},"3":{"name":"(anonymous_13)","decl":{"start":{"line":77,"column":33},"end":{"line":77,"column":34}},"loc":{"start":{"line":77,"column":40},"end":{"line":77,"column":48}}},"4":{"name":"(anonymous_14)","decl":{"start":{"line":90,"column":12},"end":{"line":90,"column":15}},"loc":{"start":{"line":90,"column":17},"end":{"line":113,"column":3}}},"5":{"name":"(anonymous_15)","decl":{"start":{"line":109,"column":11},"end":{"line":109,"column":14}},"loc":{"start":{"line":109,"column":16},"end":{"line":112,"column":5}}},"6":{"name":"(anonymous_16)","decl":{"start":{"line":115,"column":24},"end":{"line":115,"column":27}},"loc":{"start":{"line":115,"column":29},"end":{"line":165,"column":3}}},"7":{"name":"(anonymous_17)","decl":{"start":{"line":159,"column":39},"end":{"line":159,"column":42}},"loc":{"start":{"line":159,"column":44},"end":{"line":164,"column":5}}},"8":{"name":"(anonymous_18)","decl":{"start":{"line":167,"column":23},"end":{"line":167,"column":26}},"loc":{"start":{"line":167,"column":28},"end":{"line":196,"column":3}}},"9":{"name":"(anonymous_19)","decl":{"start":{"line":192,"column":19},"end":{"line":192,"column":22}},"loc":{"start":{"line":192,"column":24},"end":{"line":195,"column":5}}},"10":{"name":"(anonymous_20)","decl":{"start":{"line":198,"column":22},"end":{"line":198,"column":25}},"loc":{"start":{"line":198,"column":27},"end":{"line":226,"column":3}}},"11":{"name":"(anonymous_21)","decl":{"start":{"line":223,"column":21},"end":{"line":223,"column":24}},"loc":{"start":{"line":223,"column":26},"end":{"line":225,"column":5}}},"12":{"name":"(anonymous_22)","decl":{"start":{"line":228,"column":23},"end":{"line":228,"column":32}},"loc":{"start":{"line":228,"column":34},"end":{"line":236,"column":3}}},"13":{"name":"(anonymous_23)","decl":{"start":{"line":238,"column":24},"end":{"line":238,"column":27}},"loc":{"start":{"line":238,"column":29},"end":{"line":246,"column":3}}},"14":{"name":"(anonymous_24)","decl":{"start":{"line":248,"column":21},"end":{"line":248,"column":24}},"loc":{"start":{"line":248,"column":26},"end":{"line":269,"column":3}}},"15":{"name":"(anonymous_25)","decl":{"start":{"line":250,"column":35},"end":{"line":250,"column":36}},"loc":{"start":{"line":250,"column":42},"end":{"line":250,"column":50}}},"16":{"name":"(anonymous_26)","decl":{"start":{"line":272,"column":12},"end":{"line":272,"column":15}},"loc":{"start":{"line":272,"column":17},"end":{"line":278,"column":3}}},"17":{"name":"(anonymous_27)","decl":{"start":{"line":273,"column":11},"end":{"line":273,"column":14}},"loc":{"start":{"line":273,"column":16},"end":{"line":277,"column":5}}}},"branchMap":{"0":{"loc":{"start":{"line":73,"column":5},"end":{"line":74,"column":139}},"type":"binary-expr","locations":[{"start":{"line":73,"column":5},"end":{"line":73,"column":34}},{"start":{"line":74,"column":5},"end":{"line":74,"column":34}},{"start":{"line":74,"column":39},"end":{"line":74,"column":64}},{"start":{"line":74,"column":69},"end":{"line":74,"column":138}}]},"1":{"loc":{"start":{"line":79,"column":4},"end":{"line":79,"column":67}},"type":"if","locations":[{"start":{"line":79,"column":4},"end":{"line":79,"column":67}}]},"2":{"loc":{"start":{"line":91,"column":4},"end":{"line":95,"column":5}},"type":"if","locations":[{"start":{"line":91,"column":4},"end":{"line":95,"column":5}}]},"3":{"loc":{"start":{"line":97,"column":4},"end":{"line":107,"column":5}},"type":"if","locations":[{"start":{"line":97,"column":4},"end":{"line":107,"column":5}}]},"4":{"loc":{"start":{"line":203,"column":4},"end":{"line":206,"column":5}},"type":"if","locations":[{"start":{"line":203,"column":4},"end":{"line":206,"column":5}}]},"5":{"loc":{"start":{"line":232,"column":4},"end":{"line":234,"column":5}},"type":"if","locations":[{"start":{"line":232,"column":4},"end":{"line":234,"column":5}}]},"6":{"loc":{"start":{"line":232,"column":8},"end":{"line":232,"column":49}},"type":"binary-expr","locations":[{"start":{"line":232,"column":8},"end":{"line":232,"column":38}},{"start":{"line":232,"column":42},"end":{"line":232,"column":49}}]},"7":{"loc":{"start":{"line":239,"column":4},"end":{"line":245,"column":5}},"type":"if","locations":[{"start":{"line":239,"column":4},"end":{"line":245,"column":5}}]},"8":{"loc":{"start":{"line":241,"column":6},"end":{"line":243,"column":7}},"type":"if","locations":[{"start":{"line":241,"column":6},"end":{"line":243,"column":7}}]},"9":{"loc":{"start":{"line":241,"column":10},"end":{"line":241,"column":51}},"type":"binary-expr","locations":[{"start":{"line":241,"column":10},"end":{"line":241,"column":40}},{"start":{"line":241,"column":44},"end":{"line":241,"column":51}}]},"10":{"loc":{"start":{"line":249,"column":4},"end":{"line":268,"column":5}},"type":"if","locations":[{"start":{"line":249,"column":4},"end":{"line":268,"column":5}}]},"11":{"loc":{"start":{"line":252,"column":6},"end":{"line":252,"column":69}},"type":"if","locations":[{"start":{"line":252,"column":6},"end":{"line":252,"column":69}}]},"12":{"loc":{"start":{"line":256,"column":19},"end":{"line":256,"column":49}},"type":"binary-expr","locations":[{"start":{"line":256,"column":19},"end":{"line":256,"column":31}},{"start":{"line":256,"column":35},"end":{"line":256,"column":49}}]},"13":{"loc":{"start":{"line":264,"column":6},"end":{"line":267,"column":7}},"type":"if","locations":[{"start":{"line":264,"column":6},"end":{"line":267,"column":7}}]},"14":{"loc":{"start":{"line":280,"column":2},"end":{"line":280,"column":28}},"type":"if","locations":[{"start":{"line":280,"column":2},"end":{"line":280,"column":28}}]},"15":{"loc":{"start":{"line":282,"column":19},"end":{"line":282,"column":82}},"type":"cond-expr","locations":[{"start":{"line":282,"column":43},"end":{"line":282,"column":75}},{"start":{"line":282,"column":78},"end":{"line":282,"column":82}}]},"16":{"loc":{"start":{"line":283,"column":21},"end":{"line":283,"column":84}},"type":"cond-expr","locations":[{"start":{"line":283,"column":45},"end":{"line":283,"column":78}},{"start":{"line":283,"column":81},"end":{"line":283,"column":84}}]},"17":{"loc":{"start":{"line":289,"column":11},"end":{"line":325,"column":null}},"type":"binary-expr","locations":[{"start":{"line":289,"column":11},"end":{"line":289,"column":31}},{"start":{"line":290,"column":12},"end":{"line":324,"column":null}}]},"18":{"loc":{"start":{"line":314,"column":17},"end":{"line":314,"column":73}},"type":"cond-expr","locations":[{"start":{"line":314,"column":40},"end":{"line":314,"column":56}},{"start":{"line":314,"column":59},"end":{"line":314,"column":73}}]},"19":{"loc":{"start":{"line":328,"column":11},"end":{"line":380,"column":null}},"type":"binary-expr","locations":[{"start":{"line":328,"column":11},"end":{"line":328,"column":31}},{"start":{"line":328,"column":35},"end":{"line":328,"column":47}},{"start":{"line":329,"column":12},"end":{"line":379,"column":null}}]},"20":{"loc":{"start":{"line":357,"column":48},"end":{"line":357,"column":87}},"type":"binary-expr","locations":[{"start":{"line":357,"column":48},"end":{"line":357,"column":69}},{"start":{"line":357,"column":73},"end":{"line":357,"column":87}}]}},"s":{"0":0,"1":0,"2":0,"3":0,"4":0,"5":0,"6":0,"7":0,"8":0,"9":0,"10":0,"11":0,"12":0,"13":0,"14":0,"15":0,"16":0,"17":0,"18":0,"19":0,"20":0,"21":0,"22":0,"23":0,"24":0,"25":0,"26":0,"27":0,"28":0,"29":0,"30":0,"31":0,"32":0,"33":0,"34":0,"35":0,"36":0,"37":0,"38":0,"39":0,"40":0,"41":0,"42":0,"43":0,"44":0,"45":0,"46":0,"47":0,"48":0,"49":0,"50":0,"51":0,"52":0,"53":0,"54":0,"55":0,"56":0,"57":0,"58":0,"59":0,"60":0,"61":0,"62":0,"63":0,"64":0,"65":0,"66":0,"67":0,"68":0,"69":0,"70":0,"71":0,"72":0,"73":0,"74":0,"75":0,"76":0,"77":0,"78":0,"79":0,"80":0,"81":0,"82":0,"83":0,"84":0,"85":0,"86":0,"87":0,"88":0,"89":0,"90":0,"91":0,"92":0,"93":0,"94":0,"95":0,"96":0,"97":0,"98":0,"99":0,"100":0,"101":0,"102":0,"103":0,"104":0,"105":0,"106":0,"107":0,"108":0,"109":0,"110":0,"111":0,"112":0,"113":0,"114":0,"115":0,"116":0,"117":0,"118":0,"119":0,"120":0,"121":0,"122":0,"123":0,"124":0,"125":0,"126":0,"127":0,"128":0,"129":0,"130":0,"131":0,"132":0,"133":0,"134":0,"135":0,"136":0,"137":0,"138":0,"139":0,"140":0},"f":{"0":0,"1":0,"2":0,"3":0,"4":0,"5":0,"6":0,"7":0,"8":0,"9":0,"10":0,"11":0,"12":0,"13":0,"14":0,"15":0,"16":0,"17":0},"b":{"0":[0,0,0,0],"1":[0],"2":[0],"3":[0],"4":[0],"5":[0],"6":[0,0],"7":[0],"8":[0],"9":[0,0],"10":[0],"11":[0],"12":[0,0],"13":[0],"14":[0],"15":[0,0],"16":[0,0],"17":[0,0],"18":[0,0],"19":[0,0,0],"20":[0,0]}}
,"/root/rodrigo/idle_rpg/src/components/CombatantCard.tsx": {"path":"/root/rodrigo/idle_rpg/src/components/CombatantCard.tsx","statementMap":{"0":{"start":{"line":1,"column":0},"end":{"line":1,"column":59}},"1":{"start":{"line":2,"column":0},"end":{"line":2,"column":89}},"2":{"start":{"line":3,"column":0},"end":{"line":3,"column":33}},"3":{"start":{"line":4,"column":0},"end":{"line":4,"column":48}},"4":{"start":{"line":5,"column":0},"end":{"line":5,"column":57}},"5":{"start":{"line":6,"column":0},"end":{"line":6,"column":33}},"6":{"start":{"line":24,"column":59},"end":{"line":167,"column":1}},"7":{"start":{"line":39,"column":16},"end":{"line":39,"column":65}},"8":{"start":{"line":41,"column":17},"end":{"line":41,"column":58}},"9":{"start":{"line":42,"column":18},"end":{"line":42,"column":55}},"10":{"start":{"line":43,"column":20},"end":{"line":43,"column":70}},"11":{"start":{"line":44,"column":32},"end":{"line":44,"column":61}},"12":{"start":{"line":45,"column":18},"end":{"line":45,"column":55}},"13":{"start":{"line":46,"column":44},"end":{"line":46,"column":59}},"14":{"start":{"line":49,"column":2},"end":{"line":57,"column":26}},"15":{"start":{"line":50,"column":15},"end":{"line":50,"column":64}},"16":{"start":{"line":51,"column":4},"end":{"line":56,"column":15}},"17":{"start":{"line":60,"column":2},"end":{"line":102,"column":31}},"18":{"start":{"line":62,"column":6},"end":{"line":62,"column":30}},"19":{"start":{"line":62,"column":23},"end":{"line":62,"column":30}},"20":{"start":{"line":64,"column":6},"end":{"line":64,"column":26}},"21":{"start":{"line":66,"column":6},"end":{"line":78,"column":7}},"22":{"start":{"line":67,"column":8},"end":{"line":67,"column":60}},"23":{"start":{"line":68,"column":8},"end":{"line":68,"column":28}},"24":{"start":{"line":69,"column":8},"end":{"line":77,"column":11}},"25":{"start":{"line":75,"column":10},"end":{"line":75,"column":27}},"26":{"start":{"line":76,"column":10},"end":{"line":76,"column":30}},"27":{"start":{"line":79,"column":6},"end":{"line":82,"column":17}},"28":{"start":{"line":85,"column":6},"end":{"line":85,"column":30}},"29":{"start":{"line":85,"column":23},"end":{"line":85,"column":30}},"30":{"start":{"line":86,"column":6},"end":{"line":86,"column":95}},"31":{"start":{"line":89,"column":6},"end":{"line":89,"column":30}},"32":{"start":{"line":89,"column":23},"end":{"line":89,"column":30}},"33":{"start":{"line":90,"column":6},"end":{"line":90,"column":29}},"34":{"start":{"line":91,"column":16},"end":{"line":91,"column":33}},"35":{"start":{"line":92,"column":6},"end":{"line":92,"column":51}},"36":{"start":{"line":92,"column":23},"end":{"line":92,"column":46}},"37":{"start":{"line":94,"column":21},"end":{"line":94,"column":56}},"38":{"start":{"line":95,"column":23},"end":{"line":95,"column":62}},"39":{"start":{"line":96,"column":24},"end":{"line":96,"column":65}},"40":{"start":{"line":97,"column":4},"end":{"line":101,"column":6}},"41":{"start":{"line":98,"column":6},"end":{"line":98,"column":17}},"42":{"start":{"line":99,"column":6},"end":{"line":99,"column":19}},"43":{"start":{"line":100,"column":6},"end":{"line":100,"column":20}},"44":{"start":{"line":105,"column":21},"end":{"line":105,"column":94}},"45":{"start":{"line":106,"column":25},"end":{"line":106,"column":99}},"46":{"start":{"line":107,"column":16},"end":{"line":107,"column":84}},"47":{"start":{"line":108,"column":18},"end":{"line":108,"column":89}},"48":{"start":{"line":109,"column":23},"end":{"line":109,"column":89}},"49":{"start":{"line":110,"column":21},"end":{"line":110,"column":101}},"50":{"start":{"line":111,"column":22},"end":{"line":111,"column":43}},"51":{"start":{"line":113,"column":2},"end":{"line":166,"column":4}},"52":{"start":{"line":24,"column":13},"end":{"line":24,"column":59}},"53":{"start":{"line":169,"column":15},"end":{"line":279,"column":2}}},"fnMap":{"0":{"name":"(anonymous_9)","decl":{"start":{"line":24,"column":59},"end":{"line":24,"column":60}},"loc":{"start":{"line":38,"column":5},"end":{"line":167,"column":1}}},"1":{"name":"(anonymous_10)","decl":{"start":{"line":49,"column":12},"end":{"line":49,"column":15}},"loc":{"start":{"line":49,"column":17},"end":{"line":57,"column":3}}},"2":{"name":"(anonymous_11)","decl":{"start":{"line":60,"column":12},"end":{"line":60,"column":15}},"loc":{"start":{"line":60,"column":17},"end":{"line":102,"column":3}}},"3":{"name":"onHit","decl":{"start":{"line":61,"column":13},"end":{"line":61,"column":18}},"loc":{"start":{"line":61,"column":52},"end":{"line":83,"column":5}}},"4":{"name":"(anonymous_13)","decl":{"start":{"line":74,"column":17},"end":{"line":74,"column":20}},"loc":{"start":{"line":74,"column":22},"end":{"line":77,"column":9}}},"5":{"name":"onDeath","decl":{"start":{"line":84,"column":13},"end":{"line":84,"column":20}},"loc":{"start":{"line":84,"column":38},"end":{"line":87,"column":5}}},"6":{"name":"onTarget","decl":{"start":{"line":88,"column":13},"end":{"line":88,"column":21}},"loc":{"start":{"line":88,"column":58},"end":{"line":93,"column":5}}},"7":{"name":"(anonymous_16)","decl":{"start":{"line":92,"column":17},"end":{"line":92,"column":20}},"loc":{"start":{"line":92,"column":23},"end":{"line":92,"column":46}}},"8":{"name":"(anonymous_17)","decl":{"start":{"line":97,"column":11},"end":{"line":97,"column":14}},"loc":{"start":{"line":97,"column":16},"end":{"line":101,"column":5}}}},"branchMap":{"0":{"loc":{"start":{"line":36,"column":2},"end":{"line":36,"column":16}},"type":"default-arg","locations":[{"start":{"line":36,"column":10},"end":{"line":36,"column":16}}]},"1":{"loc":{"start":{"line":37,"column":2},"end":{"line":37,"column":21}},"type":"default-arg","locations":[{"start":{"line":37,"column":16},"end":{"line":37,"column":21}}]},"2":{"loc":{"start":{"line":43,"column":46},"end":{"line":43,"column":60}},"type":"cond-expr","locations":[{"start":{"line":43,"column":55},"end":{"line":43,"column":56}},{"start":{"line":43,"column":59},"end":{"line":43,"column":60}}]},"3":{"loc":{"start":{"line":62,"column":6},"end":{"line":62,"column":30}},"type":"if","locations":[{"start":{"line":62,"column":6},"end":{"line":62,"column":30}}]},"4":{"loc":{"start":{"line":66,"column":6},"end":{"line":78,"column":7}},"type":"if","locations":[{"start":{"line":66,"column":6},"end":{"line":78,"column":7}}]},"5":{"loc":{"start":{"line":66,"column":10},"end":{"line":66,"column":53}},"type":"binary-expr","locations":[{"start":{"line":66,"column":10},"end":{"line":66,"column":32}},{"start":{"line":66,"column":36},"end":{"line":66,"column":53}}]},"6":{"loc":{"start":{"line":67,"column":22},"end":{"line":67,"column":45}},"type":"cond-expr","locations":[{"start":{"line":67,"column":37},"end":{"line":67,"column":40}},{"start":{"line":67,"column":43},"end":{"line":67,"column":45}}]},"7":{"loc":{"start":{"line":85,"column":6},"end":{"line":85,"column":30}},"type":"if","locations":[{"start":{"line":85,"column":6},"end":{"line":85,"column":30}}]},"8":{"loc":{"start":{"line":89,"column":6},"end":{"line":89,"column":30}},"type":"if","locations":[{"start":{"line":89,"column":6},"end":{"line":89,"column":30}}]},"9":{"loc":{"start":{"line":91,"column":16},"end":{"line":91,"column":33}},"type":"binary-expr","locations":[{"start":{"line":91,"column":16},"end":{"line":91,"column":26}},{"start":{"line":91,"column":30},"end":{"line":91,"column":33}}]},"10":{"loc":{"start":{"line":111,"column":22},"end":{"line":111,"column":43}},"type":"cond-expr","locations":[{"start":{"line":111,"column":38},"end":{"line":111,"column":39}},{"start":{"line":111,"column":42},"end":{"line":111,"column":43}}]},"11":{"loc":{"start":{"line":117,"column":8},"end":{"line":117,"column":64}},"type":"cond-expr","locations":[{"start":{"line":117,"column":41},"end":{"line":117,"column":57}},{"start":{"line":117,"column":60},"end":{"line":117,"column":64}}]},"12":{"loc":{"start":{"line":117,"column":9},"end":{"line":117,"column":37}},"type":"binary-expr","locations":[{"start":{"line":117,"column":9},"end":{"line":117,"column":20}},{"start":{"line":117,"column":24},"end":{"line":117,"column":37}}]},"13":{"loc":{"start":{"line":118,"column":8},"end":{"line":118,"column":64}},"type":"cond-expr","locations":[{"start":{"line":118,"column":28},"end":{"line":118,"column":45}},{"start":{"line":118,"column":48},"end":{"line":118,"column":64}}]},"14":{"loc":{"start":{"line":122,"column":7},"end":{"line":122,"column":85}},"type":"cond-expr","locations":[{"start":{"line":122,"column":19},"end":{"line":122,"column":78}},{"start":{"line":122,"column":81},"end":{"line":122,"column":85}}]},"15":{"loc":{"start":{"line":131,"column":85},"end":{"line":131,"column":174}},"type":"cond-expr","locations":[{"start":{"line":131,"column":99},"end":{"line":131,"column":118}},{"start":{"line":131,"column":121},"end":{"line":131,"column":174}}]},"16":{"loc":{"start":{"line":131,"column":121},"end":{"line":131,"column":174}},"type":"cond-expr","locations":[{"start":{"line":131,"column":135},"end":{"line":131,"column":153}},{"start":{"line":131,"column":156},"end":{"line":131,"column":174}}]},"17":{"loc":{"start":{"line":136,"column":11},"end":{"line":138,"column":18}},"type":"cond-expr","locations":[{"start":{"line":137,"column":12},"end":{"line":137,"column":172}},{"start":{"line":138,"column":14},"end":{"line":138,"column":18}}]},"18":{"loc":{"start":{"line":139,"column":11},"end":{"line":141,"column":18}},"type":"cond-expr","locations":[{"start":{"line":140,"column":12},"end":{"line":140,"column":170}},{"start":{"line":141,"column":14},"end":{"line":141,"column":18}}]},"19":{"loc":{"start":{"line":142,"column":11},"end":{"line":144,"column":18}},"type":"cond-expr","locations":[{"start":{"line":143,"column":12},"end":{"line":143,"column":176}},{"start":{"line":144,"column":14},"end":{"line":144,"column":18}}]},"20":{"loc":{"start":{"line":145,"column":11},"end":{"line":145,"column":105}},"type":"cond-expr","locations":[{"start":{"line":145,"column":24},"end":{"line":145,"column":98}},{"start":{"line":145,"column":101},"end":{"line":145,"column":105}}]},"21":{"loc":{"start":{"line":145,"column":55},"end":{"line":145,"column":90}},"type":"cond-expr","locations":[{"start":{"line":145,"column":81},"end":{"line":145,"column":84}},{"start":{"line":145,"column":87},"end":{"line":145,"column":90}}]},"22":{"loc":{"start":{"line":151,"column":7},"end":{"line":164,"column":14}},"type":"cond-expr","locations":[{"start":{"line":152,"column":8},"end":{"line":162,"column":null}},{"start":{"line":164,"column":10},"end":{"line":164,"column":14}}]}},"s":{"0":0,"1":0,"2":0,"3":0,"4":0,"5":0,"6":0,"7":0,"8":0,"9":0,"10":0,"11":0,"12":0,"13":0,"14":0,"15":0,"16":0,"17":0,"18":0,"19":0,"20":0,"21":0,"22":0,"23":0,"24":0,"25":0,"26":0,"27":0,"28":0,"29":0,"30":0,"31":0,"32":0,"33":0,"34":0,"35":0,"36":0,"37":0,"38":0,"39":0,"40":0,"41":0,"42":0,"43":0,"44":0,"45":0,"46":0,"47":0,"48":0,"49":0,"50":0,"51":0,"52":0,"53":0},"f":{"0":0,"1":0,"2":0,"3":0,"4":0,"5":0,"6":0,"7":0,"8":0},"b":{"0":[0],"1":[0],"2":[0,0],"3":[0],"4":[0],"5":[0,0],"6":[0,0],"7":[0],"8":[0],"9":[0,0],"10":[0,0],"11":[0,0],"12":[0,0],"13":[0,0],"14":[0,0],"15":[0,0],"16":[0,0],"17":[0,0],"18":[0,0],"19":[0,0],"20":[0,0],"21":[0,0],"22":[0,0]}}
,"/root/rodrigo/idle_rpg/src/components/FeedbackLayer.tsx": {"path":"/root/rodrigo/idle_rpg/src/components/FeedbackLayer.tsx","statementMap":{"0":{"start":{"line":21,"column":0},"end":{"line":21,"column":16}},"1":{"start":{"line":1,"column":0},"end":{"line":1,"column":59}},"2":{"start":{"line":2,"column":0},"end":{"line":2,"column":94}},"3":{"start":{"line":3,"column":0},"end":{"line":3,"column":59}},"4":{"start":{"line":4,"column":0},"end":{"line":4,"column":33}},"5":{"start":{"line":5,"column":0},"end":{"line":5,"column":59}},"6":{"start":{"line":7,"column":18},"end":{"line":7,"column":42}},"7":{"start":{"line":22,"column":30},"end":{"line":22,"column":55}},"8":{"start":{"line":23,"column":30},"end":{"line":23,"column":55}},"9":{"start":{"line":25,"column":2},"end":{"line":42,"column":9}},"10":{"start":{"line":26,"column":23},"end":{"line":30,"column":6}},"11":{"start":{"line":27,"column":17},"end":{"line":27,"column":49}},"12":{"start":{"line":28,"column":6},"end":{"line":28,"column":91}},"13":{"start":{"line":28,"column":23},"end":{"line":28,"column":89}},"14":{"start":{"line":29,"column":6},"end":{"line":29,"column":77}},"15":{"start":{"line":29,"column":23},"end":{"line":29,"column":69}},"16":{"start":{"line":29,"column":40},"end":{"line":29,"column":68}},"17":{"start":{"line":29,"column":56},"end":{"line":29,"column":67}},"18":{"start":{"line":32,"column":23},"end":{"line":36,"column":6}},"19":{"start":{"line":33,"column":17},"end":{"line":33,"column":49}},"20":{"start":{"line":34,"column":6},"end":{"line":34,"column":79}},"21":{"start":{"line":34,"column":23},"end":{"line":34,"column":77}},"22":{"start":{"line":35,"column":6},"end":{"line":35,"column":77}},"23":{"start":{"line":35,"column":23},"end":{"line":35,"column":69}},"24":{"start":{"line":35,"column":40},"end":{"line":35,"column":68}},"25":{"start":{"line":35,"column":56},"end":{"line":35,"column":67}},"26":{"start":{"line":38,"column":4},"end":{"line":41,"column":6}},"27":{"start":{"line":39,"column":6},"end":{"line":39,"column":19}},"28":{"start":{"line":40,"column":6},"end":{"line":40,"column":19}},"29":{"start":{"line":44,"column":2},"end":{"line":60,"column":4}},"30":{"start":{"line":49,"column":10},"end":{"line":49,"column":79}},"31":{"start":{"line":56,"column":10},"end":{"line":56,"column":70}},"32":{"start":{"line":64,"column":15},"end":{"line":64,"column":52}},"33":{"start":{"line":66,"column":2},"end":{"line":74,"column":9}},"34":{"start":{"line":67,"column":18},"end":{"line":67,"column":39}},"35":{"start":{"line":68,"column":4},"end":{"line":73,"column":15}},"36":{"start":{"line":76,"column":21},"end":{"line":79,"column":4}},"37":{"start":{"line":81,"column":16},"end":{"line":84,"column":4}},"38":{"start":{"line":86,"column":18},"end":{"line":89,"column":4}},"39":{"start":{"line":91,"column":2},"end":{"line":95,"column":4}},"40":{"start":{"line":99,"column":15},"end":{"line":99,"column":52}},"41":{"start":{"line":101,"column":2},"end":{"line":118,"column":9}},"42":{"start":{"line":102,"column":18},"end":{"line":102,"column":39}},"43":{"start":{"line":103,"column":4},"end":{"line":117,"column":15}},"44":{"start":{"line":120,"column":21},"end":{"line":123,"column":4}},"45":{"start":{"line":125,"column":29},"end":{"line":131,"column":3}},"46":{"start":{"line":126,"column":4},"end":{"line":130,"column":5}},"47":{"start":{"line":127,"column":22},"end":{"line":127,"column":56}},"48":{"start":{"line":128,"column":20},"end":{"line":128,"column":47}},"49":{"start":{"line":129,"column":15},"end":{"line":129,"column":41}},"50":{"start":{"line":133,"column":2},"end":{"line":140,"column":4}},"51":{"start":{"line":143,"column":15},"end":{"line":188,"column":2}}},"fnMap":{"0":{"name":"FeedbackLayer","decl":{"start":{"line":21,"column":16},"end":{"line":21,"column":29}},"loc":{"start":{"line":21,"column":29},"end":{"line":61,"column":1}}},"1":{"name":"(anonymous_10)","decl":{"start":{"line":25,"column":12},"end":{"line":25,"column":15}},"loc":{"start":{"line":25,"column":17},"end":{"line":42,"column":3}}},"2":{"name":"(anonymous_11)","decl":{"start":{"line":26,"column":49},"end":{"line":26,"column":50}},"loc":{"start":{"line":26,"column":61},"end":{"line":30,"column":5}}},"3":{"name":"(anonymous_12)","decl":{"start":{"line":28,"column":16},"end":{"line":28,"column":17}},"loc":{"start":{"line":28,"column":23},"end":{"line":28,"column":89}}},"4":{"name":"(anonymous_13)","decl":{"start":{"line":29,"column":17},"end":{"line":29,"column":20}},"loc":{"start":{"line":29,"column":23},"end":{"line":29,"column":69}}},"5":{"name":"(anonymous_14)","decl":{"start":{"line":29,"column":33},"end":{"line":29,"column":34}},"loc":{"start":{"line":29,"column":40},"end":{"line":29,"column":68}}},"6":{"name":"(anonymous_15)","decl":{"start":{"line":29,"column":49},"end":{"line":29,"column":50}},"loc":{"start":{"line":29,"column":56},"end":{"line":29,"column":67}}},"7":{"name":"(anonymous_16)","decl":{"start":{"line":32,"column":49},"end":{"line":32,"column":50}},"loc":{"start":{"line":32,"column":61},"end":{"line":36,"column":5}}},"8":{"name":"(anonymous_17)","decl":{"start":{"line":34,"column":16},"end":{"line":34,"column":17}},"loc":{"start":{"line":34,"column":23},"end":{"line":34,"column":77}}},"9":{"name":"(anonymous_18)","decl":{"start":{"line":35,"column":17},"end":{"line":35,"column":20}},"loc":{"start":{"line":35,"column":23},"end":{"line":35,"column":69}}},"10":{"name":"(anonymous_19)","decl":{"start":{"line":35,"column":33},"end":{"line":35,"column":34}},"loc":{"start":{"line":35,"column":40},"end":{"line":35,"column":68}}},"11":{"name":"(anonymous_20)","decl":{"start":{"line":35,"column":49},"end":{"line":35,"column":50}},"loc":{"start":{"line":35,"column":56},"end":{"line":35,"column":67}}},"12":{"name":"(anonymous_21)","decl":{"start":{"line":38,"column":11},"end":{"line":38,"column":14}},"loc":{"start":{"line":38,"column":16},"end":{"line":41,"column":5}}},"13":{"name":"(anonymous_22)","decl":{"start":{"line":48,"column":20},"end":{"line":48,"column":21}},"loc":{"start":{"line":49,"column":10},"end":{"line":49,"column":79}}},"14":{"name":"(anonymous_23)","decl":{"start":{"line":55,"column":20},"end":{"line":55,"column":21}},"loc":{"start":{"line":56,"column":10},"end":{"line":56,"column":70}}},"15":{"name":"FloatingNumber","decl":{"start":{"line":63,"column":9},"end":{"line":63,"column":23}},"loc":{"start":{"line":63,"column":95},"end":{"line":96,"column":1}}},"16":{"name":"(anonymous_25)","decl":{"start":{"line":66,"column":12},"end":{"line":66,"column":15}},"loc":{"start":{"line":66,"column":17},"end":{"line":74,"column":3}}},"17":{"name":"ToastNotification","decl":{"start":{"line":98,"column":9},"end":{"line":98,"column":26}},"loc":{"start":{"line":98,"column":83},"end":{"line":141,"column":1}}},"18":{"name":"(anonymous_27)","decl":{"start":{"line":101,"column":12},"end":{"line":101,"column":15}},"loc":{"start":{"line":101,"column":17},"end":{"line":118,"column":3}}},"19":{"name":"(anonymous_28)","decl":{"start":{"line":125,"column":29},"end":{"line":125,"column":32}},"loc":{"start":{"line":125,"column":34},"end":{"line":131,"column":3}}}},"branchMap":{"0":{"loc":{"start":{"line":93,"column":38},"end":{"line":93,"column":62}},"type":"cond-expr","locations":[{"start":{"line":93,"column":46},"end":{"line":93,"column":55}},{"start":{"line":93,"column":58},"end":{"line":93,"column":62}}]},"1":{"loc":{"start":{"line":98,"column":35},"end":{"line":98,"column":48}},"type":"default-arg","locations":[{"start":{"line":98,"column":42},"end":{"line":98,"column":48}}]},"2":{"loc":{"start":{"line":126,"column":4},"end":{"line":130,"column":5}},"type":"switch","locations":[{"start":{"line":127,"column":6},"end":{"line":127,"column":56}},{"start":{"line":128,"column":6},"end":{"line":128,"column":47}},{"start":{"line":129,"column":6},"end":{"line":129,"column":41}}]}},"s":{"0":0,"1":0,"2":0,"3":0,"4":0,"5":0,"6":0,"7":0,"8":0,"9":0,"10":0,"11":0,"12":0,"13":0,"14":0,"15":0,"16":0,"17":0,"18":0,"19":0,"20":0,"21":0,"22":0,"23":0,"24":0,"25":0,"26":0,"27":0,"28":0,"29":0,"30":0,"31":0,"32":0,"33":0,"34":0,"35":0,"36":0,"37":0,"38":0,"39":0,"40":0,"41":0,"42":0,"43":0,"44":0,"45":0,"46":0,"47":0,"48":0,"49":0,"50":0,"51":0},"f":{"0":0,"1":0,"2":0,"3":0,"4":0,"5":0,"6":0,"7":0,"8":0,"9":0,"10":0,"11":0,"12":0,"13":0,"14":0,"15":0,"16":0,"17":0,"18":0,"19":0},"b":{"0":[0,0],"1":[0],"2":[0,0,0]}}
,"/root/rodrigo/idle_rpg/src/components/GoldDisplay.tsx": {"path":"/root/rodrigo/idle_rpg/src/components/GoldDisplay.tsx","statementMap":{"0":{"start":{"line":1,"column":0},"end":{"line":1,"column":46}},"1":{"start":{"line":4,"column":13},"end":{"line":4,"column":40}}},"fnMap":{},"branchMap":{},"s":{"0":0,"1":0},"f":{},"b":{}}
,"/root/rodrigo/idle_rpg/src/components/GuildEmptyState.tsx": {"path":"/root/rodrigo/idle_rpg/src/components/GuildEmptyState.tsx","statementMap":{"0":{"start":{"line":4,"column":0},"end":{"line":4,"column":16}},"1":{"start":{"line":1,"column":0},"end":{"line":1,"column":26}},"2":{"start":{"line":2,"column":0},"end":{"line":2,"column":45}},"3":{"start":{"line":5,"column":2},"end":{"line":11,"column":4}}},"fnMap":{"0":{"name":"GuildEmptyState","decl":{"start":{"line":4,"column":16},"end":{"line":4,"column":31}},"loc":{"start":{"line":4,"column":31},"end":{"line":12,"column":1}}}},"branchMap":{},"s":{"0":0,"1":0,"2":0,"3":0},"f":{"0":0},"b":{}}
,"/root/rodrigo/idle_rpg/src/components/HPBar.tsx": {"path":"/root/rodrigo/idle_rpg/src/components/HPBar.tsx","statementMap":{"0":{"start":{"line":12,"column":0},"end":{"line":12,"column":16}},"1":{"start":{"line":1,"column":0},"end":{"line":1,"column":26}},"2":{"start":{"line":2,"column":0},"end":{"line":2,"column":54}},"3":{"start":{"line":3,"column":0},"end":{"line":3,"column":33}},"4":{"start":{"line":4,"column":0},"end":{"line":4,"column":48}},"5":{"start":{"line":13,"column":21},"end":{"line":13,"column":95}},"6":{"start":{"line":15,"column":22},"end":{"line":20,"column":3}},"7":{"start":{"line":16,"column":18},"end":{"line":16,"column":44}},"8":{"start":{"line":17,"column":4},"end":{"line":17,"column":48}},"9":{"start":{"line":17,"column":21},"end":{"line":17,"column":48}},"10":{"start":{"line":18,"column":4},"end":{"line":18,"column":47}},"11":{"start":{"line":18,"column":21},"end":{"line":18,"column":47}},"12":{"start":{"line":19,"column":4},"end":{"line":19,"column":30}},"13":{"start":{"line":22,"column":2},"end":{"line":41,"column":4}},"14":{"start":{"line":44,"column":15},"end":{"line":69,"column":2}}},"fnMap":{"0":{"name":"HPBar","decl":{"start":{"line":12,"column":16},"end":{"line":12,"column":21}},"loc":{"start":{"line":12,"column":67},"end":{"line":42,"column":1}}},"1":{"name":"(anonymous_2)","decl":{"start":{"line":15,"column":22},"end":{"line":15,"column":25}},"loc":{"start":{"line":15,"column":27},"end":{"line":20,"column":3}}}},"branchMap":{"0":{"loc":{"start":{"line":12,"column":38},"end":{"line":12,"column":53}},"type":"default-arg","locations":[{"start":{"line":12,"column":49},"end":{"line":12,"column":53}}]},"1":{"loc":{"start":{"line":17,"column":4},"end":{"line":17,"column":48}},"type":"if","locations":[{"start":{"line":17,"column":4},"end":{"line":17,"column":48}}]},"2":{"loc":{"start":{"line":18,"column":4},"end":{"line":18,"column":47}},"type":"if","locations":[{"start":{"line":18,"column":4},"end":{"line":18,"column":47}}]},"3":{"loc":{"start":{"line":34,"column":9},"end":{"line":37,"column":null}},"type":"binary-expr","locations":[{"start":{"line":34,"column":9},"end":{"line":34,"column":17}},{"start":{"line":35,"column":10},"end":{"line":36,"column":null}}]}},"s":{"0":1,"1":1,"2":1,"3":1,"4":1,"5":3,"6":3,"7":3,"8":3,"9":3,"10":0,"11":0,"12":0,"13":3,"14":1},"f":{"0":3,"1":3},"b":{"0":[3],"1":[3],"2":[0],"3":[3,3]}}
,"/root/rodrigo/idle_rpg/src/components/HeroCard.tsx": {"path":"/root/rodrigo/idle_rpg/src/components/HeroCard.tsx","statementMap":{"0":{"start":{"line":44,"column":0},"end":{"line":44,"column":16}},"1":{"start":{"line":1,"column":0},"end":{"line":1,"column":26}},"2":{"start":{"line":2,"column":0},"end":{"line":2,"column":82}},"3":{"start":{"line":3,"column":0},"end":{"line":3,"column":42}},"4":{"start":{"line":4,"column":0},"end":{"line":4,"column":33}},"5":{"start":{"line":6,"column":0},"end":{"line":6,"column":42}},"6":{"start":{"line":7,"column":0},"end":{"line":7,"column":56}},"7":{"start":{"line":8,"column":0},"end":{"line":8,"column":107}},"8":{"start":{"line":9,"column":0},"end":{"line":9,"column":50}},"9":{"start":{"line":10,"column":0},"end":{"line":10,"column":59}},"10":{"start":{"line":11,"column":0},"end":{"line":11,"column":43}},"11":{"start":{"line":12,"column":0},"end":{"line":12,"column":32}},"12":{"start":{"line":13,"column":0},"end":{"line":13,"column":43}},"13":{"start":{"line":14,"column":0},"end":{"line":14,"column":33}},"14":{"start":{"line":35,"column":76},"end":{"line":42,"column":2}},"15":{"start":{"line":54,"column":20},"end":{"line":54,"column":29}},"16":{"start":{"line":55,"column":20},"end":{"line":55,"column":41}},"17":{"start":{"line":56,"column":28},"end":{"line":58,"column":20}},"18":{"start":{"line":57,"column":17},"end":{"line":57,"column":53}},"19":{"start":{"line":57,"column":40},"end":{"line":57,"column":52}},"20":{"start":{"line":60,"column":2},"end":{"line":88,"column":3}},"21":{"start":{"line":61,"column":4},"end":{"line":87,"column":6}},"22":{"start":{"line":65,"column":23},"end":{"line":65,"column":42}},"23":{"start":{"line":90,"column":43},"end":{"line":124,"column":8}},"24":{"start":{"line":92,"column":25},"end":{"line":92,"column":62}},"25":{"start":{"line":93,"column":8},"end":{"line":122,"column":10}},"26":{"start":{"line":99,"column":27},"end":{"line":99,"column":77}},"27":{"start":{"line":106,"column":27},"end":{"line":106,"column":78}},"28":{"start":{"line":113,"column":27},"end":{"line":113,"column":77}},"29":{"start":{"line":120,"column":27},"end":{"line":120,"column":73}},"30":{"start":{"line":126,"column":26},"end":{"line":126,"column":71}},"31":{"start":{"line":128,"column":31},"end":{"line":132,"column":3}},"32":{"start":{"line":129,"column":23},"end":{"line":129,"column":96}},"33":{"start":{"line":130,"column":18},"end":{"line":130,"column":52}},"34":{"start":{"line":131,"column":4},"end":{"line":131,"column":91}},"35":{"start":{"line":135,"column":4},"end":{"line":235,"column":null}},"36":{"start":{"line":194,"column":12},"end":{"line":195,"column":null}},"37":{"start":{"line":225,"column":10},"end":{"line":231,"column":null}},"38":{"start":{"line":239,"column":2},"end":{"line":245,"column":3}},"39":{"start":{"line":240,"column":4},"end":{"line":244,"column":6}},"40":{"start":{"line":241,"column":59},"end":{"line":241,"column":72}},"41":{"start":{"line":247,"column":2},"end":{"line":247,"column":21}},"42":{"start":{"line":250,"column":15},"end":{"line":412,"column":2}}},"fnMap":{"0":{"name":"HeroCard","decl":{"start":{"line":44,"column":16},"end":{"line":44,"column":24}},"loc":{"start":{"line":53,"column":16},"end":{"line":248,"column":1}}},"1":{"name":"(anonymous_2)","decl":{"start":{"line":57,"column":9},"end":{"line":57,"column":10}},"loc":{"start":{"line":57,"column":17},"end":{"line":57,"column":53}}},"2":{"name":"(anonymous_3)","decl":{"start":{"line":57,"column":32},"end":{"line":57,"column":33}},"loc":{"start":{"line":57,"column":40},"end":{"line":57,"column":52}}},"3":{"name":"(anonymous_4)","decl":{"start":{"line":65,"column":17},"end":{"line":65,"column":20}},"loc":{"start":{"line":65,"column":23},"end":{"line":65,"column":42}}},"4":{"name":"(anonymous_5)","decl":{"start":{"line":91,"column":7},"end":{"line":91,"column":10}},"loc":{"start":{"line":91,"column":12},"end":{"line":123,"column":7}}},"5":{"name":"(anonymous_6)","decl":{"start":{"line":99,"column":21},"end":{"line":99,"column":24}},"loc":{"start":{"line":99,"column":27},"end":{"line":99,"column":77}}},"6":{"name":"(anonymous_7)","decl":{"start":{"line":106,"column":21},"end":{"line":106,"column":24}},"loc":{"start":{"line":106,"column":27},"end":{"line":106,"column":78}}},"7":{"name":"(anonymous_8)","decl":{"start":{"line":113,"column":21},"end":{"line":113,"column":24}},"loc":{"start":{"line":113,"column":27},"end":{"line":113,"column":77}}},"8":{"name":"(anonymous_9)","decl":{"start":{"line":120,"column":21},"end":{"line":120,"column":24}},"loc":{"start":{"line":120,"column":27},"end":{"line":120,"column":73}}},"9":{"name":"(anonymous_10)","decl":{"start":{"line":128,"column":31},"end":{"line":128,"column":32}},"loc":{"start":{"line":128,"column":64},"end":{"line":132,"column":3}}},"10":{"name":"(anonymous_11)","decl":{"start":{"line":193,"column":33},"end":{"line":193,"column":34}},"loc":{"start":{"line":194,"column":12},"end":{"line":195,"column":null}}},"11":{"name":"(anonymous_12)","decl":{"start":{"line":224,"column":29},"end":{"line":224,"column":30}},"loc":{"start":{"line":225,"column":10},"end":{"line":231,"column":null}}},"12":{"name":"(anonymous_13)","decl":{"start":{"line":241,"column":53},"end":{"line":241,"column":56}},"loc":{"start":{"line":241,"column":59},"end":{"line":241,"column":72}}}},"branchMap":{"0":{"loc":{"start":{"line":46,"column":2},"end":{"line":46,"column":22}},"type":"default-arg","locations":[{"start":{"line":46,"column":12},"end":{"line":46,"column":22}}]},"1":{"loc":{"start":{"line":47,"column":2},"end":{"line":47,"column":14}},"type":"default-arg","locations":[{"start":{"line":47,"column":12},"end":{"line":47,"column":14}}]},"2":{"loc":{"start":{"line":48,"column":2},"end":{"line":48,"column":18}},"type":"default-arg","locations":[{"start":{"line":48,"column":13},"end":{"line":48,"column":18}}]},"3":{"loc":{"start":{"line":49,"column":2},"end":{"line":49,"column":27}},"type":"default-arg","locations":[{"start":{"line":49,"column":23},"end":{"line":49,"column":27}}]},"4":{"loc":{"start":{"line":55,"column":20},"end":{"line":55,"column":41}},"type":"binary-expr","locations":[{"start":{"line":55,"column":20},"end":{"line":55,"column":35}},{"start":{"line":55,"column":39},"end":{"line":55,"column":41}}]},"5":{"loc":{"start":{"line":56,"column":29},"end":{"line":56,"column":53}},"type":"binary-expr","locations":[{"start":{"line":56,"column":29},"end":{"line":56,"column":47}},{"start":{"line":56,"column":51},"end":{"line":56,"column":53}}]},"6":{"loc":{"start":{"line":60,"column":2},"end":{"line":88,"column":3}},"type":"if","locations":[{"start":{"line":60,"column":2},"end":{"line":88,"column":3}}]},"7":{"loc":{"start":{"line":69,"column":39},"end":{"line":69,"column":71}},"type":"cond-expr","locations":[{"start":{"line":69,"column":50},"end":{"line":69,"column":64}},{"start":{"line":69,"column":67},"end":{"line":69,"column":71}}]},"8":{"loc":{"start":{"line":70,"column":11},"end":{"line":70,"column":68}},"type":"cond-expr","locations":[{"start":{"line":70,"column":22},"end":{"line":70,"column":61}},{"start":{"line":70,"column":64},"end":{"line":70,"column":68}}]},"9":{"loc":{"start":{"line":75,"column":13},"end":{"line":75,"column":85}},"type":"binary-expr","locations":[{"start":{"line":75,"column":13},"end":{"line":75,"column":79}},{"start":{"line":75,"column":83},"end":{"line":75,"column":85}}]},"10":{"loc":{"start":{"line":75,"column":14},"end":{"line":75,"column":65}},"type":"cond-expr","locations":[{"start":{"line":75,"column":29},"end":{"line":75,"column":53}},{"start":{"line":75,"column":56},"end":{"line":75,"column":65}}]},"11":{"loc":{"start":{"line":76,"column":13},"end":{"line":76,"column":164}},"type":"cond-expr","locations":[{"start":{"line":76,"column":67},"end":{"line":76,"column":159}},{"start":{"line":76,"column":162},"end":{"line":76,"column":164}}]},"12":{"loc":{"start":{"line":76,"column":13},"end":{"line":76,"column":64}},"type":"binary-expr","locations":[{"start":{"line":76,"column":13},"end":{"line":76,"column":29}},{"start":{"line":76,"column":33},"end":{"line":76,"column":64}}]},"13":{"loc":{"start":{"line":90,"column":43},"end":{"line":124,"column":8}},"type":"cond-expr","locations":[{"start":{"line":91,"column":6},"end":{"line":123,"column":10}},{"start":{"line":124,"column":6},"end":{"line":124,"column":8}}]},"14":{"loc":{"start":{"line":99,"column":27},"end":{"line":99,"column":77}},"type":"binary-expr","locations":[{"start":{"line":99,"column":27},"end":{"line":99,"column":36}},{"start":{"line":99,"column":40},"end":{"line":99,"column":77}}]},"15":{"loc":{"start":{"line":106,"column":27},"end":{"line":106,"column":78}},"type":"binary-expr","locations":[{"start":{"line":106,"column":27},"end":{"line":106,"column":36}},{"start":{"line":106,"column":40},"end":{"line":106,"column":78}}]},"16":{"loc":{"start":{"line":113,"column":27},"end":{"line":113,"column":77}},"type":"binary-expr","locations":[{"start":{"line":113,"column":27},"end":{"line":113,"column":36}},{"start":{"line":113,"column":40},"end":{"line":113,"column":77}}]},"17":{"loc":{"start":{"line":120,"column":27},"end":{"line":120,"column":73}},"type":"binary-expr","locations":[{"start":{"line":120,"column":27},"end":{"line":120,"column":36}},{"start":{"line":120,"column":40},"end":{"line":120,"column":73}}]},"18":{"loc":{"start":{"line":126,"column":26},"end":{"line":126,"column":71}},"type":"cond-expr","locations":[{"start":{"line":126,"column":47},"end":{"line":126,"column":54}},{"start":{"line":126,"column":57},"end":{"line":126,"column":71}}]},"19":{"loc":{"start":{"line":129,"column":23},"end":{"line":129,"column":96}},"type":"cond-expr","locations":[{"start":{"line":129,"column":39},"end":{"line":129,"column":91}},{"start":{"line":129,"column":95},"end":{"line":129,"column":96}}]},"20":{"loc":{"start":{"line":129,"column":39},"end":{"line":129,"column":91}},"type":"binary-expr","locations":[{"start":{"line":129,"column":39},"end":{"line":129,"column":86}},{"start":{"line":129,"column":90},"end":{"line":129,"column":91}}]},"21":{"loc":{"start":{"line":130,"column":18},"end":{"line":130,"column":52}},"type":"binary-expr","locations":[{"start":{"line":130,"column":18},"end":{"line":130,"column":47}},{"start":{"line":130,"column":51},"end":{"line":130,"column":52}}]},"22":{"loc":{"start":{"line":143,"column":13},"end":{"line":143,"column":85}},"type":"binary-expr","locations":[{"start":{"line":143,"column":13},"end":{"line":143,"column":79}},{"start":{"line":143,"column":83},"end":{"line":143,"column":85}}]},"23":{"loc":{"start":{"line":143,"column":14},"end":{"line":143,"column":65}},"type":"cond-expr","locations":[{"start":{"line":143,"column":29},"end":{"line":143,"column":53}},{"start":{"line":143,"column":56},"end":{"line":143,"column":65}}]},"24":{"loc":{"start":{"line":144,"column":13},"end":{"line":144,"column":164}},"type":"cond-expr","locations":[{"start":{"line":144,"column":67},"end":{"line":144,"column":159}},{"start":{"line":144,"column":162},"end":{"line":144,"column":164}}]},"25":{"loc":{"start":{"line":144,"column":13},"end":{"line":144,"column":64}},"type":"binary-expr","locations":[{"start":{"line":144,"column":13},"end":{"line":144,"column":29}},{"start":{"line":144,"column":33},"end":{"line":144,"column":64}}]},"26":{"loc":{"start":{"line":152,"column":11},"end":{"line":154,"column":18}},"type":"cond-expr","locations":[{"start":{"line":153,"column":12},"end":{"line":153,"column":62}},{"start":{"line":154,"column":14},"end":{"line":154,"column":18}}]},"27":{"loc":{"start":{"line":174,"column":7},"end":{"line":188,"column":null}},"type":"binary-expr","locations":[{"start":{"line":174,"column":7},"end":{"line":174,"column":25}},{"start":{"line":175,"column":8},"end":{"line":187,"column":null}}]},"28":{"loc":{"start":{"line":176,"column":78},"end":{"line":176,"column":95}},"type":"binary-expr","locations":[{"start":{"line":176,"column":78},"end":{"line":176,"column":90}},{"start":{"line":176,"column":94},"end":{"line":176,"column":95}}]},"29":{"loc":{"start":{"line":178,"column":55},"end":{"line":178,"column":72}},"type":"binary-expr","locations":[{"start":{"line":178,"column":55},"end":{"line":178,"column":67}},{"start":{"line":178,"column":71},"end":{"line":178,"column":72}}]},"30":{"loc":{"start":{"line":180,"column":79},"end":{"line":180,"column":93}},"type":"binary-expr","locations":[{"start":{"line":180,"column":79},"end":{"line":180,"column":88}},{"start":{"line":180,"column":92},"end":{"line":180,"column":93}}]},"31":{"loc":{"start":{"line":182,"column":55},"end":{"line":182,"column":69}},"type":"binary-expr","locations":[{"start":{"line":182,"column":55},"end":{"line":182,"column":64}},{"start":{"line":182,"column":68},"end":{"line":182,"column":69}}]},"32":{"loc":{"start":{"line":184,"column":78},"end":{"line":184,"column":95}},"type":"binary-expr","locations":[{"start":{"line":184,"column":78},"end":{"line":184,"column":90}},{"start":{"line":184,"column":94},"end":{"line":184,"column":95}}]},"33":{"loc":{"start":{"line":186,"column":55},"end":{"line":186,"column":72}},"type":"binary-expr","locations":[{"start":{"line":186,"column":55},"end":{"line":186,"column":67}},{"start":{"line":186,"column":71},"end":{"line":186,"column":72}}]},"34":{"loc":{"start":{"line":191,"column":7},"end":{"line":198,"column":null}},"type":"binary-expr","locations":[{"start":{"line":191,"column":7},"end":{"line":191,"column":35}},{"start":{"line":192,"column":8},"end":{"line":197,"column":null}}]},"35":{"loc":{"start":{"line":201,"column":7},"end":{"line":207,"column":14}},"type":"cond-expr","locations":[{"start":{"line":202,"column":8},"end":{"line":205,"column":null}},{"start":{"line":207,"column":10},"end":{"line":207,"column":14}}]},"36":{"loc":{"start":{"line":201,"column":7},"end":{"line":201,"column":72}},"type":"binary-expr","locations":[{"start":{"line":201,"column":7},"end":{"line":201,"column":45}},{"start":{"line":201,"column":49},"end":{"line":201,"column":72}}]},"37":{"loc":{"start":{"line":203,"column":21},"end":{"line":203,"column":52}},"type":"binary-expr","locations":[{"start":{"line":203,"column":21},"end":{"line":203,"column":47}},{"start":{"line":203,"column":51},"end":{"line":203,"column":52}}]},"38":{"loc":{"start":{"line":208,"column":7},"end":{"line":214,"column":14}},"type":"cond-expr","locations":[{"start":{"line":209,"column":8},"end":{"line":212,"column":null}},{"start":{"line":214,"column":10},"end":{"line":214,"column":14}}]},"39":{"loc":{"start":{"line":208,"column":7},"end":{"line":208,"column":73}},"type":"binary-expr","locations":[{"start":{"line":208,"column":7},"end":{"line":208,"column":46}},{"start":{"line":208,"column":50},"end":{"line":208,"column":73}}]},"40":{"loc":{"start":{"line":210,"column":21},"end":{"line":210,"column":53}},"type":"binary-expr","locations":[{"start":{"line":210,"column":21},"end":{"line":210,"column":48}},{"start":{"line":210,"column":52},"end":{"line":210,"column":53}}]},"41":{"loc":{"start":{"line":215,"column":7},"end":{"line":221,"column":14}},"type":"cond-expr","locations":[{"start":{"line":216,"column":8},"end":{"line":219,"column":null}},{"start":{"line":221,"column":10},"end":{"line":221,"column":14}}]},"42":{"loc":{"start":{"line":215,"column":7},"end":{"line":215,"column":72}},"type":"binary-expr","locations":[{"start":{"line":215,"column":7},"end":{"line":215,"column":45}},{"start":{"line":215,"column":49},"end":{"line":215,"column":72}}]},"43":{"loc":{"start":{"line":217,"column":21},"end":{"line":217,"column":52}},"type":"binary-expr","locations":[{"start":{"line":217,"column":21},"end":{"line":217,"column":47}},{"start":{"line":217,"column":51},"end":{"line":217,"column":52}}]},"44":{"loc":{"start":{"line":229,"column":19},"end":{"line":229,"column":47}},"type":"binary-expr","locations":[{"start":{"line":229,"column":19},"end":{"line":229,"column":26}},{"start":{"line":229,"column":30},"end":{"line":229,"column":47}}]},"45":{"loc":{"start":{"line":239,"column":2},"end":{"line":245,"column":3}},"type":"if","locations":[{"start":{"line":239,"column":2},"end":{"line":245,"column":3}}]}},"s":{"0":1,"1":1,"2":1,"3":1,"4":1,"5":1,"6":1,"7":1,"8":1,"9":1,"10":1,"11":1,"12":1,"13":1,"14":1,"15":3,"16":3,"17":3,"18":0,"19":0,"20":3,"21":0,"22":0,"23":3,"24":1,"25":1,"26":0,"27":0,"28":0,"29":0,"30":3,"31":3,"32":0,"33":0,"34":0,"35":3,"36":0,"37":4,"38":3,"39":0,"40":0,"41":3,"42":1},"f":{"0":3,"1":0,"2":0,"3":0,"4":1,"5":0,"6":0,"7":0,"8":0,"9":0,"10":0,"11":4,"12":0},"b":{"0":[3],"1":[3],"2":[3],"3":[1],"4":[3,3],"5":[3,0],"6":[0],"7":[0,0],"8":[0,0],"9":[0,0],"10":[0,0],"11":[0,0],"12":[0,0],"13":[1,2],"14":[0,0],"15":[0,0],"16":[0,0],"17":[0,0],"18":[0,3],"19":[0,0],"20":[0,0],"21":[0,0],"22":[3,3],"23":[0,3],"24":[0,3],"25":[3,0],"26":[0,3],"27":[3,2],"28":[2,0],"29":[2,0],"30":[2,0],"31":[2,0],"32":[2,0],"33":[2,0],"34":[3,0],"35":[0,3],"36":[3,0],"37":[0,0],"38":[0,3],"39":[3,0],"40":[0,0],"41":[0,3],"42":[3,0],"43":[0,0],"44":[4,0],"45":[0]}}
,"/root/rodrigo/idle_rpg/src/components/HeroDetailsModal.tsx": {"path":"/root/rodrigo/idle_rpg/src/components/HeroDetailsModal.tsx","statementMap":{"0":{"start":{"line":17,"column":0},"end":{"line":17,"column":16}},"1":{"start":{"line":1,"column":0},"end":{"line":1,"column":26}},"2":{"start":{"line":2,"column":0},"end":{"line":2,"column":91}},"3":{"start":{"line":4,"column":0},"end":{"line":4,"column":33}},"4":{"start":{"line":5,"column":0},"end":{"line":5,"column":50}},"5":{"start":{"line":6,"column":0},"end":{"line":6,"column":59}},"6":{"start":{"line":7,"column":0},"end":{"line":7,"column":32}},"7":{"start":{"line":8,"column":0},"end":{"line":8,"column":43}},"8":{"start":{"line":9,"column":0},"end":{"line":9,"column":55}},"9":{"start":{"line":18,"column":20},"end":{"line":18,"column":29}},"10":{"start":{"line":20,"column":2},"end":{"line":20,"column":25}},"11":{"start":{"line":20,"column":13},"end":{"line":20,"column":25}},"12":{"start":{"line":22,"column":19},"end":{"line":22,"column":65}},"13":{"start":{"line":23,"column":25},"end":{"line":23,"column":82}},"14":{"start":{"line":24,"column":20},"end":{"line":24,"column":41}},"15":{"start":{"line":25,"column":28},"end":{"line":27,"column":48}},"16":{"start":{"line":26,"column":17},"end":{"line":26,"column":53}},"17":{"start":{"line":26,"column":40},"end":{"line":26,"column":52}},"18":{"start":{"line":27,"column":37},"end":{"line":27,"column":47}},"19":{"start":{"line":29,"column":25},"end":{"line":29,"column":55}},"20":{"start":{"line":32,"column":19},"end":{"line":32,"column":48}},"21":{"start":{"line":33,"column":21},"end":{"line":33,"column":54}},"22":{"start":{"line":34,"column":18},"end":{"line":34,"column":45}},"23":{"start":{"line":35,"column":23},"end":{"line":35,"column":67}},"24":{"start":{"line":36,"column":20},"end":{"line":36,"column":58}},"25":{"start":{"line":37,"column":23},"end":{"line":37,"column":67}},"26":{"start":{"line":39,"column":55},"end":{"line":43,"column":4}},"27":{"start":{"line":45,"column":73},"end":{"line":52,"column":4}},"28":{"start":{"line":54,"column":19},"end":{"line":61,"column":null}},"29":{"start":{"line":55,"column":4},"end":{"line":60,"column":null}},"30":{"start":{"line":64,"column":2},"end":{"line":188,"column":4}},"31":{"start":{"line":159,"column":18},"end":{"line":175,"column":null}},"32":{"start":{"line":166,"column":24},"end":{"line":166,"column":48}},"33":{"start":{"line":166,"column":36},"end":{"line":166,"column":48}},"34":{"start":{"line":167,"column":37},"end":{"line":167,"column":55}},"35":{"start":{"line":168,"column":24},"end":{"line":168,"column":47}},"36":{"start":{"line":168,"column":35},"end":{"line":168,"column":47}},"37":{"start":{"line":169,"column":24},"end":{"line":173,"column":26}},"38":{"start":{"line":191,"column":15},"end":{"line":371,"column":2}}},"fnMap":{"0":{"name":"HeroDetailsModal","decl":{"start":{"line":17,"column":16},"end":{"line":17,"column":32}},"loc":{"start":{"line":17,"column":82},"end":{"line":189,"column":1}}},"1":{"name":"(anonymous_2)","decl":{"start":{"line":26,"column":9},"end":{"line":26,"column":10}},"loc":{"start":{"line":26,"column":17},"end":{"line":26,"column":53}}},"2":{"name":"(anonymous_3)","decl":{"start":{"line":26,"column":32},"end":{"line":26,"column":33}},"loc":{"start":{"line":26,"column":40},"end":{"line":26,"column":52}}},"3":{"name":"(anonymous_4)","decl":{"start":{"line":27,"column":12},"end":{"line":27,"column":13}},"loc":{"start":{"line":27,"column":37},"end":{"line":27,"column":47}}},"4":{"name":"(anonymous_5)","decl":{"start":{"line":54,"column":19},"end":{"line":54,"column":20}},"loc":{"start":{"line":55,"column":4},"end":{"line":60,"column":null}}},"5":{"name":"(anonymous_6)","decl":{"start":{"line":158,"column":38},"end":{"line":158,"column":39}},"loc":{"start":{"line":159,"column":18},"end":{"line":175,"column":null}}},"6":{"name":"(anonymous_7)","decl":{"start":{"line":165,"column":56},"end":{"line":165,"column":57}},"loc":{"start":{"line":165,"column":74},"end":{"line":174,"column":23}}}},"branchMap":{"0":{"loc":{"start":{"line":20,"column":2},"end":{"line":20,"column":25}},"type":"if","locations":[{"start":{"line":20,"column":2},"end":{"line":20,"column":25}}]},"1":{"loc":{"start":{"line":22,"column":19},"end":{"line":22,"column":65}},"type":"cond-expr","locations":[{"start":{"line":22,"column":34},"end":{"line":22,"column":58}},{"start":{"line":22,"column":61},"end":{"line":22,"column":65}}]},"2":{"loc":{"start":{"line":23,"column":25},"end":{"line":23,"column":82}},"type":"cond-expr","locations":[{"start":{"line":23,"column":44},"end":{"line":23,"column":75}},{"start":{"line":23,"column":78},"end":{"line":23,"column":82}}]},"3":{"loc":{"start":{"line":24,"column":20},"end":{"line":24,"column":41}},"type":"binary-expr","locations":[{"start":{"line":24,"column":20},"end":{"line":24,"column":35}},{"start":{"line":24,"column":39},"end":{"line":24,"column":41}}]},"4":{"loc":{"start":{"line":25,"column":29},"end":{"line":25,"column":53}},"type":"binary-expr","locations":[{"start":{"line":25,"column":29},"end":{"line":25,"column":47}},{"start":{"line":25,"column":51},"end":{"line":25,"column":53}}]},"5":{"loc":{"start":{"line":35,"column":49},"end":{"line":35,"column":66}},"type":"binary-expr","locations":[{"start":{"line":35,"column":49},"end":{"line":35,"column":61}},{"start":{"line":35,"column":65},"end":{"line":35,"column":66}}]},"6":{"loc":{"start":{"line":36,"column":43},"end":{"line":36,"column":57}},"type":"binary-expr","locations":[{"start":{"line":36,"column":43},"end":{"line":36,"column":52}},{"start":{"line":36,"column":56},"end":{"line":36,"column":57}}]},"7":{"loc":{"start":{"line":37,"column":49},"end":{"line":37,"column":66}},"type":"binary-expr","locations":[{"start":{"line":37,"column":49},"end":{"line":37,"column":61}},{"start":{"line":37,"column":65},"end":{"line":37,"column":66}}]},"8":{"loc":{"start":{"line":60,"column":38},"end":{"line":60,"column":62}},"type":"cond-expr","locations":[{"start":{"line":60,"column":46},"end":{"line":60,"column":55}},{"start":{"line":60,"column":58},"end":{"line":60,"column":62}}]},"9":{"loc":{"start":{"line":71,"column":46},"end":{"line":71,"column":83}},"type":"binary-expr","locations":[{"start":{"line":71,"column":46},"end":{"line":71,"column":67}},{"start":{"line":71,"column":71},"end":{"line":71,"column":83}}]},"10":{"loc":{"start":{"line":87,"column":21},"end":{"line":87,"column":114}},"type":"cond-expr","locations":[{"start":{"line":87,"column":38},"end":{"line":87,"column":108}},{"start":{"line":87,"column":110},"end":{"line":87,"column":114}}]},"11":{"loc":{"start":{"line":95,"column":23},"end":{"line":95,"column":121}},"type":"cond-expr","locations":[{"start":{"line":95,"column":38},"end":{"line":95,"column":88}},{"start":{"line":95,"column":91},"end":{"line":95,"column":121}}]},"12":{"loc":{"start":{"line":101,"column":23},"end":{"line":101,"column":117}},"type":"cond-expr","locations":[{"start":{"line":101,"column":37},"end":{"line":101,"column":85}},{"start":{"line":101,"column":88},"end":{"line":101,"column":117}}]},"13":{"loc":{"start":{"line":107,"column":13},"end":{"line":118,"column":null}},"type":"binary-expr","locations":[{"start":{"line":107,"column":13},"end":{"line":107,"column":27}},{"start":{"line":108,"column":14},"end":{"line":117,"column":null}}]},"14":{"loc":{"start":{"line":125,"column":23},"end":{"line":125,"column":137}},"type":"cond-expr","locations":[{"start":{"line":125,"column":42},"end":{"line":125,"column":100}},{"start":{"line":125,"column":103},"end":{"line":125,"column":137}}]},"15":{"loc":{"start":{"line":130,"column":23},"end":{"line":130,"column":132}},"type":"cond-expr","locations":[{"start":{"line":130,"column":39},"end":{"line":130,"column":92}},{"start":{"line":130,"column":95},"end":{"line":130,"column":132}}]},"16":{"loc":{"start":{"line":135,"column":23},"end":{"line":135,"column":137}},"type":"cond-expr","locations":[{"start":{"line":135,"column":42},"end":{"line":135,"column":100}},{"start":{"line":135,"column":103},"end":{"line":135,"column":137}}]},"17":{"loc":{"start":{"line":140,"column":13},"end":{"line":150,"column":null}},"type":"binary-expr","locations":[{"start":{"line":140,"column":13},"end":{"line":140,"column":21}},{"start":{"line":141,"column":14},"end":{"line":149,"column":null}}]},"18":{"loc":{"start":{"line":143,"column":56},"end":{"line":143,"column":116}},"type":"cond-expr","locations":[{"start":{"line":143,"column":87},"end":{"line":143,"column":98}},{"start":{"line":143,"column":101},"end":{"line":143,"column":116}}]},"19":{"loc":{"start":{"line":144,"column":17},"end":{"line":148,"column":null}},"type":"binary-expr","locations":[{"start":{"line":144,"column":17},"end":{"line":144,"column":33}},{"start":{"line":145,"column":18},"end":{"line":147,"column":null}}]},"20":{"loc":{"start":{"line":147,"column":55},"end":{"line":147,"column":149}},"type":"cond-expr","locations":[{"start":{"line":147,"column":92},"end":{"line":147,"column":118}},{"start":{"line":147,"column":121},"end":{"line":147,"column":149}}]},"21":{"loc":{"start":{"line":155,"column":15},"end":{"line":177,"column":null}},"type":"cond-expr","locations":[{"start":{"line":156,"column":16},"end":{"line":156,"column":78}},{"start":{"line":158,"column":16},"end":{"line":177,"column":18}}]},"22":{"loc":{"start":{"line":166,"column":24},"end":{"line":166,"column":48}},"type":"if","locations":[{"start":{"line":166,"column":24},"end":{"line":166,"column":48}}]},"23":{"loc":{"start":{"line":168,"column":24},"end":{"line":168,"column":47}},"type":"if","locations":[{"start":{"line":168,"column":24},"end":{"line":168,"column":47}}]}},"s":{"0":0,"1":0,"2":0,"3":0,"4":0,"5":0,"6":0,"7":0,"8":0,"9":0,"10":0,"11":0,"12":0,"13":0,"14":0,"15":0,"16":0,"17":0,"18":0,"19":0,"20":0,"21":0,"22":0,"23":0,"24":0,"25":0,"26":0,"27":0,"28":0,"29":0,"30":0,"31":0,"32":0,"33":0,"34":0,"35":0,"36":0,"37":0,"38":0},"f":{"0":0,"1":0,"2":0,"3":0,"4":0,"5":0,"6":0},"b":{"0":[0],"1":[0,0],"2":[0,0],"3":[0,0],"4":[0,0],"5":[0,0],"6":[0,0],"7":[0,0],"8":[0,0],"9":[0,0],"10":[0,0],"11":[0,0],"12":[0,0],"13":[0,0],"14":[0,0],"15":[0,0],"16":[0,0],"17":[0,0],"18":[0,0],"19":[0,0],"20":[0,0],"21":[0,0],"22":[0],"23":[0]}}
,"/root/rodrigo/idle_rpg/src/components/Hexagon.tsx": {"path":"/root/rodrigo/idle_rpg/src/components/Hexagon.tsx","statementMap":{"0":{"start":{"line":1,"column":0},"end":{"line":1,"column":26}},"1":{"start":{"line":2,"column":0},"end":{"line":2,"column":65}},"2":{"start":{"line":3,"column":0},"end":{"line":3,"column":48}},"3":{"start":{"line":4,"column":0},"end":{"line":4,"column":58}},"4":{"start":{"line":5,"column":0},"end":{"line":5,"column":33}},"5":{"start":{"line":19,"column":47},"end":{"line":64,"column":1}},"6":{"start":{"line":28,"column":12},"end":{"line":28,"column":21}},"7":{"start":{"line":29,"column":12},"end":{"line":29,"column":22}},"8":{"start":{"line":38,"column":17},"end":{"line":45,"column":4}},"9":{"start":{"line":47,"column":2},"end":{"line":63,"column":4}},"10":{"start":{"line":19,"column":13},"end":{"line":19,"column":47}},"11":{"start":{"line":66,"column":15},"end":{"line":87,"column":2}}},"fnMap":{"0":{"name":"(anonymous_10)","decl":{"start":{"line":19,"column":47},"end":{"line":19,"column":48}},"loc":{"start":{"line":25,"column":5},"end":{"line":64,"column":1}}}},"branchMap":{"0":{"loc":{"start":{"line":21,"column":2},"end":{"line":21,"column":35}},"type":"default-arg","locations":[{"start":{"line":21,"column":9},"end":{"line":21,"column":35}}]},"1":{"loc":{"start":{"line":22,"column":2},"end":{"line":22,"column":30}},"type":"default-arg","locations":[{"start":{"line":22,"column":11},"end":{"line":22,"column":30}}]},"2":{"loc":{"start":{"line":23,"column":2},"end":{"line":23,"column":17}},"type":"default-arg","locations":[{"start":{"line":23,"column":16},"end":{"line":23,"column":17}}]}},"s":{"0":0,"1":0,"2":0,"3":0,"4":0,"5":0,"6":0,"7":0,"8":0,"9":0,"10":0,"11":0},"f":{"0":0},"b":{"0":[0],"1":[0],"2":[0]}}
[...]
:{"line":107,"column":6},"end":{"line":107,"column":41}},"56":{"start":{"line":107,"column":28},"end":{"line":107,"column":41}},"57":{"start":{"line":108,"column":19},"end":{"line":108,"column":43}},"58":{"start":{"line":109,"column":6},"end":{"line":109,"column":50}},"59":{"start":{"line":116,"column":19},"end":{"line":116,"column":43}},"60":{"start":{"line":117,"column":6},"end":{"line":117,"column":53}},"61":{"start":{"line":117,"column":46},"end":{"line":117,"column":53}},"62":{"start":{"line":118,"column":6},"end":{"line":118,"column":43}},"63":{"start":{"line":118,"column":36},"end":{"line":118,"column":43}},"64":{"start":{"line":119,"column":6},"end":{"line":119,"column":37}},"65":{"start":{"line":119,"column":30},"end":{"line":119,"column":37}},"66":{"start":{"line":121,"column":24},"end":{"line":121,"column":55}},"67":{"start":{"line":122,"column":6},"end":{"line":122,"column":42}},"68":{"start":{"line":122,"column":35},"end":{"line":122,"column":42}},"69":{"start":{"line":124,"column":25},"end":{"line":128,"column":null}},"70":{"start":{"line":125,"column":8},"end":{"line":128,"column":76}},"71":{"start":{"line":130,"column":6},"end":{"line":130,"column":42}},"72":{"start":{"line":130,"column":35},"end":{"line":130,"column":42}},"73":{"start":{"line":132,"column":19},"end":{"line":132,"column":74}},"74":{"start":{"line":133,"column":24},"end":{"line":133,"column":58}},"75":{"start":{"line":134,"column":6},"end":{"line":134,"column":49}},"76":{"start":{"line":135,"column":18},"end":{"line":135,"column":135}},"77":{"start":{"line":136,"column":6},"end":{"line":136,"column":26}},"78":{"start":{"line":137,"column":6},"end":{"line":146,"column":9}},"79":{"start":{"line":156,"column":2},"end":{"line":156,"column":59}},"80":{"start":{"line":156,"column":38},"end":{"line":156,"column":59}},"81":{"start":{"line":158,"column":49},"end":{"line":158,"column":84}},"82":{"start":{"line":158,"column":66},"end":{"line":158,"column":83}},"83":{"start":{"line":160,"column":2},"end":{"line":186,"column":4}},"84":{"start":{"line":162,"column":6},"end":{"line":162,"column":59}},"85":{"start":{"line":162,"column":34},"end":{"line":162,"column":59}},"86":{"start":{"line":165,"column":6},"end":{"line":165,"column":83}},"87":{"start":{"line":165,"column":34},"end":{"line":165,"column":83}},"88":{"start":{"line":168,"column":6},"end":{"line":168,"column":74}},"89":{"start":{"line":168,"column":34},"end":{"line":168,"column":74}},"90":{"start":{"line":171,"column":6},"end":{"line":171,"column":95}},"91":{"start":{"line":171,"column":34},"end":{"line":171,"column":95}},"92":{"start":{"line":174,"column":6},"end":{"line":176,"column":7}},"93":{"start":{"line":175,"column":8},"end":{"line":175,"column":66}},"94":{"start":{"line":175,"column":54},"end":{"line":175,"column":66}},"95":{"start":{"line":177,"column":6},"end":{"line":177,"column":19}},"96":{"start":{"line":180,"column":18},"end":{"line":180,"column":27}},"97":{"start":{"line":181,"column":6},"end":{"line":183,"column":7}},"98":{"start":{"line":182,"column":8},"end":{"line":182,"column":93}},"99":{"start":{"line":182,"column":33},"end":{"line":182,"column":93}},"100":{"start":{"line":184,"column":6},"end":{"line":184,"column":19}},"101":{"start":{"line":189,"column":13},"end":{"line":189,"column":44}}},"fnMap":{"0":{"name":"(anonymous_0)","decl":{"start":{"line":11,"column":17},"end":{"line":11,"column":20}},"loc":{"start":{"line":11,"column":22},"end":{"line":11,"column":25}}},"1":{"name":"(anonymous_1)","decl":{"start":{"line":12,"column":17},"end":{"line":12,"column":20}},"loc":{"start":{"line":12,"column":22},"end":{"line":12,"column":25}}},"2":{"name":"(anonymous_2)","decl":{"start":{"line":13,"column":17},"end":{"line":13,"column":20}},"loc":{"start":{"line":13,"column":22},"end":{"line":13,"column":25}}},"3":{"name":"(anonymous_3)","decl":{"start":{"line":14,"column":20},"end":{"line":14,"column":23}},"loc":{"start":{"line":14,"column":25},"end":{"line":14,"column":28}}},"4":{"name":"(anonymous_4)","decl":{"start":{"line":15,"column":23},"end":{"line":15,"column":26}},"loc":{"start":{"line":15,"column":29},"end":{"line":15,"column":34}}},"5":{"name":"(anonymous_5)","decl":{"start":{"line":16,"column":21},"end":{"line":16,"column":22}},"loc":{"start":{"line":16,"column":64},"end":{"line":16,"column":73}}},"6":{"name":"(anonymous_6)","decl":{"start":{"line":22,"column":19},"end":{"line":22,"column":20}},"loc":{"start":{"line":22,"column":54},"end":{"line":33,"column":5}}},"7":{"name":"(anonymous_7)","decl":{"start":{"line":25,"column":39},"end":{"line":25,"column":40}},"loc":{"start":{"line":25,"column":44},"end":{"line":25,"column":74}}},"8":{"name":"(anonymous_8)","decl":{"start":{"line":38,"column":19},"end":{"line":38,"column":20}},"loc":{"start":{"line":38,"column":29},"end":{"line":56,"column":5}}},"9":{"name":"(anonymous_9)","decl":{"start":{"line":39,"column":43},"end":{"line":39,"column":44}},"loc":{"start":{"line":39,"column":48},"end":{"line":39,"column":87}}},"10":{"name":"(anonymous_10)","decl":{"start":{"line":57,"column":19},"end":{"line":57,"column":20}},"loc":{"start":{"line":57,"column":44},"end":{"line":65,"column":5}}},"11":{"name":"(anonymous_11)","decl":{"start":{"line":59,"column":45},"end":{"line":59,"column":46}},"loc":{"start":{"line":59,"column":50},"end":{"line":59,"column":89}}},"12":{"name":"(anonymous_12)","decl":{"start":{"line":62,"column":49},"end":{"line":62,"column":50}},"loc":{"start":{"line":62,"column":54},"end":{"line":62,"column":85}}},"13":{"name":"(anonymous_13)","decl":{"start":{"line":66,"column":23},"end":{"line":66,"column":24}},"loc":{"start":{"line":66,"column":63},"end":{"line":73,"column":5}}},"14":{"name":"(anonymous_14)","decl":{"start":{"line":78,"column":19},"end":{"line":78,"column":20}},"loc":{"start":{"line":78,"column":44},"end":{"line":85,"column":5}}},"15":{"name":"(anonymous_15)","decl":{"start":{"line":90,"column":22},"end":{"line":90,"column":23}},"loc":{"start":{"line":90,"column":66},"end":{"line":101,"column":5}}},"16":{"name":"(anonymous_16)","decl":{"start":{"line":93,"column":39},"end":{"line":93,"column":40}},"loc":{"start":{"line":93,"column":44},"end":{"line":93,"column":70}}},"17":{"name":"(anonymous_17)","decl":{"start":{"line":106,"column":25},"end":{"line":106,"column":26}},"loc":{"start":{"line":106,"column":45},"end":{"line":110,"column":5}}},"18":{"name":"(anonymous_18)","decl":{"start":{"line":115,"column":22},"end":{"line":115,"column":23}},"loc":{"start":{"line":115,"column":65},"end":{"line":147,"column":5}}},"19":{"name":"(anonymous_19)","decl":{"start":{"line":124,"column":46},"end":{"line":124,"column":47}},"loc":{"start":{"line":125,"column":8},"end":{"line":128,"column":76}}},"20":{"name":"createSynergyHandlers","decl":{"start":{"line":155,"column":16},"end":{"line":155,"column":37}},"loc":{"start":{"line":155,"column":57},"end":{"line":187,"column":1}}},"21":{"name":"(anonymous_21)","decl":{"start":{"line":158,"column":60},"end":{"line":158,"column":62}},"loc":{"start":{"line":158,"column":66},"end":{"line":158,"column":83}}},"22":{"name":"(anonymous_22)","decl":{"start":{"line":161,"column":19},"end":{"line":161,"column":20}},"loc":{"start":{"line":161,"column":29},"end":{"line":163,"column":5}}},"23":{"name":"(anonymous_23)","decl":{"start":{"line":164,"column":19},"end":{"line":164,"column":20}},"loc":{"start":{"line":164,"column":53},"end":{"line":166,"column":5}}},"24":{"name":"(anonymous_24)","decl":{"start":{"line":167,"column":19},"end":{"line":167,"column":20}},"loc":{"start":{"line":167,"column":44},"end":{"line":169,"column":5}}},"25":{"name":"(anonymous_25)","decl":{"start":{"line":170,"column":22},"end":{"line":170,"column":23}},"loc":{"start":{"line":170,"column":65},"end":{"line":172,"column":5}}},"26":{"name":"(anonymous_26)","decl":{"start":{"line":173,"column":25},"end":{"line":173,"column":26}},"loc":{"start":{"line":173,"column":45},"end":{"line":178,"column":5}}},"27":{"name":"(anonymous_27)","decl":{"start":{"line":179,"column":23},"end":{"line":179,"column":24}},"loc":{"start":{"line":179,"column":62},"end":{"line":185,"column":5}}}},"branchMap":{"0":{"loc":{"start":{"line":23,"column":6},"end":{"line":23,"column":62}},"type":"if","locations":[{"start":{"line":23,"column":6},"end":{"line":23,"column":62}}]},"1":{"loc":{"start":{"line":23,"column":10},"end":{"line":23,"column":53}},"type":"binary-expr","locations":[{"start":{"line":23,"column":10},"end":{"line":23,"column":38}},{"start":{"line":23,"column":42},"end":{"line":23,"column":53}}]},"2":{"loc":{"start":{"line":24,"column":23},"end":{"line":24,"column":51}},"type":"binary-expr","locations":[{"start":{"line":24,"column":23},"end":{"line":24,"column":45}},{"start":{"line":24,"column":49},"end":{"line":24,"column":51}}]},"3":{"loc":{"start":{"line":39,"column":48},"end":{"line":39,"column":87}},"type":"binary-expr","locations":[{"start":{"line":39,"column":48},"end":{"line":39,"column":68}},{"start":{"line":39,"column":72},"end":{"line":39,"column":87}}]},"4":{"loc":{"start":{"line":40,"column":6},"end":{"line":40,"column":30}},"type":"if","locations":[{"start":{"line":40,"column":6},"end":{"line":40,"column":30}}]},"5":{"loc":{"start":{"line":42,"column":8},"end":{"line":42,"column":39}},"type":"if","locations":[{"start":{"line":42,"column":8},"end":{"line":42,"column":39}}]},"6":{"loc":{"start":{"line":43,"column":8},"end":{"line":54,"column":9}},"type":"if","locations":[{"start":{"line":43,"column":8},"end":{"line":54,"column":9}},{"start":{"line":48,"column":15},"end":{"line":54,"column":9}}]},"7":{"loc":{"start":{"line":45,"column":16},"end":{"line":45,"column":39}},"type":"binary-expr","locations":[{"start":{"line":45,"column":16},"end":{"line":45,"column":33}},{"start":{"line":45,"column":37},"end":{"line":45,"column":39}}]},"8":{"loc":{"start":{"line":48,"column":15},"end":{"line":54,"column":9}},"type":"if","locations":[{"start":{"line":48,"column":15},"end":{"line":54,"column":9}}]},"9":{"loc":{"start":{"line":50,"column":16},"end":{"line":50,"column":39}},"type":"binary-expr","locations":[{"start":{"line":50,"column":16},"end":{"line":50,"column":33}},{"start":{"line":50,"column":37},"end":{"line":50,"column":39}}]},"10":{"loc":{"start":{"line":58,"column":6},"end":{"line":58,"column":57}},"type":"if","locations":[{"start":{"line":58,"column":6},"end":{"line":58,"column":57}}]},"11":{"loc":{"start":{"line":58,"column":10},"end":{"line":58,"column":48}},"type":"binary-expr","locations":[{"start":{"line":58,"column":10},"end":{"line":58,"column":33}},{"start":{"line":58,"column":37},"end":{"line":58,"column":48}}]},"12":{"loc":{"start":{"line":59,"column":50},"end":{"line":59,"column":89}},"type":"binary-expr","locations":[{"start":{"line":59,"column":50},"end":{"line":59,"column":70}},{"start":{"line":59,"column":74},"end":{"line":59,"column":89}}]},"13":{"loc":{"start":{"line":60,"column":6},"end":{"line":60,"column":31}},"type":"if","locations":[{"start":{"line":60,"column":6},"end":{"line":60,"column":31}}]},"14":{"loc":{"start":{"line":63,"column":8},"end":{"line":63,"column":65}},"type":"if","locations":[{"start":{"line":63,"column":8},"end":{"line":63,"column":65}}]},"15":{"loc":{"start":{"line":67,"column":20},"end":{"line":67,"column":51}},"type":"binary-expr","locations":[{"start":{"line":67,"column":20},"end":{"line":67,"column":45}},{"start":{"line":67,"column":49},"end":{"line":67,"column":51}}]},"16":{"loc":{"start":{"line":70,"column":8},"end":{"line":70,"column":49}},"type":"if","locations":[{"start":{"line":70,"column":8},"end":{"line":70,"column":49}}]},"17":{"loc":{"start":{"line":79,"column":6},"end":{"line":79,"column":42}},"type":"if","locations":[{"start":{"line":79,"column":6},"end":{"line":79,"column":42}}]},"18":{"loc":{"start":{"line":80,"column":6},"end":{"line":80,"column":47}},"type":"if","locations":[{"start":{"line":80,"column":6},"end":{"line":80,"column":47}}]},"19":{"loc":{"start":{"line":81,"column":29},"end":{"line":81,"column":44}},"type":"binary-expr","locations":[{"start":{"line":81,"column":29},"end":{"line":81,"column":39}},{"start":{"line":81,"column":43},"end":{"line":81,"column":44}}]},"20":{"loc":{"start":{"line":82,"column":6},"end":{"line":84,"column":7}},"type":"if","locations":[{"start":{"line":82,"column":6},"end":{"line":84,"column":7}}]},"21":{"loc":{"start":{"line":91,"column":6},"end":{"line":91,"column":67}},"type":"if","locations":[{"start":{"line":91,"column":6},"end":{"line":91,"column":67}}]},"22":{"loc":{"start":{"line":91,"column":11},"end":{"line":91,"column":58}},"type":"binary-expr","locations":[{"start":{"line":91,"column":11},"end":{"line":91,"column":46}},{"start":{"line":91,"column":50},"end":{"line":91,"column":58}}]},"23":{"loc":{"start":{"line":92,"column":23},"end":{"line":92,"column":51}},"type":"binary-expr","locations":[{"start":{"line":92,"column":23},"end":{"line":92,"column":45}},{"start":{"line":92,"column":49},"end":{"line":92,"column":51}}]},"24":{"loc":{"start":{"line":107,"column":6},"end":{"line":107,"column":41}},"type":"if","locations":[{"start":{"line":107,"column":6},"end":{"line":107,"column":41}}]},"25":{"loc":{"start":{"line":109,"column":13},"end":{"line":109,"column":49}},"type":"binary-expr","locations":[{"start":{"line":109,"column":13},"end":{"line":109,"column":30}},{"start":{"line":109,"column":34},"end":{"line":109,"column":49}}]},"26":{"loc":{"start":{"line":117,"column":6},"end":{"line":117,"column":53}},"type":"if","locations":[{"start":{"line":117,"column":6},"end":{"line":117,"column":53}}]},"27":{"loc":{"start":{"line":117,"column":10},"end":{"line":117,"column":44}},"type":"binary-expr","locations":[{"start":{"line":117,"column":10},"end":{"line":117,"column":26}},{"start":{"line":117,"column":30},"end":{"line":117,"column":44}}]},"28":{"loc":{"start":{"line":118,"column":6},"end":{"line":118,"column":43}},"type":"if","locations":[{"start":{"line":118,"column":6},"end":{"line":118,"column":43}}]},"29":{"loc":{"start":{"line":118,"column":10},"end":{"line":118,"column":34}},"type":"binary-expr","locations":[{"start":{"line":118,"column":10},"end":{"line":118,"column":22}},{"start":{"line":118,"column":26},"end":{"line":118,"column":34}}]},"30":{"loc":{"start":{"line":119,"column":6},"end":{"line":119,"column":37}},"type":"if","locations":[{"start":{"line":119,"column":6},"end":{"line":119,"column":37}}]},"31":{"loc":{"start":{"line":122,"column":6},"end":{"line":122,"column":42}},"type":"if","locations":[{"start":{"line":122,"column":6},"end":{"line":122,"column":42}}]},"32":{"loc":{"start":{"line":125,"column":8},"end":{"line":128,"column":76}},"type":"binary-expr","locations":[{"start":{"line":125,"column":8},"end":{"line":125,"column":26}},{"start":{"line":126,"column":8},"end":{"line":126,"column":16}},{"start":{"line":127,"column":8},"end":{"line":127,"column":48}},{"start":{"line":128,"column":8},"end":{"line":128,"column":76}}]},"33":{"loc":{"start":{"line":130,"column":6},"end":{"line":130,"column":42}},"type":"if","locations":[{"start":{"line":130,"column":6},"end":{"line":130,"column":42}}]},"34":{"loc":{"start":{"line":135,"column":34},"end":{"line":135,"column":79}},"type":"binary-expr","locations":[{"start":{"line":135,"column":34},"end":{"line":135,"column":55}},{"start":{"line":135,"column":60},"end":{"line":135,"column":79}}]},"35":{"loc":{"start":{"line":141,"column":20},"end":{"line":141,"column":65}},"type":"binary-expr","locations":[{"start":{"line":141,"column":20},"end":{"line":141,"column":41}},{"start":{"line":141,"column":46},"end":{"line":141,"column":65}}]},"36":{"loc":{"start":{"line":156,"column":2},"end":{"line":156,"column":59}},"type":"if","locations":[{"start":{"line":156,"column":2},"end":{"line":156,"column":59}}]},"37":{"loc":{"start":{"line":156,"column":6},"end":{"line":156,"column":36}},"type":"binary-expr","locations":[{"start":{"line":156,"column":6},"end":{"line":156,"column":13}},{"start":{"line":156,"column":17},"end":{"line":156,"column":36}}]},"38":{"loc":{"start":{"line":175,"column":8},"end":{"line":175,"column":66}},"type":"if","locations":[{"start":{"line":175,"column":8},"end":{"line":175,"column":66}}]},"39":{"loc":{"start":{"line":182,"column":8},"end":{"line":182,"column":93}},"type":"if","locations":[{"start":{"line":182,"column":8},"end":{"line":182,"column":93}}]}},"s":{"0":36,"1":36,"2":36,"3":247,"4":1067,"5":36,"6":6,"7":1,"8":5,"9":5,"10":1,"11":5,"12":5,"13":1,"14":1,"15":1,"16":0,"17":1,"18":3,"19":0,"20":3,"21":1,"22":2,"23":1,"24":1,"25":0,"26":1,"27":2,"28":1,"29":0,"30":1,"31":2,"32":3,"33":2,"34":2,"35":1,"36":1,"37":1,"38":1,"39":1,"40":1,"41":3,"42":1,"43":2,"44":0,"45":2,"46":2,"47":1,"48":3,"49":2,"50":1,"51":1,"52":0,"53":1,"54":1,"55":4,"56":1,"57":3,"58":3,"59":3,"60":3,"61":0,"62":3,"63":1,"64":2,"65":1,"66":1,"67":1,"68":0,"69":1,"70":3,"71":1,"72":0,"73":1,"74":1,"75":1,"76":1,"77":1,"78":1,"79":48,"80":26,"81":22,"82":22,"83":22,"84":1,"85":1,"86":7,"87":7,"88":4,"89":4,"90":6,"91":6,"92":4,"93":4,"94":2,"95":2,"96":1,"97":1,"98":1,"99":1,"100":1,"101":36},"f":{"0":23,"1":3,"2":150,"3":247,"4":247,"5":1067,"6":6,"7":1,"8":1,"9":1,"10":1,"11":2,"12":3,"13":1,"14":3,"15":3,"16":0,"17":4,"18":3,"19":3,"20":48,"21":22,"22":1,"23":7,"24":4,"25":6,"26":4,"27":1},"b":{"0":[1],"1":[6,5],"2":[5,3],"3":[1,1],"4":[0],"5":[0],"6":[1,2],"7":[1,1],"8":[1],"9":[1,1],"10":[0],"11":[1,1],"12":[2,1],"13":[0],"14":[2],"15":[1,0],"16":[1],"17":[1],"18":[0],"19":[2,0],"20":[1],"21":[2],"22":[3,2],"23":[1,1],"24":[1],"25":[3,2],"26":[0],"27":[3,0],"28":[1],"29":[3,2],"30":[1],"31":[0],"32":[3,2,2,2],"33":[0],"34":[1,0],"35":[1,0],"36":[26],"37":[48,48],"38":[2],"39":[1]}}
,"/root/rodrigo/idle_rpg/src/utils/trainingMath.ts": {"path":"/root/rodrigo/idle_rpg/src/utils/trainingMath.ts","statementMap":{"0":{"start":{"line":5,"column":0},"end":{"line":5,"column":16}},"1":{"start":{"line":6,"column":2},"end":{"line":6,"column":60}},"2":{"start":{"line":6,"column":24},"end":{"line":6,"column":60}},"3":{"start":{"line":8,"column":2},"end":{"line":11,"column":3}},"4":{"start":{"line":9,"column":14},"end":{"line":9,"column":46}},"5":{"start":{"line":10,"column":4},"end":{"line":10,"column":63}},"6":{"start":{"line":13,"column":18},"end":{"line":13,"column":29}},"7":{"start":{"line":14,"column":15},"end":{"line":14,"column":16}},"8":{"start":{"line":17,"column":2},"end":{"line":24,"column":3}},"9":{"start":{"line":18,"column":29},"end":{"line":18,"column":77}},"10":{"start":{"line":19,"column":4},"end":{"line":19,"column":44}},"11":{"start":{"line":19,"column":38},"end":{"line":19,"column":44}},"12":{"start":{"line":20,"column":4},"end":{"line":20,"column":34}},"13":{"start":{"line":21,"column":4},"end":{"line":21,"column":13}},"14":{"start":{"line":23,"column":4},"end":{"line":23,"column":30}},"15":{"start":{"line":23,"column":24},"end":{"line":23,"column":30}},"16":{"start":{"line":26,"column":2},"end":{"line":26,"column":43}}},"fnMap":{"0":{"name":"computePointsFromMs","decl":{"start":{"line":5,"column":16},"end":{"line":5,"column":35}},"loc":{"start":{"line":5,"column":91},"end":{"line":27,"column":1}}}},"branchMap":{"0":{"loc":{"start":{"line":6,"column":2},"end":{"line":6,"column":60}},"type":"if","locations":[{"start":{"line":6,"column":2},"end":{"line":6,"column":60}}]},"1":{"loc":{"start":{"line":8,"column":2},"end":{"line":11,"column":3}},"type":"if","locations":[{"start":{"line":8,"column":2},"end":{"line":11,"column":3}}]},"2":{"loc":{"start":{"line":19,"column":4},"end":{"line":19,"column":44}},"type":"if","locations":[{"start":{"line":19,"column":4},"end":{"line":19,"column":44}}]},"3":{"loc":{"start":{"line":23,"column":4},"end":{"line":23,"column":30}},"type":"if","locations":[{"start":{"line":23,"column":4},"end":{"line":23,"column":30}}]}},"s":{"0":12,"1":11,"2":2,"3":9,"4":4,"5":4,"6":5,"7":5,"8":5,"9":11116,"10":11116,"11":3,"12":11113,"13":11113,"14":11113,"15":1,"16":5},"f":{"0":11},"b":{"0":[2],"1":[4],"2":[3],"3":[1]}}
}
