TN:
SF:src/components/AnimatedGold.tsx
FN:20,AnimatedGold
FN:25,(anonymous_10)
FN:37,(anonymous_11)
FN:41,(anonymous_12)
FNF:4
FNH:2
FNDA:7,AnimatedGold
FNDA:6,(anonymous_10)
FNDA:0,(anonymous_11)
FNDA:0,(anonymous_12)
DA:1,1
DA:2,1
DA:3,1
DA:12,1
DA:13,1
DA:14,1
DA:20,1
DA:21,7
DA:22,7
DA:23,7
DA:25,7
DA:26,6
DA:27,0
DA:32,6
DA:34,6
DA:37,7
DA:38,0
DA:41,7
DA:45,7
DA:61,1
DA:92,1
LF:21
LH:19
BRDA:26,0,0,0
BRF:1
BRH:0
end_of_record
TN:
SF:src/components/AttributeProgress.tsx
FN:12,formatMs
FN:21,AttributeProgress
FN:25,(anonymous_11)
FNF:3
FNH:0
FNDA:0,formatMs
FNDA:0,AttributeProgress
FNDA:0,(anonymous_11)
DA:1,1
DA:2,1
DA:3,1
DA:13,0
DA:14,0
DA:15,0
DA:16,0
DA:17,0
DA:18,0
DA:21,1
DA:22,0
DA:23,0
DA:25,0
DA:26,0
DA:33,0
DA:38,0
DA:51,1
LF:17
LH:5
BRDA:13,0,0,0
BRDA:15,1,0,0
BRDA:21,2,0,0
BRDA:44,3,0,0
BRDA:44,3,1,0
BRDA:45,4,0,0
BRDA:45,4,1,0
BRF:7
BRH:0
end_of_record
TN:
SF:src/components/ChestCard.tsx
FN:15,ChestCard
FNF:1
FNH:0
FNDA:0,ChestCard
DA:1,0
DA:2,0
DA:3,0
DA:4,0
DA:15,0
DA:16,0
DA:45,0
LF:7
LH:0
BRDA:15,0,0,0
BRDA:19,1,0,0
BRDA:19,1,1,0
BRDA:29,2,0,0
BRDA:29,2,1,0
BRDA:32,3,0,0
BRDA:32,3,1,0
BRDA:38,4,0,0
BRDA:38,4,1,0
BRDA:39,5,0,0
BRDA:39,5,1,0
BRF:11
BRH:0
end_of_record
TN:
SF:src/components/ChestRevealModal.tsx
FN:44,ChestRevealModal
FN:67,(anonymous_11)
FN:76,(anonymous_12)
FN:77,(anonymous_13)
FN:90,(anonymous_14)
FN:109,(anonymous_15)
FN:115,(anonymous_16)
FN:159,(anonymous_17)
FN:167,(anonymous_18)
FN:192,(anonymous_19)
FN:198,(anonymous_20)
FN:223,(anonymous_21)
FN:228,(anonymous_22)
FN:238,(anonymous_23)
FN:248,(anonymous_24)
FN:250,(anonymous_25)
FN:272,(anonymous_26)
FN:273,(anonymous_27)
FNF:18
FNH:0
FNDA:0,ChestRevealModal
FNDA:0,(anonymous_11)
FNDA:0,(anonymous_12)
FNDA:0,(anonymous_13)
FNDA:0,(anonymous_14)
FNDA:0,(anonymous_15)
FNDA:0,(anonymous_16)
FNDA:0,(anonymous_17)
FNDA:0,(anonymous_18)
FNDA:0,(anonymous_19)
FNDA:0,(anonymous_20)
FNDA:0,(anonymous_21)
FNDA:0,(anonymous_22)
FNDA:0,(anonymous_23)
FNDA:0,(anonymous_24)
FNDA:0,(anonymous_25)
FNDA:0,(anonymous_26)
FNDA:0,(anonymous_27)
DA:1,0
DA:2,0
DA:12,0
DA:13,0
DA:15,0
DA:16,0
DA:17,0
DA:18,0
DA:19,0
DA:20,0
DA:24,0
DA:25,0
DA:27,0
DA:44,0
DA:51,0
DA:52,0
DA:53,0
DA:55,0
DA:56,0
DA:57,0
DA:58,0
DA:60,0
DA:61,0
DA:62,0
DA:64,0
DA:65,0
DA:67,0
DA:68,0
DA:73,0
DA:76,0
DA:77,0
DA:78,0
DA:79,0
DA:80,0
DA:82,0
DA:83,0
DA:84,0
DA:85,0
DA:86,0
DA:87,0
DA:90,0
DA:91,0
DA:92,0
DA:93,0
DA:94,0
DA:97,0
DA:98,0
DA:99,0
DA:100,0
DA:101,0
DA:102,0
DA:104,0
DA:105,0
DA:106,0
DA:108,0
DA:109,0
DA:110,0
DA:111,0
DA:115,0
DA:116,0
DA:117,0
DA:118,0
DA:119,0
DA:121,0
DA:138,0
DA:155,0
DA:156,0
DA:157,0
DA:159,0
DA:160,0
DA:161,0
DA:162,0
DA:163,0
DA:167,0
DA:168,0
DA:169,0
DA:170,0
DA:171,0
DA:173,0
DA:174,0
DA:176,0
DA:191,0
DA:192,0
DA:193,0
DA:194,0
DA:198,0
DA:199,0
DA:200,0
DA:201,0
DA:203,0
DA:204,0
DA:205,0
DA:208,0
DA:222,0
DA:223,0
DA:224,0
DA:228,0
DA:229,0
DA:230,0
DA:231,0
DA:232,0
DA:233,0
DA:235,0
DA:238,0
DA:239,0
DA:240,0
DA:241,0
DA:242,0
DA:244,0
DA:248,0
DA:249,0
DA:250,0
DA:251,0
DA:252,0
DA:253,0
DA:254,0
DA:256,0
DA:257,0
DA:258,0
DA:259,0
DA:260,0
DA:262,0
DA:263,0
DA:264,0
DA:265,0
DA:266,0
DA:272,0
DA:273,0
DA:274,0
DA:275,0
DA:276,0
DA:280,0
DA:282,0
DA:283,0
DA:285,0
DA:388,0
LF:136
LH:0
BRDA:73,0,0,0
BRDA:73,0,1,0
BRDA:73,0,2,0
BRDA:73,0,3,0
BRDA:79,1,0,0
BRDA:91,2,0,0
BRDA:97,3,0,0
BRDA:203,4,0,0
BRDA:232,5,0,0
BRDA:232,6,0,0
BRDA:232,6,1,0
BRDA:239,7,0,0
BRDA:241,8,0,0
BRDA:241,9,0,0
BRDA:241,9,1,0
BRDA:249,10,0,0
BRDA:252,11,0,0
BRDA:256,12,0,0
BRDA:256,12,1,0
BRDA:264,13,0,0
BRDA:280,14,0,0
BRDA:282,15,0,0
BRDA:282,15,1,0
BRDA:283,16,0,0
BRDA:283,16,1,0
BRDA:289,17,0,0
BRDA:289,17,1,0
BRDA:314,18,0,0
BRDA:314,18,1,0
BRDA:328,19,0,0
BRDA:328,19,1,0
BRDA:328,19,2,0
BRDA:357,20,0,0
BRDA:357,20,1,0
BRF:34
BRH:0
end_of_record
TN:
SF:src/components/CombatantCard.tsx
FN:24,(anonymous_9)
FN:49,(anonymous_10)
FN:60,(anonymous_11)
FN:61,onHit
FN:74,(anonymous_13)
FN:84,onDeath
FN:88,onTarget
FN:92,(anonymous_16)
FN:97,(anonymous_17)
FNF:9
FNH:0
FNDA:0,(anonymous_9)
FNDA:0,(anonymous_10)
FNDA:0,(anonymous_11)
FNDA:0,onHit
FNDA:0,(anonymous_13)
FNDA:0,onDeath
FNDA:0,onTarget
FNDA:0,(anonymous_16)
FNDA:0,(anonymous_17)
DA:1,0
DA:2,0
DA:3,0
DA:4,0
DA:5,0
DA:6,0
DA:24,0
DA:39,0
DA:41,0
DA:42,0
DA:43,0
DA:44,0
DA:45,0
DA:46,0
DA:49,0
DA:50,0
DA:51,0
DA:60,0
DA:62,0
DA:64,0
DA:66,0
DA:67,0
DA:68,0
DA:69,0
DA:75,0
DA:76,0
DA:79,0
DA:85,0
DA:86,0
DA:89,0
DA:90,0
DA:91,0
DA:92,0
DA:94,0
DA:95,0
DA:96,0
DA:97,0
DA:98,0
DA:99,0
DA:100,0
DA:105,0
DA:106,0
DA:107,0
DA:108,0
DA:109,0
DA:110,0
DA:111,0
DA:113,0
DA:169,0
LF:49
LH:0
BRDA:36,0,0,0
BRDA:37,1,0,0
BRDA:43,2,0,0
BRDA:43,2,1,0
BRDA:62,3,0,0
BRDA:66,4,0,0
BRDA:66,5,0,0
BRDA:66,5,1,0
BRDA:67,6,0,0
BRDA:67,6,1,0
BRDA:85,7,0,0
BRDA:89,8,0,0
BRDA:91,9,0,0
BRDA:91,9,1,0
BRDA:111,10,0,0
BRDA:111,10,1,0
BRDA:117,11,0,0
BRDA:117,11,1,0
BRDA:117,12,0,0
BRDA:117,12,1,0
BRDA:118,13,0,0
BRDA:118,13,1,0
BRDA:122,14,0,0
BRDA:122,14,1,0
BRDA:131,15,0,0
BRDA:131,15,1,0
BRDA:131,16,0,0
BRDA:131,16,1,0
BRDA:136,17,0,0
BRDA:136,17,1,0
BRDA:139,18,0,0
BRDA:139,18,1,0
BRDA:142,19,0,0
BRDA:142,19,1,0
BRDA:145,20,0,0
BRDA:145,20,1,0
BRDA:145,21,0,0
BRDA:145,21,1,0
BRDA:151,22,0,0
BRDA:151,22,1,0
BRF:40
BRH:0
end_of_record
TN:
SF:src/components/FeedbackLayer.tsx
FN:21,FeedbackLayer
FN:25,(anonymous_10)
FN:26,(anonymous_11)
FN:28,(anonymous_12)
FN:29,(anonymous_13)
FN:29,(anonymous_14)
FN:29,(anonymous_15)
FN:32,(anonymous_16)
FN:34,(anonymous_17)
FN:35,(anonymous_18)
FN:35,(anonymous_19)
FN:35,(anonymous_20)
FN:38,(anonymous_21)
FN:48,(anonymous_22)
FN:55,(anonymous_23)
FN:63,FloatingNumber
FN:66,(anonymous_25)
FN:98,ToastNotification
FN:101,(anonymous_27)
FN:125,(anonymous_28)
FNF:20
FNH:0
FNDA:0,FeedbackLayer
FNDA:0,(anonymous_10)
FNDA:0,(anonymous_11)
FNDA:0,(anonymous_12)
FNDA:0,(anonymous_13)
FNDA:0,(anonymous_14)
FNDA:0,(anonymous_15)
FNDA:0,(anonymous_16)
FNDA:0,(anonymous_17)
FNDA:0,(anonymous_18)
FNDA:0,(anonymous_19)
FNDA:0,(anonymous_20)
FNDA:0,(anonymous_21)
FNDA:0,(anonymous_22)
FNDA:0,(anonymous_23)
FNDA:0,FloatingNumber
FNDA:0,(anonymous_25)
FNDA:0,ToastNotification
FNDA:0,(anonymous_27)
FNDA:0,(anonymous_28)
DA:1,0
DA:2,0
DA:3,0
DA:4,0
DA:5,0
DA:7,0
DA:21,0
DA:22,0
DA:23,0
DA:25,0
DA:26,0
DA:27,0
DA:28,0
DA:29,0
DA:32,0
DA:33,0
DA:34,0
DA:35,0
DA:38,0
DA:39,0
DA:40,0
DA:44,0
DA:49,0
DA:56,0
DA:64,0
DA:66,0
DA:67,0
DA:68,0
DA:76,0
DA:81,0
DA:86,0
DA:91,0
DA:99,0
DA:101,0
DA:102,0
DA:103,0
DA:120,0
DA:125,0
DA:126,0
DA:127,0
DA:128,0
DA:129,0
DA:133,0
DA:143,0
LF:44
LH:0
BRDA:93,0,0,0
BRDA:93,0,1,0
BRDA:98,1,0,0
BRDA:126,2,0,0
BRDA:126,2,1,0
BRDA:126,2,2,0
BRF:6
BRH:0
end_of_record
TN:
SF:src/components/GoldDisplay.tsx
FNF:0
FNH:0
DA:1,0
DA:4,0
LF:2
LH:0
BRF:0
BRH:0
end_of_record
TN:
SF:src/components/GuildEmptyState.tsx
FN:4,GuildEmptyState
FNF:1
FNH:0
FNDA:0,GuildEmptyState
DA:1,0
DA:2,0
DA:4,0
DA:5,0
LF:4
LH:0
BRF:0
BRH:0
end_of_record
TN:
SF:src/components/HPBar.tsx
FN:12,HPBar
FN:15,(anonymous_2)
FNF:2
FNH:2
FNDA:3,HPBar
FNDA:3,(anonymous_2)
DA:1,1
DA:2,1
DA:3,1
DA:4,1
DA:12,1
DA:13,3
DA:15,3
DA:16,3
DA:17,3
DA:18,0
DA:19,0
DA:22,3
DA:44,1
LF:13
LH:11
BRDA:12,0,0,3
BRDA:17,1,0,3
BRDA:18,2,0,0
BRDA:34,3,0,3
BRDA:34,3,1,3
BRF:5
BRH:4
end_of_record
TN:
SF:src/components/HeroCard.tsx
FN:44,HeroCard
FN:57,(anonymous_2)
FN:57,(anonymous_3)
FN:65,(anonymous_4)
FN:91,(anonymous_5)
FN:99,(anonymous_6)
FN:106,(anonymous_7)
FN:113,(anonymous_8)
FN:120,(anonymous_9)
FN:128,(anonymous_10)
FN:193,(anonymous_11)
FN:224,(anonymous_12)
FN:241,(anonymous_13)
FNF:13
FNH:3
FNDA:3,HeroCard
FNDA:0,(anonymous_2)
FNDA:0,(anonymous_3)
FNDA:0,(anonymous_4)
FNDA:1,(anonymous_5)
FNDA:0,(anonymous_6)
FNDA:0,(anonymous_7)
FNDA:0,(anonymous_8)
FNDA:0,(anonymous_9)
FNDA:0,(anonymous_10)
FNDA:0,(anonymous_11)
FNDA:4,(anonymous_12)
FNDA:0,(anonymous_13)
DA:1,1
DA:2,1
DA:3,1
DA:4,1
DA:6,1
DA:7,1
DA:8,1
DA:9,1
DA:10,1
DA:11,1
DA:12,1
DA:13,1
DA:14,1
DA:35,1
DA:44,1
DA:54,3
DA:55,3
DA:56,3
DA:57,0
DA:60,3
DA:61,0
DA:65,0
DA:90,3
DA:92,1
DA:93,1
DA:99,0
DA:106,0
DA:113,0
DA:120,0
DA:126,3
DA:128,3
DA:129,0
DA:130,0
DA:131,0
DA:135,3
DA:194,0
DA:225,4
DA:239,3
DA:240,0
DA:241,0
DA:247,3
DA:250,1
LF:42
LH:29
BRDA:46,0,0,3
BRDA:47,1,0,3
BRDA:48,2,0,3
BRDA:49,3,0,1
BRDA:55,4,0,3
BRDA:55,4,1,3
BRDA:56,5,0,3
BRDA:56,5,1,0
BRDA:60,6,0,0
BRDA:69,7,0,0
BRDA:69,7,1,0
BRDA:70,8,0,0
BRDA:70,8,1,0
BRDA:75,9,0,0
BRDA:75,9,1,0
BRDA:75,10,0,0
BRDA:75,10,1,0
BRDA:76,11,0,0
BRDA:76,11,1,0
BRDA:76,12,0,0
BRDA:76,12,1,0
BRDA:90,13,0,1
BRDA:90,13,1,2
BRDA:99,14,0,0
BRDA:99,14,1,0
BRDA:106,15,0,0
BRDA:106,15,1,0
BRDA:113,16,0,0
BRDA:113,16,1,0
BRDA:120,17,0,0
BRDA:120,17,1,0
BRDA:126,18,0,0
BRDA:126,18,1,3
BRDA:129,19,0,0
BRDA:129,19,1,0
BRDA:129,20,0,0
BRDA:129,20,1,0
BRDA:130,21,0,0
BRDA:130,21,1,0
BRDA:143,22,0,3
BRDA:143,22,1,3
BRDA:143,23,0,0
BRDA:143,23,1,3
BRDA:144,24,0,0
BRDA:144,24,1,3
BRDA:144,25,0,3
BRDA:144,25,1,0
BRDA:152,26,0,0
BRDA:152,26,1,3
BRDA:174,27,0,3
BRDA:174,27,1,2
BRDA:176,28,0,2
BRDA:176,28,1,0
BRDA:178,29,0,2
BRDA:178,29,1,0
BRDA:180,30,0,2
BRDA:180,30,1,0
BRDA:182,31,0,2
BRDA:182,31,1,0
BRDA:184,32,0,2
BRDA:184,32,1,0
BRDA:186,33,0,2
BRDA:186,33,1,0
BRDA:191,34,0,3
BRDA:191,34,1,0
BRDA:201,35,0,0
BRDA:201,35,1,3
BRDA:201,36,0,3
BRDA:201,36,1,0
BRDA:203,37,0,0
BRDA:203,37,1,0
BRDA:208,38,0,0
BRDA:208,38,1,3
BRDA:208,39,0,3
BRDA:208,39,1,0
BRDA:210,40,0,0
BRDA:210,40,1,0
BRDA:215,41,0,0
BRDA:215,41,1,3
BRDA:215,42,0,3
BRDA:215,42,1,0
BRDA:217,43,0,0
BRDA:217,43,1,0
BRDA:229,44,0,4
BRDA:229,44,1,0
BRDA:239,45,0,0
BRF:86
BRH:32
end_of_record
TN:
SF:src/components/HeroDetailsModal.tsx
FN:17,HeroDetailsModal
FN:26,(anonymous_2)
FN:26,(anonymous_3)
FN:27,(anonymous_4)
FN:54,(anonymous_5)
FN:158,(anonymous_6)
FN:165,(anonymous_7)
FNF:7
FNH:0
FNDA:0,HeroDetailsModal
FNDA:0,(anonymous_2)
FNDA:0,(anonymous_3)
FNDA:0,(anonymous_4)
FNDA:0,(anonymous_5)
FNDA:0,(anonymous_6)
FNDA:0,(anonymous_7)
DA:1,0
DA:2,0
DA:4,0
DA:5,0
DA:6,0
DA:7,0
DA:8,0
DA:9,0
DA:17,0
DA:18,0
DA:20,0
DA:22,0
DA:23,0
DA:24,0
DA:25,0
DA:26,0
DA:27,0
DA:29,0
DA:32,0
DA:33,0
DA:34,0
DA:35,0
DA:36,0
DA:37,0
DA:39,0
DA:45,0
DA:54,0
DA:55,0
DA:64,0
DA:159,0
DA:166,0
DA:167,0
DA:168,0
DA:169,0
DA:191,0
LF:35
LH:0
BRDA:20,0,0,0
BRDA:22,1,0,0
BRDA:22,1,1,0
BRDA:23,2,0,0
BRDA:23,2,1,0
BRDA:24,3,0,0
BRDA:24,3,1,0
BRDA:25,4,0,0
BRDA:25,4,1,0
BRDA:35,5,0,0
BRDA:35,5,1,0
BRDA:36,6,0,0
BRDA:36,6,1,0
BRDA:37,7,0,0
BRDA:37,7,1,0
BRDA:60,8,0,0
BRDA:60,8,1,0
BRDA:71,9,0,0
BRDA:71,9,1,0
BRDA:87,10,0,0
BRDA:87,10,1,0
BRDA:95,11,0,0
BRDA:95,11,1,0
BRDA:101,12,0,0
BRDA:101,12,1,0
BRDA:107,13,0,0
BRDA:107,13,1,0
BRDA:125,14,0,0
BRDA:125,14,1,0
BRDA:130,15,0,0
BRDA:130,15,1,0
BRDA:135,16,0,0
BRDA:135,16,1,0
BRDA:140,17,0,0
BRDA:140,17,1,0
BRDA:143,18,0,0
BRDA:143,18,1,0
BRDA:144,19,0,0
BRDA:144,19,1,0
BRDA:147,20,0,0
BRDA:147,20,1,0
BRDA:155,21,0,0
BRDA:155,21,1,0
BRDA:166,22,0,0
BRDA:168,23,0,0
BRF:45
BRH:0
end_of_record
TN:
SF:src/components/Hexagon.tsx
FN:19,(anonymous_10)
FNF:1
FNH:0
FNDA:0,(anonymous_10)
DA:1,0
DA:2,0
DA:3,0
DA:4,0
DA:5,0
DA:19,0
DA:28,0
DA:29,0
DA:38,0
DA:47,0
DA:66,0
LF:11
LH:0
BRDA:21,0,0,0
BRDA:22,1,0,0
BRDA:23,2,0,0
BRF:3
BRH:0
end_of_record
TN:
SF:src/components/MissionActiveItem.tsx
FN:15,MissionActiveItem
FN:17,(anonymous_10)
FN:18,(anonymous_11)
FN:21,(anonymous_12)
FN:22,(anonymous_13)
FN:25,(anonymous_14)
FN:25,(anonymous_15)
FN:27,(anonymous_16)
FN:30,(anonymous_17)
FN:33,(anonymous_18)
FN:43,(anonymous_19)
FN:57,(anonymous_20)
FN:77,(anonymous_21)
FN:103,(anonymous_22)
FNF:14
FNH:0
FNDA:0,MissionActiveItem
FNDA:0,(anonymous_10)
FNDA:0,(anonymous_11)
FNDA:0,(anonymous_12)
FNDA:0,(anonymous_13)
FNDA:0,(anonymous_14)
FNDA:0,(anonymous_15)
FNDA:0,(anonymous_16)
FNDA:0,(anonymous_17)
FNDA:0,(anonymous_18)
FNDA:0,(anonymous_19)
FNDA:0,(anonymous_20)
FNDA:0,(anonymous_21)
FNDA:0,(anonymous_22)
DA:1,0
DA:2,0
DA:4,0
DA:5,0
DA:6,0
DA:7,0
DA:8,0
DA:15,0
DA:16,0
DA:17,0
DA:18,0
DA:19,0
DA:21,0
DA:22,0
DA:23,0
DA:24,0
DA:25,0
DA:27,0
DA:30,0
DA:31,0
DA:32,0
DA:33,0
DA:34,0
DA:37,0
DA:43,0
DA:58,0
DA:78,0
DA:104,0
DA:114,0
LF:29
LH:0
BRDA:24,0,0,0
BRDA:24,0,1,0
BRDA:25,1,0,0
BRDA:25,1,1,0
BRDA:31,2,0,0
BRDA:31,2,1,0
BRDA:32,3,0,0
BRDA:33,4,0,0
BRDA:33,4,1,0
BRDA:40,5,0,0
BRDA:40,5,1,0
BRDA:62,6,0,0
BRDA:62,6,1,0
BRDA:63,7,0,0
BRDA:63,7,1,0
BRDA:77,8,0,0
BRDA:77,8,1,0
BRDA:82,9,0,0
BRDA:82,9,1,0
BRDA:83,10,0,0
BRDA:83,10,1,0
BRDA:83,10,2,0
BRDA:101,11,0,0
BRDA:101,11,1,0
BRDA:101,11,2,0
BRF:25
BRH:0
end_of_record
TN:
SF:src/components/MissionHeroRow.tsx
FN:12,MissionHeroRow
FNF:1
FNH:0
FNDA:0,MissionHeroRow
DA:1,0
DA:2,0
DA:3,0
DA:5,0
DA:12,0
DA:13,0
DA:32,0
LF:7
LH:0
BRDA:17,0,0,0
BRDA:17,0,1,0
BRDA:17,1,0,0
BRDA:17,1,1,0
BRDA:25,2,0,0
BRDA:25,2,1,0
BRF:6
BRH:0
end_of_record
TN:
SF:src/components/MissionHeroSelectionModal.tsx
FN:58,(anonymous_9)
FN:67,(anonymous_10)
FN:72,(anonymous_11)
FN:76,(anonymous_12)
FN:86,(anonymous_13)
FN:87,(anonymous_14)
FN:88,(anonymous_15)
FN:90,(anonymous_16)
FN:101,(anonymous_17)
FN:103,(anonymous_18)
FN:104,(anonymous_19)
FN:105,(anonymous_20)
FN:110,(anonymous_21)
FN:113,(anonymous_22)
FN:113,(anonymous_23)
FN:117,(anonymous_24)
FN:118,(anonymous_25)
FN:120,(anonymous_26)
FN:123,(anonymous_27)
FN:130,(anonymous_28)
FN:131,(anonymous_29)
FN:140,(anonymous_30)
FN:145,(anonymous_31)
FN:163,(anonymous_32)
FN:170,(anonymous_33)
FN:173,(anonymous_34)
FN:205,(anonymous_35)
FN:210,(anonymous_36)
FN:212,(anonymous_37)
FN:223,(anonymous_38)
FN:226,(anonymous_39)
FN:227,(anonymous_40)
FN:228,(anonymous_41)
FN:235,(anonymous_42)
FN:237,(anonymous_43)
FN:238,(anonymous_44)
FN:257,(anonymous_45)
FN:260,(anonymous_46)
FN:265,(anonymous_47)
FN:319,(anonymous_48)
FN:331,(anonymous_49)
FN:335,(anonymous_50)
FN:341,(anonymous_51)
FN:349,(anonymous_52)
FN:352,(anonymous_53)
FN:357,(anonymous_54)
FN:359,(anonymous_55)
FN:382,(anonymous_56)
FN:394,(anonymous_57)
FN:394,(anonymous_58)
FNF:50
FNH:0
FNDA:0,(anonymous_9)
FNDA:0,(anonymous_10)
FNDA:0,(anonymous_11)
FNDA:0,(anonymous_12)
FNDA:0,(anonymous_13)
FNDA:0,(anonymous_14)
FNDA:0,(anonymous_15)
FNDA:0,(anonymous_16)
FNDA:0,(anonymous_17)
FNDA:0,(anonymous_18)
FNDA:0,(anonymous_19)
FNDA:0,(anonymous_20)
FNDA:0,(anonymous_21)
FNDA:0,(anonymous_22)
FNDA:0,(anonymous_23)
FNDA:0,(anonymous_24)
FNDA:0,(anonymous_25)
FNDA:0,(anonymous_26)
FNDA:0,(anonymous_27)
FNDA:0,(anonymous_28)
FNDA:0,(anonymous_29)
FNDA:0,(anonymous_30)
FNDA:0,(anonymous_31)
FNDA:0,(anonymous_32)
FNDA:0,(anonymous_33)
FNDA:0,(anonymous_34)
FNDA:0,(anonymous_35)
FNDA:0,(anonymous_36)
FNDA:0,(anonymous_37)
FNDA:0,(anonymous_38)
FNDA:0,(anonymous_39)
FNDA:0,(anonymous_40)
FNDA:0,(anonymous_41)
FNDA:0,(anonymous_42)
FNDA:0,(anonymous_43)
FNDA:0,(anonymous_44)
FNDA:0,(anonymous_45)
FNDA:0,(anonymous_46)
FNDA:0,(anonymous_47)
FNDA:0,(anonymous_48)
FNDA:0,(anonymous_49)
FNDA:0,(anonymous_50)
FNDA:0,(anonymous_51)
FNDA:0,(anonymous_52)
FNDA:0,(anonymous_53)
FNDA:0,(anonymous_54)
FNDA:0,(anonymous_55)
FNDA:0,(anonymous_56)
FNDA:0,(anonymous_57)
FNDA:0,(anonymous_58)
DA:1,0
DA:2,0
DA:16,0
DA:18,0
DA:19,0
DA:30,0
DA:31,0
DA:32,0
DA:33,0
DA:36,0
DA:38,0
DA:40,0
DA:58,0
DA:67,0
DA:68,0
DA:69,0
DA:72,0
DA:73,0
DA:74,0
DA:75,0
DA:76,0
DA:77,0
DA:78,0
DA:80,0
DA:86,0
DA:87,0
DA:88,0
DA:89,0
DA:90,0
DA:91,0
DA:92,0
DA:93,0
DA:95,0
DA:97,0
DA:101,0
DA:103,0
DA:104,0
DA:105,0
DA:106,0
DA:108,0
DA:110,0
DA:112,0
DA:113,0
DA:114,0
DA:117,0
DA:118,0
DA:120,0
DA:121,0
DA:123,0
DA:124,0
DA:125,0
DA:126,0
DA:130,0
DA:131,0
DA:132,0
DA:133,0
DA:134,0
DA:138,0
DA:140,0
DA:141,0
DA:142,0
DA:144,0
DA:145,0
DA:146,0
DA:149,0
DA:163,0
DA:165,0
DA:166,0
DA:167,0
DA:170,0
DA:171,0
DA:173,0
DA:174,0
DA:175,0
DA:177,0
DA:178,0
DA:180,0
DA:181,0
DA:184,0
DA:185,0
DA:187,0
DA:190,0
DA:191,0
DA:192,0
DA:193,0
DA:204,0
DA:205,0
DA:208,0
DA:210,0
DA:211,0
DA:212,0
DA:213,0
DA:214,0
DA:223,0
DA:224,0
DA:226,0
DA:228,0
DA:229,0
DA:230,0
DA:231,0
DA:235,0
DA:236,0
DA:237,0
DA:238,0
DA:239,0
DA:240,0
DA:241,0
DA:243,0
DA:253,0
DA:258,0
DA:261,0
DA:266,0
DA:267,0
DA:268,0
DA:310,0
DA:320,0
DA:321,0
DA:332,0
DA:333,0
DA:336,0
DA:341,0
DA:349,0
DA:353,0
DA:354,0
DA:357,0
DA:360,0
DA:361,0
DA:383,0
DA:394,0
DA:450,0
LF:130
LH:0
BRDA:73,0,0,0
BRDA:77,1,0,0
BRDA:77,1,1,0
BRDA:91,2,0,0
BRDA:91,3,0,0
BRDA:91,3,1,0
BRDA:97,4,0,0
BRDA:97,4,1,0
BRDA:112,5,0,0
BRDA:113,6,0,0
BRDA:113,6,1,0
BRDA:121,7,0,0
BRDA:142,8,0,0
BRDA:146,9,0,0
BRDA:166,10,0,0
BRDA:175,11,0,0
BRDA:175,11,1,0
BRDA:178,12,0,0
BRDA:178,12,1,0
BRDA:192,13,0,0
BRDA:211,14,0,0
BRDA:211,14,1,0
BRDA:213,15,0,0
BRDA:215,16,0,0
BRDA:215,16,1,0
BRDA:229,17,0,0
BRDA:230,18,0,0
BRDA:250,19,0,0
BRDA:250,19,1,0
BRDA:261,20,0,0
BRDA:263,21,0,0
BRDA:263,21,1,0
BRDA:266,22,0,0
BRDA:268,23,0,0
BRDA:268,23,1,0
BRDA:268,24,0,0
BRDA:268,24,1,0
BRDA:271,25,0,0
BRDA:271,25,1,0
BRDA:276,26,0,0
BRDA:276,26,1,0
BRDA:278,27,0,0
BRDA:278,27,1,0
BRDA:280,28,0,0
BRDA:280,28,1,0
BRDA:282,29,0,0
BRDA:282,29,1,0
BRDA:287,30,0,0
BRDA:287,30,1,0
BRDA:287,31,0,0
BRDA:287,31,1,0
BRDA:289,32,0,0
BRDA:289,32,1,0
BRDA:289,33,0,0
BRDA:289,33,1,0
BRDA:291,34,0,0
BRDA:291,34,1,0
BRDA:293,35,0,0
BRDA:293,35,1,0
BRDA:293,36,0,0
BRDA:293,36,1,0
BRDA:296,37,0,0
BRDA:296,37,1,0
BRDA:301,38,0,0
BRDA:301,38,1,0
BRDA:321,39,0,0
BRDA:321,40,0,0
BRDA:321,40,1,0
BRDA:356,41,0,0
BRDA:356,41,1,0
BRDA:361,42,0,0
BRDA:361,42,1,0
BRDA:361,43,0,0
BRDA:361,43,1,0
BRDA:366,44,0,0
BRDA:366,44,1,0
BRDA:366,45,0,0
BRDA:366,45,1,0
BRDA:368,46,0,0
BRDA:368,46,1,0
BRDA:368,47,0,0
BRDA:368,47,1,0
BRDA:378,48,0,0
BRDA:378,48,1,0
BRDA:399,49,0,0
BRDA:399,49,1,0
BRDA:400,50,0,0
BRDA:400,50,1,0
BRDA:407,51,0,0
BRDA:407,51,1,0
BRDA:414,52,0,0
BRDA:414,52,1,0
BRDA:416,53,0,0
BRDA:416,53,1,0
BRDA:417,54,0,0
BRDA:417,54,1,0
BRDA:421,55,0,0
BRDA:421,55,1,0
BRDA:429,56,0,0
BRDA:429,56,1,0
BRDA:429,57,0,0
BRDA:429,57,1,0
BRDA:440,58,0,0
BRDA:440,58,1,0
BRDA:440,59,0,0
BRDA:440,59,1,0
BRF:106
BRH:0
end_of_record
TN:
SF:src/components/MissionListItem.tsx
FN:12,MissionListItem
FN:35,(anonymous_2)
FN:46,(anonymous_3)
FNF:3
FNH:0
FNDA:0,MissionListItem
FNDA:0,(anonymous_2)
FNDA:0,(anonymous_3)
DA:1,0
DA:2,0
DA:3,0
DA:12,0
DA:13,0
DA:36,0
DA:46,0
DA:54,0
LF:8
LH:0
BRDA:18,0,0,0
BRDA:18,0,1,0
BRDA:33,1,0,0
BRDA:33,1,1,0
BRDA:33,1,2,0
BRF:5
BRH:0
end_of_record
TN:
SF:src/components/MissionPlaybackModal.tsx
FN:40,(anonymous_1)
FN:47,(anonymous_2)
FN:51,(anonymous_3)
FN:110,(anonymous_4)
FNF:4
FNH:0
FNDA:0,(anonymous_1)
FNDA:0,(anonymous_2)
FNDA:0,(anonymous_3)
FNDA:0,(anonymous_4)
DA:1,0
DA:2,0
DA:13,0
DA:14,0
DA:22,0
DA:23,0
DA:25,0
DA:40,0
DA:45,0
DA:47,0
DA:48,0
DA:49,0
DA:50,0
DA:51,0
DA:53,0
DA:84,0
DA:87,0
DA:89,0
DA:111,0
DA:128,0
LF:20
LH:0
BRDA:51,0,0,0
BRDA:51,0,1,0
BRDA:66,1,0,0
BRDA:66,1,1,0
BRDA:66,2,0,0
BRDA:66,2,1,0
BRDA:70,3,0,0
BRDA:70,3,1,0
BRDA:73,4,0,0
BRDA:73,4,1,0
BRDA:73,5,0,0
BRDA:73,5,1,0
BRDA:73,6,0,0
BRDA:73,6,1,0
BRDA:87,7,0,0
BRDA:116,8,0,0
BRDA:116,8,1,0
BRF:17
BRH:0
end_of_record
TN:
SF:src/components/MissionResultModal.tsx
FN:16,MissionResultModal
FN:28,(anonymous_11)
FN:50,(anonymous_12)
FN:57,(anonymous_13)
FN:58,(anonymous_14)
FN:73,(anonymous_15)
FN:74,(anonymous_16)
FN:84,(anonymous_17)
FN:92,(anonymous_18)
FN:102,(anonymous_19)
FN:107,(anonymous_20)
FN:108,(anonymous_21)
FN:109,(anonymous_22)
FN:184,(anonymous_23)
FN:199,(anonymous_24)
FN:201,(anonymous_25)
FN:209,(anonymous_26)
FN:210,(anonymous_27)
FNF:18
FNH:0
FNDA:0,MissionResultModal
FNDA:0,(anonymous_11)
FNDA:0,(anonymous_12)
FNDA:0,(anonymous_13)
FNDA:0,(anonymous_14)
FNDA:0,(anonymous_15)
FNDA:0,(anonymous_16)
FNDA:0,(anonymous_17)
FNDA:0,(anonymous_18)
FNDA:0,(anonymous_19)
FNDA:0,(anonymous_20)
FNDA:0,(anonymous_21)
FNDA:0,(anonymous_22)
FNDA:0,(anonymous_23)
FNDA:0,(anonymous_24)
FNDA:0,(anonymous_25)
FNDA:0,(anonymous_26)
FNDA:0,(anonymous_27)
DA:1,0
DA:2,0
DA:3,0
DA:4,0
DA:5,0
DA:6,0
DA:7,0
DA:8,0
DA:10,0
DA:11,0
DA:12,0
DA:14,0
DA:16,0
DA:17,0
DA:18,0
DA:19,0
DA:20,0
DA:21,0
DA:22,0
DA:23,0
DA:24,0
DA:26,0
DA:28,0
DA:29,0
DA:30,0
DA:31,0
DA:32,0
DA:35,0
DA:49,0
DA:50,0
DA:53,0
DA:54,0
DA:55,0
DA:57,0
DA:58,0
DA:60,0
DA:61,0
DA:62,0
DA:63,0
DA:64,0
DA:65,0
DA:68,0
DA:69,0
DA:73,0
DA:74,0
DA:75,0
DA:76,0
DA:77,0
DA:79,0
DA:80,0
DA:84,0
DA:85,0
DA:86,0
DA:89,0
DA:92,0
DA:93,0
DA:94,0
DA:96,0
DA:100,0
DA:102,0
DA:103,0
DA:104,0
DA:107,0
DA:108,0
DA:109,0
DA:114,0
DA:115,0
DA:122,0
DA:123,0
DA:127,0
DA:185,0
DA:199,0
DA:202,0
DA:210,0
DA:211,0
DA:212,0
DA:213,0
DA:214,0
DA:216,0
DA:267,0
LF:80
LH:0
BRDA:18,0,0,0
BRDA:18,0,1,0
BRDA:26,1,0,0
BRDA:26,1,1,0
BRDA:29,2,0,0
BRDA:49,3,0,0
BRDA:54,4,0,0
BRDA:54,4,1,0
BRDA:54,5,0,0
BRDA:54,5,1,0
BRDA:60,6,0,0
BRDA:60,6,1,0
BRDA:60,7,0,0
BRDA:60,7,1,0
BRDA:63,8,0,0
BRDA:63,9,0,0
BRDA:63,9,1,0
BRDA:68,10,0,0
BRDA:75,11,0,0
BRDA:79,12,0,0
BRDA:89,13,0,0
BRDA:89,13,1,0
BRDA:93,14,0,0
BRDA:100,15,0,0
BRDA:114,16,0,0
BRDA:114,16,1,0
BRDA:115,17,0,0
BRDA:115,17,1,0
BRDA:117,18,0,0
BRDA:117,18,1,0
BRDA:122,19,0,0
BRDA:122,19,1,0
BRDA:123,20,0,0
BRDA:123,20,1,0
BRDA:139,21,0,0
BRDA:139,21,1,0
BRDA:148,22,0,0
BRDA:148,22,1,0
BRDA:149,23,0,0
BRDA:149,23,1,0
BRDA:150,24,0,0
BRDA:150,24,1,0
BRDA:169,25,0,0
BRDA:169,25,1,0
BRDA:169,26,0,0
BRDA:169,26,1,0
BRDA:172,27,0,0
BRDA:172,27,1,0
BRDA:172,28,0,0
BRDA:172,28,1,0
BRDA:180,29,0,0
BRDA:180,29,1,0
BRDA:180,29,2,0
BRDA:211,30,0,0
BRDA:211,30,1,0
BRDA:212,31,0,0
BRDA:212,31,1,0
BRDA:220,32,0,0
BRDA:220,32,1,0
BRDA:226,33,0,0
BRDA:226,33,1,0
BRDA:226,33,2,0
BRDA:234,34,0,0
BRDA:234,34,1,0
BRDA:242,35,0,0
BRDA:242,35,1,0
BRDA:242,36,0,0
BRDA:242,36,1,0
BRDA:401,37,0,0
BRDA:401,37,1,0
BRF:70
BRH:0
end_of_record
TN:
SF:src/components/OfflineSummaryModal.tsx
FN:14,OfflineSummaryModal
FN:43,(anonymous_2)
FN:49,(anonymous_3)
FNF:3
FNH:0
FNDA:0,OfflineSummaryModal
FNDA:0,(anonymous_2)
FNDA:0,(anonymous_3)
DA:1,0
DA:2,0
DA:3,0
DA:5,0
DA:14,0
DA:15,0
DA:17,0
DA:18,0
DA:20,0
DA:44,0
DA:50,0
DA:86,0
LF:12
LH:0
BRDA:15,0,0,0
BRDA:44,1,0,0
BRDA:44,1,1,0
BRDA:44,1,2,0
BRDA:44,1,3,0
BRDA:65,2,0,0
BRDA:65,2,1,0
BRF:7
BRH:0
end_of_record
TN:
SF:src/components/RecruitButton.tsx
FN:13,RecruitButton
FNF:1
FNH:0
FNDA:0,RecruitButton
DA:1,0
DA:2,0
DA:3,0
DA:4,0
DA:13,0
DA:14,0
DA:31,0
LF:7
LH:0
BRDA:16,0,0,0
BRDA:16,0,1,0
BRDA:22,1,0,0
BRDA:22,1,1,0
BRDA:23,2,0,0
BRDA:23,2,1,0
BRF:6
BRH:0
end_of_record
TN:
SF:src/components/StatBar.tsx
FN:12,StatBar
FNF:1
FNH:0
FNDA:0,StatBar
DA:1,0
DA:2,0
DA:4,0
DA:12,0
DA:13,0
DA:21,0
LF:6
LH:0
BRF:0
BRH:0
end_of_record
TN:
SF:src/components/TaskButton.tsx
FN:13,TaskButton
FNF:1
FNH:1
FNDA:4,TaskButton
DA:1,1
DA:2,1
DA:3,1
DA:13,1
DA:20,4
DA:46,1
LF:6
LH:6
BRDA:17,0,0,0
BRDA:18,1,0,0
BRDA:24,2,0,0
BRDA:24,2,1,4
BRDA:26,3,0,1
BRDA:26,3,1,3
BRDA:37,4,0,1
BRDA:37,4,1,3
BRF:8
BRH:5
end_of_record
TN:
SF:src/components/ui/Banner.tsx
FN:12,Banner
FNF:1
FNH:1
FNDA:2,Banner
DA:1,1
DA:2,1
DA:3,1
DA:4,1
DA:12,1
DA:13,2
DA:29,1
LF:7
LH:7
BRDA:22,0,0,1
BRDA:22,0,1,1
BRF:2
BRH:2
end_of_record
TN:
SF:src/components/ui/Button.tsx
FN:29,Button
FNF:1
FNH:1
FNDA:5,Button
DA:1,1
DA:2,1
DA:3,1
DA:4,1
DA:5,1
DA:17,1
DA:23,1
DA:29,1
DA:30,5
DA:32,5
DA:39,5
DA:40,1
DA:47,4
DA:56,1
LF:14
LH:14
BRDA:29,0,0,1
BRDA:29,1,0,5
BRDA:29,2,0,5
BRDA:29,3,0,5
BRDA:33,4,0,0
BRDA:33,4,1,5
BRDA:34,5,0,0
BRDA:34,5,1,5
BRDA:34,6,0,5
BRDA:34,6,1,0
BRDA:39,7,0,1
BRDA:41,8,0,1
BRDA:41,8,1,1
BRDA:41,9,0,0
BRDA:41,9,1,1
BRDA:48,10,0,4
BRDA:48,10,1,4
BRDA:48,11,0,0
BRDA:48,11,1,4
BRF:19
BRH:14
end_of_record
TN:
SF:src/components/ui/Card.tsx
FN:14,Card
FNF:1
FNH:1
FNDA:2,Card
DA:1,1
DA:2,1
DA:3,1
DA:14,1
DA:15,2
DA:19,2
DA:21,2
DA:22,0
DA:24,2
DA:27,1
LF:10
LH:9
BRDA:14,0,0,2
BRDA:14,1,0,2
BRDA:15,2,0,1
BRDA:15,2,1,1
BRDA:21,3,0,0
BRF:5
BRH:4
end_of_record
TN:
SF:src/components/ui/ComingSoon.tsx
FN:12,ComingSoon
FNF:1
FNH:0
FNDA:0,ComingSoon
DA:1,0
DA:2,0
DA:3,0
DA:4,0
DA:12,0
DA:13,0
DA:27,0
LF:7
LH:0
BRF:0
BRH:0
end_of_record
TN:
SF:src/components/ui/DesignSystemScreen.tsx
FN:19,DesignSystemScreen
FN:26,(anonymous_2)
FN:27,(anonymous_3)
FN:28,(anonymous_4)
FN:29,(anonymous_5)
FN:33,(anonymous_6)
FN:46,(anonymous_7)
FNF:7
FNH:0
FNDA:0,DesignSystemScreen
FNDA:0,(anonymous_2)
FNDA:0,(anonymous_3)
FNDA:0,(anonymous_4)
FNDA:0,(anonymous_5)
FNDA:0,(anonymous_6)
FNDA:0,(anonymous_7)
DA:1,0
DA:2,0
DA:3,0
DA:4,0
DA:5,0
DA:6,0
DA:7,0
DA:8,0
DA:9,0
DA:10,0
DA:11,0
DA:12,0
DA:16,0
DA:17,0
DA:19,0
DA:20,0
DA:34,0
DA:46,0
DA:67,0
LF:19
LH:0
BRF:0
BRH:0
end_of_record
TN:
SF:src/components/ui/Divider.tsx
FN:11,Divider
FNF:1
FNH:1
FNDA:2,Divider
DA:1,1
DA:2,1
DA:3,1
DA:4,1
DA:11,1
DA:12,2
DA:13,1
DA:15,1
DA:26,1
LF:9
LH:9
BRDA:11,0,0,1
BRDA:11,1,0,2
BRDA:12,2,0,1
BRF:3
BRH:3
end_of_record
TN:
SF:src/components/ui/EmptyState.tsx
FN:15,EmptyState
FNF:1
FNH:1
FNDA:2,EmptyState
DA:1,1
DA:2,1
DA:3,1
DA:4,1
DA:5,1
DA:6,1
DA:15,1
DA:16,2
DA:29,1
LF:9
LH:9
BRDA:15,0,0,0
BRDA:18,1,0,1
BRDA:18,1,1,1
BRDA:24,2,0,1
BRDA:24,2,1,1
BRF:5
BRH:4
end_of_record
TN:
SF:src/components/ui/Icon.tsx
FN:58,Icon
FNF:1
FNH:1
FNDA:5,Icon
DA:1,3
DA:2,3
DA:4,3
DA:5,3
DA:6,3
DA:21,3
DA:42,3
DA:49,3
DA:58,3
DA:59,5
DA:60,5
DA:62,4
DA:63,4
DA:65,3
DA:66,3
DA:68,1
LF:16
LH:16
BRDA:58,0,0,0
BRDA:58,1,0,5
BRDA:60,2,0,1
BRDA:63,3,0,1
BRDA:66,4,0,2
BRF:5
BRH:4
end_of_record
TN:
SF:src/components/ui/LoadingScreen.tsx
FN:10,LoadingScreen
FNF:1
FNH:0
FNDA:0,LoadingScreen
DA:1,0
DA:2,0
DA:3,0
DA:4,0
DA:10,0
DA:11,0
DA:20,0
LF:7
LH:0
BRDA:10,0,0,0
BRF:1
BRH:0
end_of_record
TN:
SF:src/components/ui/OrnateFrame.tsx
FN:14,OrnateFrame
FNF:1
FNH:1
FNDA:1,OrnateFrame
DA:1,1
DA:2,1
DA:3,1
DA:4,1
DA:14,1
DA:15,1
DA:16,1
DA:33,1
LF:8
LH:8
BRDA:14,0,0,1
BRDA:14,1,0,1
BRDA:14,2,0,1
BRDA:14,3,0,1
BRDA:15,4,0,1
BRDA:15,4,1,0
BRF:6
BRH:5
end_of_record
TN:
SF:src/components/ui/Parchment.tsx
FN:14,Parchment
FNF:1
FNH:1
FNDA:1,Parchment
DA:1,1
DA:2,1
DA:3,1
DA:4,1
DA:14,1
DA:16,1
DA:20,1
DA:27,1
LF:8
LH:8
BRDA:14,0,0,1
BRDA:14,1,0,1
BRDA:16,2,0,1
BRDA:16,2,1,0
BRDA:22,3,0,1
BRDA:22,3,1,0
BRF:6
BRH:4
end_of_record
TN:
SF:src/components/ui/PressableScale.tsx
FN:16,PressableScale
FN:24,(anonymous_11)
FN:32,(anonymous_12)
FN:36,(anonymous_13)
FNF:4
FNH:2
FNDA:2,PressableScale
FNDA:2,(anonymous_11)
FNDA:0,(anonymous_12)
FNDA:0,(anonymous_13)
DA:1,1
DA:2,1
DA:3,1
DA:14,1
DA:16,1
DA:23,2
DA:24,2
DA:28,2
DA:33,0
DA:34,0
DA:37,0
DA:38,0
DA:46,1
LF:13
LH:9
BRDA:17,0,0,2
BRF:1
BRH:1
end_of_record
TN:
SF:src/components/ui/ScreenContainer.tsx
FN:15,ScreenContainer
FNF:1
FNH:0
FNDA:0,ScreenContainer
DA:1,0
DA:2,0
DA:3,0
DA:4,0
DA:5,0
DA:6,0
DA:15,0
DA:21,0
DA:23,0
DA:36,0
DA:42,0
DA:51,0
LF:12
LH:0
BRDA:17,0,0,0
BRDA:19,1,0,0
BRDA:23,2,0,0
BRDA:23,2,1,0
BRDA:45,3,0,0
BRDA:45,3,1,0
BRF:6
BRH:0
end_of_record
TN:
SF:src/components/ui/Seal.tsx
FN:14,Seal
FNF:1
FNH:1
FNDA:2,Seal
DA:1,1
DA:2,1
DA:4,1
DA:5,1
DA:6,1
DA:14,1
DA:15,2
DA:17,2
DA:21,2
DA:34,1
LF:10
LH:10
BRDA:14,0,0,1
BRDA:14,1,0,1
BRDA:15,2,0,1
BRDA:15,2,1,1
BRDA:17,3,0,0
BRDA:17,3,1,2
BRDA:25,4,0,1
BRDA:25,4,1,1
BRDA:26,5,0,1
BRDA:26,5,1,1
BRF:10
BRH:9
end_of_record
TN:
SF:src/components/ui/Shimmer.tsx
FN:19,Shimmer
FN:22,(anonymous_10)
FN:30,(anonymous_11)
FNF:3
FNH:3
FNDA:2,Shimmer
FNDA:2,(anonymous_10)
FNDA:2,(anonymous_11)
DA:1,1
DA:2,1
DA:3,1
DA:4,1
DA:11,1
DA:19,1
DA:20,2
DA:22,2
DA:23,2
DA:30,2
DA:34,2
DA:57,1
LF:12
LH:12
BRDA:19,0,0,1
BRDA:19,1,0,1
BRF:2
BRH:2
end_of_record
TN:
SF:src/components/ui/icons/ClassSeals.tsx
FN:22,ClassSeal
FNF:1
FNH:1
FNDA:9,ClassSeal
DA:1,4
DA:2,4
DA:4,4
DA:13,4
DA:22,4
DA:23,9
LF:6
LH:6
BRDA:22,0,0,0
BRDA:22,1,0,6
BRF:2
BRH:1
end_of_record
TN:
SF:src/components/ui/icons/FrameCorner.tsx
FN:10,FrameCorner
FNF:1
FNH:1
FNDA:5,FrameCorner
DA:1,2
DA:2,2
DA:3,2
DA:10,2
DA:11,5
LF:5
LH:5
BRDA:10,0,0,4
BRDA:10,1,0,1
BRF:2
BRH:2
end_of_record
TN:
SF:src/components/ui/icons/StatIcons.tsx
FN:10,HpIcon
FN:18,AtkIcon
FN:26,MpIcon
FN:34,DefIcon
FNF:4
FNH:4
FNDA:2,HpIcon
FNDA:1,AtkIcon
FNDA:1,MpIcon
FNDA:1,DefIcon
DA:1,4
DA:2,4
DA:3,4
DA:10,4
DA:11,2
DA:18,4
DA:19,1
DA:26,4
DA:27,1
DA:34,4
DA:35,1
LF:11
LH:11
BRDA:10,0,0,0
BRDA:10,1,0,1
BRDA:18,2,0,0
BRDA:18,3,0,1
BRDA:26,4,0,0
BRDA:26,5,0,1
BRDA:34,6,0,0
BRDA:34,7,0,1
BRF:8
BRH:4
end_of_record
TN:
SF:src/constants/achievements.ts
FN:13,(anonymous_0)
FN:14,(anonymous_1)
FN:15,(anonymous_2)
FN:16,(anonymous_3)
FN:17,(anonymous_4)
FN:18,(anonymous_5)
FN:19,(anonymous_6)
FN:20,(anonymous_7)
FN:21,(anonymous_8)
FN:22,(anonymous_9)
FN:23,(anonymous_10)
FNF:11
FNH:11
FNDA:493,(anonymous_0)
FNDA:498,(anonymous_1)
FNDA:501,(anonymous_2)
FNDA:497,(anonymous_3)
FNDA:498,(anonymous_4)
FNDA:501,(anonymous_5)
FNDA:501,(anonymous_6)
FNDA:501,(anonymous_7)
FNDA:501,(anonymous_8)
FNDA:501,(anonymous_9)
FNDA:500,(anonymous_10)
DA:12,30
DA:13,493
DA:14,498
DA:15,501
DA:16,497
DA:17,498
DA:18,501
DA:19,501
DA:20,501
DA:21,501
DA:22,501
DA:23,500
LF:12
LH:12
BRDA:18,0,0,501
BRDA:18,0,1,0
BRDA:19,1,0,501
BRDA:19,1,1,0
BRDA:20,2,0,501
BRDA:20,2,1,0
BRDA:21,3,0,501
BRDA:21,3,1,487
BRDA:22,4,0,501
BRDA:22,4,1,487
BRDA:23,5,0,500
BRDA:23,5,1,0
BRF:12
BRH:8
end_of_record
TN:
SF:src/constants/assets.ts
FNF:0
FNH:0
DA:1,3
DA:3,3
DA:12,3
LF:3
LH:3
BRF:0
BRH:0
end_of_record
TN:
SF:src/constants/classes.ts
FNF:0
FNH:0
DA:17,33
LF:1
LH:1
BRF:0
BRH:0
end_of_record
TN:
SF:src/constants/dailyQuests.ts
FN:25,pickDailyQuests
FN:27,(anonymous_1)
FN:45,getDailySeed
FNF:3
FNH:3
FNDA:48,pickDailyQuests
FNDA:864,(anonymous_1)
FNDA:503,getDailySeed
DA:10,32
DA:21,32
DA:22,32
DA:25,32
DA:27,48
DA:28,864
DA:29,864
DA:30,864
DA:33,48
DA:34,48
DA:35,48
DA:36,192
DA:37,144
DA:38,144
DA:39,144
DA:42,48
DA:45,32
DA:46,503
DA:47,503
LF:19
LH:19
BRDA:25,0,0,48
BRDA:36,1,0,48
BRDA:37,2,0,144
BRF:3
BRH:3
end_of_record
TN:
SF:src/constants/enemySkills.ts
FN:28,assignEnemySkills
FN:46,(anonymous_1)
FN:53,(anonymous_2)
FN:66,(anonymous_3)
FN:67,(anonymous_4)
FNF:5
FNH:4
FNDA:90,assignEnemySkills
FNDA:0,(anonymous_1)
FNDA:512,(anonymous_2)
FNDA:112,(anonymous_3)
FNDA:42,(anonymous_4)
DA:10,37
DA:28,37
DA:35,90
DA:36,55
DA:37,35
DA:38,0
DA:40,35
DA:44,90
DA:45,26
DA:46,0
DA:47,0
DA:49,26
DA:53,512
DA:56,64
DA:57,64
DA:58,245
DA:59,245
DA:62,64
DA:65,64
DA:66,112
DA:67,42
DA:68,12
DA:72,64
LF:23
LH:20
BRDA:35,0,0,55
BRDA:35,0,1,35
BRDA:37,1,0,0
BRDA:37,1,1,35
BRDA:44,2,0,26
BRDA:44,3,0,90
BRDA:44,3,1,55
BRDA:45,4,0,0
BRDA:65,5,0,14
BRDA:67,6,0,12
BRF:10
BRH:8
end_of_record
TN:
SF:src/constants/equipment.ts
FNF:0
FNH:0
DA:9,33
DA:15,33
DA:21,33
LF:3
LH:3
BRF:0
BRH:0
end_of_record
TN:
SF:src/constants/game.ts
FNF:0
FNH:0
DA:2,47
DA:5,47
DA:8,47
DA:11,47
DA:14,47
DA:15,47
DA:18,47
DA:19,47
DA:21,47
DA:23,47
DA:26,47
DA:27,47
DA:28,47
DA:29,47
DA:30,47
DA:31,47
DA:32,47
DA:33,47
DA:34,47
DA:35,47
DA:36,47
DA:39,47
DA:40,47
DA:41,47
DA:44,47
DA:45,47
DA:46,47
DA:47,47
DA:48,47
DA:51,47
DA:52,47
DA:53,47
DA:54,47
DA:56,47
DA:57,47
DA:58,47
DA:59,47
DA:62,47
DA:65,47
DA:68,47
DA:69,47
DA:70,47
DA:71,47
DA:72,47
DA:75,47
DA:78,47
DA:81,47
DA:84,47
DA:85,47
DA:86,47
DA:87,47
DA:88,47
DA:89,47
DA:90,47
DA:91,47
DA:92,47
DA:95,47
DA:105,47
LF:58
LH:58
BRF:0
BRH:0
end_of_record
TN:
SF:src/constants/materials.ts
FN:48,getDropsForEnemy
FN:92,hasEnoughMaterials
FN:103,deductMaterials
FNF:3
FNH:3
FNDA:42,getDropsForEnemy
FNDA:14,hasEnoughMaterials
FNDA:10,deductMaterials
DA:9,36
DA:23,36
DA:48,36
DA:53,42
DA:54,42
DA:56,9
DA:57,9
DA:60,9
DA:63,9
DA:64,1
DA:65,1
DA:66,0
DA:67,0
DA:69,0
DA:73,8
DA:74,7
DA:75,1
DA:76,1
DA:78,0
DA:82,9
DA:85,9
DA:86,1
DA:89,9
DA:92,36
DA:96,14
DA:97,16
DA:98,16
DA:100,11
DA:103,36
DA:107,10
DA:108,10
DA:109,13
DA:111,10
LF:33
LH:29
BRDA:54,0,0,33
BRDA:63,1,0,1
BRDA:63,1,1,8
BRDA:64,2,0,1
BRDA:64,2,1,0
BRDA:66,3,0,0
BRDA:66,3,1,0
BRDA:73,4,0,7
BRDA:73,4,1,1
BRDA:75,5,0,1
BRDA:75,5,1,0
BRDA:85,6,0,1
BRDA:85,7,0,9
BRDA:85,7,1,3
BRDA:97,8,0,16
BRDA:97,8,1,0
BRDA:98,9,0,3
BRDA:109,10,0,13
BRDA:109,10,1,0
BRF:19
BRH:13
end_of_record
TN:
SF:src/constants/missions.ts
FNF:0
FNH:0
DA:41,33
LF:1
LH:1
BRF:0
BRH:0
end_of_record
TN:
SF:src/constants/personalities.ts
FNF:0
FNH:0
DA:10,33
DA:43,33
LF:2
LH:2
BRF:0
BRH:0
end_of_record
TN:
SF:src/constants/shop.ts
FNF:0
FNH:0
DA:15,29
LF:1
LH:1
BRF:0
BRH:0
end_of_record
TN:
SF:src/constants/skills.ts
FN:190,getClassSkills
FN:191,(anonymous_1)
FN:195,getUnlockedSkills
FN:199,(anonymous_3)
FN:207,getSkillsWithStatus
FN:211,(anonymous_5)
FNF:6
FNH:6
FNDA:453,getClassSkills
FNDA:8154,(anonymous_1)
FNDA:2545,getUnlockedSkills
FNDA:1338,(anonymous_3)
FNDA:1,getSkillsWithStatus
FNDA:3,(anonymous_5)
DA:13,39
DA:190,39
DA:191,8154
DA:195,39
DA:196,2545
DA:197,446
DA:199,446
DA:200,1338
DA:201,1338
DA:202,1338
DA:207,39
DA:208,1
DA:209,1
DA:211,1
DA:212,3
DA:213,3
DA:214,3
DA:215,3
LF:18
LH:18
BRDA:196,0,0,2099
BRDA:196,1,0,2545
BRDA:196,1,1,1515
BRDA:201,2,0,1338
BRDA:201,2,1,0
BRDA:208,3,0,0
BRDA:213,4,0,3
BRDA:213,4,1,0
BRF:8
BRH:5
end_of_record
TN:
SF:src/constants/synergies.ts
FN:21,getActiveSynergies
FN:22,(anonymous_1)
FNF:2
FNH:2
FNDA:41,getActiveSynergies
FNDA:246,(anonymous_1)
DA:11,37
DA:21,37
DA:22,41
DA:23,246
LF:4
LH:4
BRDA:23,0,0,246
BRDA:23,0,1,57
BRF:2
BRH:2
end_of_record
TN:
SF:src/constants/weeklyBosses.ts
FN:80,getWeeklyBoss
FN:86,bossToMissionTemplate
FNF:2
FNH:2
FNDA:18,getWeeklyBoss
FNDA:19,bossToMissionTemplate
DA:22,32
DA:80,32
DA:81,18
DA:82,18
DA:86,32
DA:87,19
LF:6
LH:6
BRF:0
BRH:0
end_of_record
TN:
SF:src/constants/weeklyQuests.ts
FN:22,getWeeklySeed
FN:31,pickWeeklyQuests
FN:32,(anonymous_2)
FNF:3
FNH:3
FNDA:521,getWeeklySeed
FNDA:38,pickWeeklyQuests
FNDA:418,(anonymous_2)
DA:10,36
DA:19,36
DA:20,36
DA:22,36
DA:23,521
DA:24,521
DA:25,521
DA:28,521
DA:31,36
DA:32,38
DA:33,418
DA:34,418
DA:35,418
DA:37,38
DA:38,38
DA:39,38
DA:40,152
DA:41,114
DA:42,114
DA:43,114
DA:46,38
LF:21
LH:21
BRDA:31,0,0,38
BRDA:40,1,0,38
BRDA:41,2,0,114
BRF:3
BRH:3
end_of_record
TN:
SF:src/context/GameContext.tsx
FN:34,(anonymous_9)
FN:35,(anonymous_10)
FN:36,(anonymous_11)
FN:39,(anonymous_12)
FN:40,(anonymous_13)
FN:41,(anonymous_14)
FN:42,(anonymous_15)
FN:45,GameProvider
FN:52,(anonymous_17)
FN:60,(anonymous_18)
FN:72,(anonymous_19)
FN:73,initialize
FN:102,(anonymous_21)
FN:103,(anonymous_22)
FN:117,(anonymous_23)
FN:121,(anonymous_24)
FN:125,(anonymous_25)
FN:129,(anonymous_26)
FN:133,(anonymous_27)
FNF:19
FNH:4
FNDA:0,(anonymous_9)
FNDA:0,(anonymous_10)
FNDA:0,(anonymous_11)
FNDA:0,(anonymous_12)
FNDA:0,(anonymous_13)
FNDA:0,(anonymous_14)
FNDA:0,(anonymous_15)
FNDA:2,GameProvider
FNDA:1,(anonymous_17)
FNDA:0,(anonymous_18)
FNDA:1,(anonymous_19)
FNDA:1,initialize
FNDA:0,(anonymous_21)
FNDA:0,(anonymous_22)
FNDA:0,(anonymous_23)
FNDA:0,(anonymous_24)
FNDA:0,(anonymous_25)
FNDA:0,(anonymous_26)
FNDA:0,(anonymous_27)
DA:1,9
DA:11,9
DA:12,9
DA:13,9
DA:14,9
DA:15,9
DA:16,9
DA:17,9
DA:32,9
DA:45,9
DA:46,2
DA:47,2
DA:48,2
DA:49,2
DA:52,2
DA:53,1
DA:57,2
DA:60,2
DA:61,0
DA:64,2
DA:72,2
DA:74,1
DA:75,1
DA:76,1
DA:77,1
DA:78,1
DA:79,1
DA:81,0
DA:85,0
DA:87,0
DA:92,0
DA:95,1
DA:98,1
DA:101,2
DA:103,0
DA:104,0
DA:106,0
DA:107,0
DA:110,0
DA:112,0
DA:117,2
DA:118,0
DA:121,2
DA:122,0
DA:125,2
DA:126,0
DA:129,2
DA:130,0
DA:133,2
DA:134,0
DA:136,0
DA:137,0
DA:138,0
DA:140,0
DA:142,0
DA:146,2
LF:56
LH:35
BRDA:76,0,0,1
BRDA:78,1,0,1
BRDA:78,1,1,0
BRDA:85,2,0,0
BRDA:85,2,1,0
BRDA:104,3,0,0
BRDA:106,4,0,0
BRDA:134,5,0,0
BRF:8
BRH:2
end_of_record
TN:
SF:src/context/achievementHandler.ts
FN:4,checkAchievements
FNF:1
FNH:1
FNDA:502,checkAchievements
DA:2,30
DA:4,30
DA:5,502
DA:6,502
DA:7,502
DA:8,502
DA:9,502
DA:11,502
DA:12,5522
DA:13,5492
DA:14,43
DA:15,43
DA:16,43
DA:17,43
DA:21,502
DA:23,22
DA:24,22
LF:17
LH:17
BRDA:5,0,0,502
BRDA:5,0,1,483
BRDA:12,1,0,30
BRDA:13,2,0,43
BRDA:15,3,0,43
BRDA:15,3,1,0
BRDA:16,4,0,43
BRDA:16,4,1,39
BRDA:17,5,0,43
BRDA:17,5,1,41
BRDA:21,6,0,480
BRDA:23,7,0,22
BRDA:23,7,1,15
BRF:13
BRH:12
end_of_record
TN:
SF:src/context/dailyQuestHandler.ts
FN:4,refreshDailyQuests
FN:13,(anonymous_1)
FN:20,updateDailyProgress
FN:30,claimDailyQuest
FN:32,(anonymous_4)
FN:37,(anonymous_5)
FN:44,(anonymous_6)
FN:47,(anonymous_7)
FNF:8
FNH:8
FNDA:499,refreshDailyQuests
FNDA:120,(anonymous_1)
FNDA:49,updateDailyProgress
FNDA:11,claimDailyQuest
FNDA:14,(anonymous_4)
FNDA:12,(anonymous_5)
FNDA:12,(anonymous_6)
FNDA:10,(anonymous_7)
DA:2,32
DA:4,32
DA:5,499
DA:6,499
DA:8,40
DA:9,40
DA:13,120
DA:20,32
DA:21,49
DA:22,36
DA:23,36
DA:24,36
DA:30,32
DA:31,11
DA:32,14
DA:33,9
DA:36,7
DA:37,12
DA:38,7
DA:41,6
DA:42,6
DA:44,4
DA:45,12
DA:47,10
DA:48,4
DA:50,4
LF:26
LH:26
BRDA:6,0,0,459
BRDA:21,1,0,13
BRDA:21,2,0,49
BRDA:21,2,1,38
BRDA:23,3,0,36
BRDA:23,3,1,35
BRDA:31,4,0,2
BRDA:33,5,0,2
BRDA:33,6,0,9
BRDA:33,6,1,8
BRDA:38,7,0,1
BRDA:41,8,0,6
BRDA:41,8,1,1
BRDA:42,9,0,2
BRDA:45,10,0,4
BRDA:45,10,1,8
BRDA:48,11,0,1
BRDA:48,11,1,3
BRDA:48,12,0,4
BRDA:48,12,1,1
BRF:20
BRH:20
end_of_record
TN:
SF:src/context/equipmentHandler.ts
FN:9,generateEquipment
FN:11,(anonymous_1)
FN:15,(anonymous_2)
FN:29,createGuaranteedEquipment
FN:33,handleForgeEquipment
FN:34,(anonymous_5)
FN:41,(anonymous_6)
FN:43,(anonymous_7)
FN:59,handleCollectEquipment
FN:62,(anonymous_9)
FN:66,handleEquipItem
FN:67,(anonymous_11)
FN:68,(anonymous_12)
FN:74,(anonymous_13)
FN:78,(anonymous_14)
FN:82,handleUnequipItem
FN:85,(anonymous_16)
FN:85,(anonymous_17)
FNF:18
FNH:18
FNDA:17,generateEquipment
FNDA:27,(anonymous_1)
FNDA:28,(anonymous_2)
FNDA:8,createGuaranteedEquipment
FNDA:13,handleForgeEquipment
FNDA:15,(anonymous_5)
FNDA:3,(anonymous_6)
FNDA:9,(anonymous_7)
FNDA:2,handleCollectEquipment
FNDA:1,(anonymous_9)
FNDA:3,handleEquipItem
FNDA:2,(anonymous_11)
FNDA:2,(anonymous_12)
FNDA:1,(anonymous_13)
FNDA:1,(anonymous_14)
FNDA:2,handleUnequipItem
FNDA:1,(anonymous_16)
FNDA:1,(anonymous_17)
DA:2,32
DA:3,32
DA:4,32
DA:5,32
DA:6,32
DA:7,32
DA:10,17
DA:11,27
DA:13,17
DA:14,17
DA:15,28
DA:16,17
DA:17,17
DA:18,22
DA:19,22
DA:20,22
DA:22,17
DA:29,32
DA:30,8
DA:33,32
DA:34,15
DA:35,13
DA:36,13
DA:37,13
DA:38,13
DA:39,10
DA:40,9
DA:41,9
DA:42,9
DA:43,9
DA:44,7
DA:46,9
DA:47,9
DA:48,9
DA:55,9
DA:56,9
DA:59,32
DA:60,2
DA:62,1
DA:66,32
DA:67,3
DA:68,3
DA:69,3
DA:70,2
DA:71,2
DA:72,1
DA:74,1
DA:75,1
DA:76,1
DA:78,1
DA:82,32
DA:83,2
DA:85,1
LF:53
LH:53
BRDA:10,0,0,9
BRDA:10,0,1,8
BRDA:35,1,0,0
BRDA:37,2,0,0
BRDA:38,3,0,3
BRDA:39,4,0,1
BRDA:39,5,0,10
BRDA:39,5,1,0
BRDA:41,6,0,9
BRDA:41,6,1,3
BRDA:42,7,0,7
BRDA:44,8,0,7
BRDA:47,9,0,9
BRDA:47,9,1,0
BRDA:52,10,0,9
BRDA:52,10,1,3
BRDA:53,11,0,9
BRDA:53,11,1,3
BRDA:62,12,0,2
BRDA:62,12,1,1
BRDA:68,13,0,3
BRDA:68,13,1,1
BRDA:69,14,0,1
BRDA:69,15,0,3
BRDA:69,15,1,2
BRDA:70,16,0,2
BRDA:70,16,1,1
BRDA:71,17,0,1
BRDA:72,18,0,0
BRDA:74,19,0,1
BRDA:74,19,1,1
BRDA:75,20,0,0
BRDA:78,21,0,1
BRDA:78,21,1,0
BRDA:85,22,0,1
BRDA:85,22,1,0
BRDA:85,23,0,1
BRDA:85,23,1,0
BRF:38
BRH:29
end_of_record
TN:
SF:src/context/gameReducer.ts
FN:45,gameReducer
FNF:1
FNH:1
FNDA:523,gameReducer
DA:2,29
DA:3,29
DA:4,29
DA:10,29
DA:18,29
DA:22,29
DA:28,29
DA:29,29
DA:30,29
DA:31,29
DA:34,29
DA:45,29
DA:46,523
DA:48,473
DA:51,10
DA:54,2
DA:57,2
DA:60,2
DA:63,2
DA:66,3
DA:69,2
DA:72,1
DA:75,1
DA:78,7
DA:81,3
DA:84,5
DA:87,2
DA:90,3
DA:93,2
DA:96,1
DA:99,0
DA:102,0
DA:105,0
DA:108,1
DA:109,1
DA:111,0
DA:115,1
LF:37
LH:33
BRDA:46,0,0,473
BRDA:46,0,1,10
BRDA:46,0,2,2
BRDA:46,0,3,2
BRDA:46,0,4,2
BRDA:46,0,5,2
BRDA:46,0,6,3
BRDA:46,0,7,2
BRDA:46,0,8,1
BRDA:46,0,9,1
BRDA:46,0,10,7
BRDA:46,0,11,3
BRDA:46,0,12,5
BRDA:46,0,13,2
BRDA:46,0,14,3
BRDA:46,0,15,2
BRDA:46,0,16,1
BRDA:46,0,17,0
BRDA:46,0,18,0
BRDA:46,0,19,0
BRDA:46,0,20,1
BRDA:46,0,21,1
BRF:22
BRH:19
end_of_record
TN:
SF:src/context/heroHandler.ts
FN:9,handleRecruitHero
FN:26,handleBuyChest
FN:27,(anonymous_2)
FN:39,handleConfirmChestReveal
FN:47,handleStartInfirmary
FN:48,(anonymous_5)
FN:49,(anonymous_6)
FN:58,(anonymous_7)
FN:64,handleReleaseFromInfirmary
FN:68,(anonymous_9)
FN:74,handleSetHeroTask
FN:75,(anonymous_11)
FN:80,(anonymous_12)
FNF:13
FNH:13
FNDA:2,handleRecruitHero
FNDA:3,handleBuyChest
FNDA:5,(anonymous_2)
FNDA:2,handleConfirmChestReveal
FNDA:7,handleStartInfirmary
FNDA:60,(anonymous_5)
FNDA:8,(anonymous_6)
FNDA:60,(anonymous_7)
FNDA:3,handleReleaseFromInfirmary
FNDA:3,(anonymous_9)
FNDA:2,handleSetHeroTask
FNDA:2,(anonymous_11)
FNDA:1,(anonymous_12)
DA:1,29
DA:2,29
DA:3,29
DA:4,29
DA:5,29
DA:6,29
DA:7,29
DA:9,29
DA:10,2
DA:11,2
DA:13,1
DA:14,1
DA:15,1
DA:17,1
DA:23,1
DA:26,29
DA:27,5
DA:28,3
DA:30,2
DA:31,2
DA:33,1
DA:39,29
DA:40,2
DA:47,29
DA:48,60
DA:49,7
DA:50,8
DA:51,8
DA:54,7
DA:56,7
DA:59,60
DA:64,29
DA:65,3
DA:66,3
DA:69,3
DA:74,29
DA:75,2
DA:76,2
DA:78,1
DA:81,1
LF:40
LH:40
BRDA:11,0,0,1
BRDA:28,1,0,1
BRDA:31,2,0,1
BRDA:51,3,0,8
BRDA:51,3,1,8
BRDA:51,3,2,7
BRDA:54,4,0,0
BRDA:59,5,0,7
BRDA:59,5,1,53
BRDA:65,6,0,3
BRDA:65,6,1,0
BRDA:69,7,0,2
BRDA:69,7,1,1
BRDA:76,8,0,1
BRDA:76,9,0,2
BRDA:76,9,1,2
BRDA:81,10,0,1
BRDA:81,10,1,0
BRF:18
BRH:15
end_of_record
TN:
SF:src/context/missionHandler.ts
FN:21,validateMissionRequirements
FN:26,(anonymous_1)
FN:31,(anonymous_2)
FN:36,(anonymous_3)
FN:45,handleStartMission
FN:46,(anonymous_5)
FN:50,(anonymous_6)
FN:70,(anonymous_7)
FN:71,(anonymous_8)
FN:75,(anonymous_9)
FN:76,(anonymous_10)
FN:91,(anonymous_11)
FN:104,(anonymous_12)
FN:118,(anonymous_13)
FN:134,handleDismissMissionResult
FN:137,(anonymous_15)
FN:145,bossTemplateToMissionTemplate
FN:159,handleStartWeeklyBoss
FN:173,(anonymous_18)
FN:184,(anonymous_19)
FN:185,(anonymous_20)
FN:189,(anonymous_21)
FN:190,(anonymous_22)
FN:195,(anonymous_23)
FN:200,(anonymous_24)
FN:236,(anonymous_25)
FN:249,(anonymous_26)
FN:260,handleCompleteMission
FN:261,(anonymous_28)
FN:264,(anonymous_29)
FN:265,(anonymous_30)
FNF:31
FNH:28
FNDA:12,validateMissionRequirements
FNDA:5,(anonymous_1)
FNDA:6,(anonymous_2)
FNDA:4,(anonymous_3)
FNDA:23,handleStartMission
FNDA:126,(anonymous_5)
FNDA:28,(anonymous_6)
FNDA:9,(anonymous_7)
FNDA:9,(anonymous_8)
FNDA:9,(anonymous_9)
FNDA:0,(anonymous_10)
FNDA:9,(anonymous_11)
FNDA:109,(anonymous_12)
FNDA:11,(anonymous_13)
FNDA:2,handleDismissMissionResult
FNDA:3,(anonymous_15)
FNDA:5,bossTemplateToMissionTemplate
FNDA:8,handleStartWeeklyBoss
FNDA:25,(anonymous_18)
FNDA:19,(anonymous_19)
FNDA:19,(anonymous_20)
FNDA:19,(anonymous_21)
FNDA:0,(anonymous_22)
FNDA:19,(anonymous_23)
FNDA:0,(anonymous_24)
FNDA:423,(anonymous_25)
FNDA:25,(anonymous_26)
FNDA:2,handleCompleteMission
FNDA:2,(anonymous_28)
FNDA:2,(anonymous_29)
FNDA:2,(anonymous_30)
DA:1,29
DA:2,29
DA:3,29
DA:4,29
DA:5,29
DA:6,29
DA:7,29
DA:8,29
DA:9,29
DA:17,29
DA:18,29
DA:22,12
DA:24,7
DA:25,14
DA:26,5
DA:27,1
DA:29,9
DA:30,6
DA:31,6
DA:32,2
DA:34,3
DA:35,3
DA:36,4
DA:37,3
DA:38,1
DA:42,3
DA:45,29
DA:46,126
DA:47,23
DA:48,21
DA:50,28
DA:51,19
DA:52,19
DA:54,19
DA:55,20
DA:56,20
DA:57,7
DA:59,13
DA:63,12
DA:64,12
DA:65,4
DA:66,4
DA:69,8
DA:70,9
DA:71,9
DA:72,8
DA:73,8
DA:75,9
DA:76,8
DA:78,8
DA:91,8
DA:92,9
DA:93,9
DA:96,8
DA:97,8
DA:103,8
DA:104,109
DA:110,8
DA:111,8
DA:112,8
DA:114,0
DA:115,0
DA:118,8
DA:119,11
DA:127,8
DA:134,29
DA:135,2
DA:137,3
DA:146,5
DA:159,29
DA:166,8
DA:168,6
DA:169,6
DA:171,6
DA:173,25
DA:174,5
DA:175,5
DA:177,5
DA:178,19
DA:179,19
DA:180,19
DA:183,5
DA:184,19
DA:185,19
DA:186,5
DA:187,5
DA:189,19
DA:190,5
DA:192,5
DA:195,5
DA:196,19
DA:197,19
DA:198,0
DA:199,0
DA:200,0
DA:201,0
DA:202,0
DA:203,0
DA:204,0
DA:205,0
DA:206,0
DA:207,0
DA:208,0
DA:210,0
DA:211,0
DA:213,0
DA:216,5
DA:229,5
DA:230,5
DA:235,5
DA:236,423
DA:241,5
DA:242,5
DA:243,5
DA:245,0
DA:246,0
DA:249,5
DA:250,25
DA:253,5
DA:260,29
DA:261,2
DA:262,2
DA:264,2
DA:265,2
DA:266,2
DA:269,2
LF:126
LH:108
BRDA:22,0,0,5
BRDA:25,1,0,5
BRDA:25,1,1,9
BRDA:26,2,0,1
BRDA:29,3,0,6
BRDA:29,3,1,3
BRDA:30,4,0,2
BRDA:30,4,1,4
BRDA:31,5,0,2
BRDA:34,6,0,3
BRDA:35,7,0,3
BRDA:35,7,1,0
BRDA:37,8,0,1
BRDA:47,9,0,2
BRDA:48,10,0,2
BRDA:48,11,0,21
BRDA:48,11,1,0
BRDA:51,12,0,19
BRDA:51,12,1,11
BRDA:56,13,0,7
BRDA:56,14,0,20
BRDA:56,14,1,18
BRDA:64,15,0,4
BRDA:86,16,0,0
BRDA:86,16,1,8
BRDA:87,17,0,8
BRDA:87,17,1,8
BRDA:104,18,0,8
BRDA:104,18,1,0
BRDA:114,19,0,0
BRDA:119,20,0,9
BRDA:119,20,1,2
BRDA:130,21,0,8
BRDA:130,21,1,0
BRDA:137,22,0,2
BRDA:137,22,1,0
BRDA:166,23,0,2
BRDA:168,24,0,6
BRDA:168,24,1,0
BRDA:171,25,0,1
BRDA:171,26,0,6
BRDA:171,26,1,0
BRDA:174,27,0,5
BRDA:174,27,1,0
BRDA:179,28,0,0
BRDA:179,29,0,19
BRDA:179,29,1,19
BRDA:196,30,0,19
BRDA:196,30,1,19
BRDA:197,31,0,19
BRDA:200,32,0,0
BRDA:200,32,1,0
BRDA:201,33,0,0
BRDA:203,34,0,0
BRDA:204,35,0,0
BRDA:205,36,0,0
BRDA:206,37,0,0
BRDA:206,38,0,0
BRDA:206,38,1,0
BRDA:207,39,0,0
BRDA:207,40,0,0
BRDA:207,40,1,0
BRDA:208,41,0,0
BRDA:208,42,0,0
BRDA:208,42,1,0
BRDA:210,43,0,0
BRDA:224,44,0,0
BRDA:224,44,1,5
BRDA:236,45,0,5
BRDA:236,45,1,0
BRDA:250,46,0,19
BRDA:250,46,1,6
BRDA:256,47,0,5
BRDA:256,47,1,0
BRDA:261,48,0,2
BRDA:261,48,1,0
BRDA:262,49,0,0
BRDA:264,50,0,2
BRDA:264,50,1,0
BRDA:266,51,0,2
BRDA:266,51,1,0
BRF:81
BRH:47
end_of_record
TN:
SF:src/context/pantheonHandler.ts
FN:12,calculatePantheonBonuses
FN:13,(anonymous_1)
FN:15,(anonymous_2)
FN:32,createFusedHero
FN:33,(anonymous_4)
FN:46,(anonymous_5)
FN:59,(anonymous_6)
FN:103,handleFuseHeroes
FN:104,(anonymous_8)
FN:104,(anonymous_9)
FN:107,(anonymous_10)
FN:116,(anonymous_11)
FNF:12
FNH:12
FNDA:9,calculatePantheonBonuses
FNDA:18,(anonymous_1)
FNDA:16,(anonymous_2)
FNDA:7,createFusedHero
FNDA:21,(anonymous_4)
FNDA:21,(anonymous_5)
FNDA:21,(anonymous_6)
FNDA:4,handleFuseHeroes
FNDA:12,(anonymous_8)
FNDA:24,(anonymous_9)
FNDA:10,(anonymous_10)
FNDA:10,(anonymous_11)
DA:1,31
DA:2,31
DA:3,31
DA:4,31
DA:6,31
DA:7,31
DA:12,31
DA:13,18
DA:14,9
DA:15,16
DA:17,9
DA:18,9
DA:19,9
DA:21,9
DA:22,9
DA:23,9
DA:24,9
DA:26,9
DA:32,31
DA:33,21
DA:34,7
DA:35,7
DA:37,7
DA:38,7
DA:39,7
DA:40,7
DA:41,7
DA:42,7
DA:43,7
DA:45,7
DA:46,21
DA:53,7
DA:59,21
DA:60,7
DA:61,7
DA:63,7
DA:64,7
DA:65,7
DA:66,7
DA:67,7
DA:68,7
DA:70,7
DA:72,7
DA:73,7
DA:74,7
DA:76,7
DA:103,31
DA:104,24
DA:105,4
DA:107,10
DA:109,3
DA:111,3
DA:112,3
DA:114,3
DA:116,10
DA:118,3
DA:124,3
DA:126,3
LF:58
LH:58
BRDA:13,0,0,18
BRDA:13,0,1,0
BRDA:15,1,0,16
BRDA:15,1,1,0
BRDA:21,2,0,8
BRDA:22,3,0,3
BRDA:23,4,0,1
BRDA:24,5,0,1
BRDA:35,6,0,7
BRDA:35,6,1,0
BRDA:38,7,0,7
BRDA:38,7,1,0
BRDA:39,8,0,7
BRDA:39,8,1,0
BRDA:40,9,0,7
BRDA:40,9,1,6
BRDA:41,10,0,7
BRDA:41,10,1,0
BRDA:42,11,0,7
BRDA:42,11,1,0
BRDA:43,12,0,7
BRDA:43,12,1,0
BRDA:47,13,0,21
BRDA:47,13,1,0
BRDA:48,14,0,21
BRDA:48,14,1,0
BRDA:49,15,0,21
BRDA:49,15,1,0
BRDA:59,16,0,21
BRDA:59,16,1,0
BRDA:105,17,0,0
BRDA:107,18,0,1
BRDA:111,19,0,3
BRDA:111,20,0,3
BRDA:111,20,1,3
BRDA:114,21,0,3
BRDA:114,21,1,0
BRDA:121,22,0,3
BRDA:121,22,1,3
BRF:39
BRH:25
end_of_record
TN:
SF:src/context/systemHandler.ts
FN:3,handleSetTickInterval
FN:10,handleSetTrainInflation
FNF:2
FNH:2
FNDA:2,handleSetTickInterval
FNDA:2,handleSetTrainInflation
DA:3,29
DA:4,2
DA:10,29
DA:11,2
LF:4
LH:4
BRF:0
BRH:0
end_of_record
TN:
SF:src/context/tickHandler.ts
FN:37,processTraining
FN:39,(anonymous_1)
FN:90,processRegeneration
FN:91,(anonymous_3)
FN:93,(anonymous_4)
FN:123,processMissions
FN:132,(anonymous_6)
FN:138,(anonymous_7)
FN:140,(anonymous_8)
FN:162,(anonymous_9)
FN:172,(anonymous_10)
FN:181,(anonymous_11)
FN:194,(anonymous_12)
FN:195,(anonymous_13)
FN:208,(anonymous_14)
FN:209,(anonymous_15)
FN:219,(anonymous_16)
FN:235,(anonymous_17)
FN:235,(anonymous_18)
FN:242,(anonymous_19)
FN:247,(anonymous_20)
FN:248,(anonymous_21)
FN:250,(anonymous_22)
FN:268,(anonymous_23)
FN:271,(anonymous_24)
FN:274,(anonymous_25)
FN:279,(anonymous_26)
FN:280,(anonymous_27)
FN:284,(anonymous_28)
FN:285,(anonymous_29)
FN:293,(anonymous_30)
FN:314,(anonymous_31)
FN:315,(anonymous_32)
FN:323,(anonymous_33)
FN:324,(anonymous_34)
FN:340,(anonymous_35)
FN:341,(anonymous_36)
FN:349,(anonymous_37)
FN:350,(anonymous_38)
FN:352,(anonymous_39)
FN:355,(anonymous_40)
FN:376,handleTick
FN:387,(anonymous_42)
FN:422,(anonymous_43)
FN:422,(anonymous_44)
FN:451,(anonymous_45)
FNF:46
FNH:40
FNDA:494,processTraining
FNDA:1027,(anonymous_1)
FNDA:494,processRegeneration
FNDA:1027,(anonymous_3)
FNDA:1027,(anonymous_4)
FNDA:494,processMissions
FNDA:29,(anonymous_6)
FNDA:74,(anonymous_7)
FNDA:19,(anonymous_8)
FNDA:4,(anonymous_9)
FNDA:4,(anonymous_10)
FNDA:4,(anonymous_11)
FNDA:5,(anonymous_12)
FNDA:3,(anonymous_13)
FNDA:21,(anonymous_14)
FNDA:60,(anonymous_15)
FNDA:1,(anonymous_16)
FNDA:29,(anonymous_17)
FNDA:16,(anonymous_18)
FNDA:16,(anonymous_19)
FNDA:33,(anonymous_20)
FNDA:60,(anonymous_21)
FNDA:7,(anonymous_22)
FNDA:2,(anonymous_23)
FNDA:2,(anonymous_24)
FNDA:2,(anonymous_25)
FNDA:2,(anonymous_26)
FNDA:2,(anonymous_27)
FNDA:2,(anonymous_28)
FNDA:0,(anonymous_29)
FNDA:31,(anonymous_30)
FNDA:0,(anonymous_31)
FNDA:0,(anonymous_32)
FNDA:0,(anonymous_33)
FNDA:0,(anonymous_34)
FNDA:31,(anonymous_35)
FNDA:58,(anonymous_36)
FNDA:16,(anonymous_37)
FNDA:56,(anonymous_38)
FNDA:19,(anonymous_39)
FNDA:24,(anonymous_40)
FNDA:494,handleTick
FNDA:0,(anonymous_42)
FNDA:16,(anonymous_43)
FNDA:13,(anonymous_44)
FNDA:15,(anonymous_45)
DA:1,29
DA:2,29
DA:19,29
DA:20,29
DA:21,29
DA:22,29
DA:23,29
DA:24,29
DA:25,29
DA:26,29
DA:27,29
DA:28,29
DA:29,29
DA:30,29
DA:32,29
DA:33,29
DA:38,494
DA:39,494
DA:40,1027
DA:41,1027
DA:45,7
DA:48,7
DA:49,7
DA:50,7
DA:52,7
DA:53,7
DA:54,7
DA:56,7
DA:57,7
DA:58,4
DA:59,4
DA:60,4
DA:61,4
DA:64,7
DA:65,5
DA:66,5
DA:67,5
DA:68,5
DA:69,2
DA:70,1
DA:72,1
DA:75,7
DA:77,7
DA:78,7
DA:79,7
DA:80,7
DA:83,1020
DA:86,494
DA:91,1027
DA:93,494
DA:94,1027
DA:95,458
DA:96,458
DA:97,454
DA:98,454
DA:101,458
DA:102,458
DA:103,458
DA:105,458
DA:106,458
DA:107,15
DA:108,15
DA:111,458
DA:112,458
DA:118,569
DA:132,494
DA:133,494
DA:134,494
DA:136,494
DA:137,29
DA:138,74
DA:139,29
DA:140,19
DA:141,8
DA:143,29
DA:145,28
DA:146,28
DA:148,28
DA:149,26
DA:150,26
DA:151,26
DA:152,104
DA:153,104
DA:154,75
DA:155,75
DA:158,29
DA:159,23
DA:161,23
DA:162,4
DA:163,4
DA:164,4
DA:171,23
DA:172,4
DA:173,3
DA:174,3
DA:175,3
DA:179,23
DA:180,8
DA:181,4
DA:182,3
DA:183,3
DA:185,5
DA:186,1
DA:190,23
DA:191,23
DA:193,23
DA:194,5
DA:195,3
DA:196,3
DA:197,2
DA:199,3
DA:201,23
DA:203,6
DA:208,28
DA:209,60
DA:210,28
DA:211,1
DA:214,28
DA:216,16
DA:217,15
DA:219,1
DA:220,1
DA:228,1
DA:230,16
DA:232,28
DA:235,494
DA:236,494
DA:237,494
DA:238,494
DA:239,494
DA:242,494
DA:243,16
DA:244,16
DA:247,16
DA:248,60
DA:249,33
DA:250,33
DA:251,33
DA:252,7
DA:255,33
DA:259,16
DA:260,2
DA:261,0
DA:266,16
DA:267,2
DA:268,2
DA:269,2
DA:271,2
DA:272,2
DA:274,2
DA:275,2
DA:276,2
DA:279,2
DA:280,2
DA:281,2
DA:282,2
DA:284,2
DA:285,2
DA:287,2
DA:288,2
DA:293,31
DA:298,2
DA:314,0
DA:315,0
DA:316,0
DA:317,0
DA:323,0
DA:324,0
DA:325,0
DA:326,0
DA:333,14
DA:334,6
DA:335,6
DA:339,14
DA:340,14
DA:341,58
DA:342,31
DA:343,31
DA:349,494
DA:350,56
DA:351,16
DA:352,19
DA:353,8
DA:355,24
DA:356,16
DA:365,494
DA:376,29
DA:377,494
DA:378,494
DA:381,494
DA:382,494
DA:385,494
DA:386,494
DA:387,1027
DA:389,494
DA:390,494
DA:391,1027
DA:392,1027
DA:393,1027
DA:394,0
DA:395,0
DA:401,494
DA:412,494
DA:414,494
DA:415,494
DA:418,494
DA:419,494
DA:422,16
DA:426,494
DA:436,494
DA:437,0
DA:438,0
DA:439,0
DA:441,0
DA:443,494
DA:444,0
DA:448,494
DA:449,6
DA:450,6
DA:451,15
DA:452,6
DA:453,5
DA:454,5
DA:462,494
DA:463,494
DA:464,16
DA:466,494
DA:467,3
DA:469,494
DA:470,15
DA:474,494
DA:475,16
DA:477,494
DA:478,3
DA:480,494
DA:481,15
DA:485,494
LF:237
LH:221
BRDA:41,0,0,5
BRDA:41,0,1,6
BRDA:41,0,2,7
BRDA:41,0,3,1020
BRDA:45,1,0,5
BRDA:45,1,1,2
BRDA:46,2,0,1
BRDA:46,2,1,1
BRDA:48,3,0,7
BRDA:48,3,1,5
BRDA:50,4,0,7
BRDA:50,4,1,5
BRDA:52,5,0,0
BRDA:52,5,1,7
BRDA:53,6,0,7
BRDA:53,6,1,7
BRDA:64,7,0,5
BRDA:64,7,1,2
BRDA:67,8,0,5
BRDA:67,8,1,0
BRDA:68,9,0,3
BRDA:68,9,1,2
BRDA:69,10,0,1
BRDA:69,10,1,1
BRDA:78,11,0,7
BRDA:78,11,1,5
BRDA:79,12,0,7
BRDA:79,12,1,5
BRDA:91,13,0,501
BRDA:91,13,1,526
BRDA:91,14,0,501
BRDA:91,14,1,0
BRDA:94,15,0,458
BRDA:94,16,0,1027
BRDA:94,16,1,506
BRDA:94,16,2,975
BRDA:96,17,0,454
BRDA:102,18,0,458
BRDA:102,18,1,7
BRDA:132,19,0,494
BRDA:132,19,1,0
BRDA:139,20,0,8
BRDA:139,21,0,29
BRDA:139,21,1,9
BRDA:141,22,0,8
BRDA:143,23,0,1
BRDA:145,24,0,28
BRDA:145,24,1,0
BRDA:148,25,0,26
BRDA:148,26,0,28
BRDA:148,26,1,26
BRDA:153,27,0,75
BRDA:158,28,0,23
BRDA:158,28,1,6
BRDA:158,29,0,29
BRDA:158,29,1,8
BRDA:158,30,0,29
BRDA:158,30,1,0
BRDA:161,31,0,4
BRDA:161,32,0,23
BRDA:161,32,1,12
BRDA:161,32,2,5
BRDA:163,33,0,4
BRDA:166,34,0,4
BRDA:166,34,1,0
BRDA:171,35,0,3
BRDA:171,36,0,23
BRDA:171,36,1,11
BRDA:171,36,2,3
BRDA:171,36,3,3
BRDA:173,37,0,3
BRDA:174,38,0,3
BRDA:174,38,1,0
BRDA:174,39,0,3
BRDA:174,39,1,0
BRDA:179,40,0,8
BRDA:179,41,0,23
BRDA:179,41,1,8
BRDA:180,42,0,3
BRDA:180,42,1,5
BRDA:180,43,0,8
BRDA:180,43,1,3
BRDA:182,44,0,3
BRDA:185,45,0,1
BRDA:185,46,0,5
BRDA:185,46,1,5
BRDA:193,47,0,3
BRDA:194,48,0,3
BRDA:194,48,1,0
BRDA:194,49,0,5
BRDA:194,49,1,0
BRDA:195,50,0,3
BRDA:195,50,1,3
BRDA:196,51,0,2
BRDA:196,52,0,3
BRDA:196,52,1,1
BRDA:197,53,0,2
BRDA:208,54,0,28
BRDA:208,54,1,2
BRDA:208,55,0,21
BRDA:208,55,1,0
BRDA:209,56,0,60
BRDA:209,56,1,45
BRDA:210,57,0,1
BRDA:210,58,0,28
BRDA:210,58,1,9
BRDA:210,58,2,19
BRDA:214,59,0,16
BRDA:214,60,0,28
BRDA:214,60,1,19
BRDA:216,61,0,15
BRDA:216,61,1,1
BRDA:236,62,0,494
BRDA:236,62,1,494
BRDA:243,63,0,16
BRDA:243,63,1,0
BRDA:249,64,0,33
BRDA:251,65,0,7
BRDA:255,66,0,33
BRDA:255,66,1,33
BRDA:259,67,0,2
BRDA:261,68,0,0
BRDA:261,68,1,0
BRDA:266,69,0,2
BRDA:266,69,1,14
BRDA:266,70,0,16
BRDA:266,70,1,3
BRDA:269,71,0,2
BRDA:271,72,0,2
BRDA:271,72,1,2
BRDA:272,73,0,2
BRDA:272,73,1,0
BRDA:293,74,0,2
BRDA:293,74,1,0
BRDA:307,75,0,0
BRDA:307,75,1,2
BRDA:316,76,0,0
BRDA:325,77,0,0
BRDA:333,78,0,6
BRDA:333,79,0,14
BRDA:333,79,1,8
BRDA:342,80,0,31
BRDA:351,81,0,8
BRDA:351,82,0,16
BRDA:351,82,1,8
BRDA:353,83,0,8
BRDA:355,84,0,16
BRDA:355,84,1,0
BRDA:355,85,0,24
BRDA:355,85,1,0
BRDA:377,86,0,494
BRDA:377,86,1,0
BRDA:378,87,0,494
BRDA:378,87,1,0
BRDA:392,88,0,1027
BRDA:392,88,1,0
BRDA:394,89,0,0
BRDA:414,90,0,458
BRDA:414,90,1,36
BRDA:418,91,0,494
BRDA:418,91,1,36
BRDA:421,92,0,494
BRDA:421,92,1,36
BRDA:436,93,0,0
BRDA:437,94,0,0
BRDA:437,94,1,0
BRDA:439,95,0,0
BRDA:439,95,1,0
BRDA:443,96,0,0
BRDA:443,97,0,494
BRDA:443,97,1,0
BRDA:448,98,0,6
BRDA:448,99,0,494
BRDA:448,99,1,6
BRDA:452,100,0,5
BRDA:456,101,0,5
BRDA:456,101,1,5
BRDA:463,102,0,16
BRDA:466,103,0,3
BRDA:469,104,0,15
BRDA:474,105,0,16
BRDA:477,106,0,3
BRDA:480,107,0,15
BRF:183
BRH:150
end_of_record
TN:
SF:src/context/weeklyHandler.ts
FN:5,refreshWeeklyState
FN:14,(anonymous_1)
FN:22,updateWeeklyProgress
FN:34,claimWeeklyQuest
FN:37,(anonymous_4)
FN:43,(anonymous_5)
FN:55,(anonymous_6)
FN:71,markWeeklyBossDefeated
FNF:8
FNH:8
FNDA:504,refreshWeeklyState
FNDA:111,(anonymous_1)
FNDA:58,updateWeeklyProgress
FNDA:5,claimWeeklyQuest
FNDA:8,(anonymous_4)
FNDA:24,(anonymous_5)
FNDA:10,(anonymous_6)
FNDA:6,markWeeklyBossDefeated
DA:2,35
DA:3,35
DA:5,35
DA:6,504
DA:7,504
DA:9,37
DA:10,37
DA:14,111
DA:22,35
DA:23,58
DA:25,51
DA:26,51
DA:28,51
DA:34,35
DA:35,5
DA:37,8
DA:38,5
DA:40,5
DA:41,5
DA:43,24
DA:44,5
DA:46,5
DA:47,5
DA:49,4
DA:50,4
DA:51,4
DA:53,4
DA:55,10
DA:56,4
DA:57,1
DA:60,4
DA:71,35
DA:72,6
DA:73,6
DA:74,6
LF:35
LH:35
BRDA:7,0,0,467
BRDA:23,1,0,7
BRDA:23,2,0,58
BRDA:23,2,1,51
BRDA:26,3,0,51
BRDA:26,3,1,48
BRDA:35,4,0,0
BRDA:38,5,0,0
BRDA:41,6,0,0
BRDA:44,7,0,0
BRDA:46,8,0,5
BRDA:46,8,1,1
BRDA:47,9,0,1
BRDA:56,10,0,1
BRDA:56,11,0,4
BRDA:56,11,1,1
BRDA:72,12,0,0
BRF:17
BRH:12
end_of_record
TN:
SF:src/hooks/useDragDropGrid.ts
FN:22,useDragDropGrid
FN:37,(anonymous_1)
FN:41,(anonymous_2)
FN:59,(anonymous_3)
FN:67,(anonymous_4)
FN:69,(anonymous_5)
FN:72,(anonymous_6)
FN:86,(anonymous_7)
FN:101,(anonymous_8)
FN:117,(anonymous_9)
FN:126,(anonymous_10)
FN:144,(anonymous_11)
FN:146,(anonymous_12)
FN:149,(anonymous_13)
FN:174,(anonymous_14)
FN:207,(anonymous_15)
FN:208,(anonymous_16)
FN:209,(anonymous_17)
FN:210,(anonymous_18)
FN:211,(anonymous_19)
FN:218,(anonymous_20)
FN:225,(anonymous_21)
FN:241,(anonymous_22)
FN:253,(anonymous_23)
FN:257,(anonymous_24)
FNF:25
FNH:11
FNDA:10,useDragDropGrid
FNDA:5,(anonymous_1)
FNDA:3,(anonymous_2)
FNDA:0,(anonymous_3)
FNDA:5,(anonymous_4)
FNDA:5,(anonymous_5)
FNDA:0,(anonymous_6)
FNDA:0,(anonymous_7)
FNDA:0,(anonymous_8)
FNDA:2,(anonymous_9)
FNDA:7,(anonymous_10)
FNDA:5,(anonymous_11)
FNDA:0,(anonymous_12)
FNDA:0,(anonymous_13)
FNDA:0,(anonymous_14)
FNDA:0,(anonymous_15)
FNDA:0,(anonymous_16)
FNDA:0,(anonymous_17)
FNDA:0,(anonymous_18)
FNDA:0,(anonymous_19)
FNDA:0,(anonymous_20)
FNDA:3,(anonymous_21)
FNDA:2,(anonymous_22)
FNDA:0,(anonymous_23)
FNDA:3,(anonymous_24)
DA:1,1
DA:2,1
DA:3,1
DA:20,1
DA:22,1
DA:23,10
DA:24,10
DA:25,10
DA:26,10
DA:27,10
DA:28,10
DA:29,10
DA:31,10
DA:32,10
DA:33,10
DA:34,10
DA:35,10
DA:37,10
DA:38,5
DA:41,10
DA:42,3
DA:43,3
DA:44,3
DA:45,3
DA:47,0
DA:48,0
DA:49,0
DA:50,0
DA:51,0
DA:53,0
DA:55,0
DA:57,0
DA:59,0
DA:60,0
DA:63,0
DA:67,10
DA:68,5
DA:69,5
DA:72,10
DA:73,0
DA:74,0
DA:75,0
DA:76,0
DA:77,0
DA:78,0
DA:79,0
DA:80,0
DA:83,0
DA:86,10
DA:87,0
DA:88,0
DA:89,0
DA:90,0
DA:91,0
DA:92,0
DA:93,0
DA:94,0
DA:95,0
DA:96,0
DA:97,0
DA:102,0
DA:103,0
DA:104,0
DA:105,0
DA:106,0
DA:108,0
DA:110,0
DA:112,0
DA:114,0
DA:117,10
DA:118,2
DA:119,2
DA:120,2
DA:121,2
DA:122,2
DA:123,2
DA:126,10
DA:127,7
DA:128,0
DA:129,0
DA:130,0
DA:131,0
DA:132,0
DA:134,7
DA:135,0
DA:136,0
DA:144,10
DA:146,10
DA:147,0
DA:149,0
DA:151,0
DA:152,0
DA:153,0
DA:159,0
DA:163,0
DA:166,0
DA:167,0
DA:168,0
DA:169,0
DA:170,0
DA:171,0
DA:174,0
DA:175,0
DA:177,0
DA:181,0
DA:184,0
DA:185,0
DA:186,0
DA:189,0
DA:190,0
DA:191,0
DA:192,0
DA:193,0
DA:195,0
DA:196,0
DA:197,0
DA:205,10
DA:207,0
DA:208,0
DA:209,0
DA:210,0
DA:212,0
DA:213,0
DA:214,0
DA:215,0
DA:216,0
DA:219,0
DA:220,0
DA:225,10
DA:226,3
DA:227,3
DA:228,3
DA:229,3
DA:230,3
DA:231,3
DA:232,3
DA:233,3
DA:234,3
DA:235,3
DA:236,0
DA:238,3
DA:241,10
DA:242,2
DA:243,2
DA:246,10
DA:254,0
DA:255,0
DA:258,3
LF:148
LH:59
BRDA:43,0,0,3
BRDA:47,1,0,0
BRDA:74,2,0,0
BRDA:79,3,0,0
BRDA:79,4,0,0
BRDA:79,4,1,0
BRDA:79,4,2,0
BRDA:79,4,3,0
BRDA:89,5,0,0
BRDA:89,6,0,0
BRDA:89,6,1,0
BRDA:89,6,2,0
BRDA:92,7,0,0
BRDA:92,8,0,0
BRDA:92,8,1,0
BRDA:106,9,0,0
BRDA:127,10,0,0
BRDA:134,11,0,0
BRDA:151,12,0,0
BRDA:159,13,0,0
BRDA:159,13,1,0
BRDA:163,14,0,0
BRDA:163,14,1,0
BRDA:171,15,0,0
BRDA:171,15,1,0
BRDA:177,16,0,0
BRDA:177,16,1,0
BRDA:181,17,0,0
BRDA:181,17,1,0
BRDA:195,18,0,0
BRDA:216,19,0,0
BRDA:216,19,1,0
BRDA:230,20,0,0
BRDA:235,21,0,0
BRDA:252,22,0,0
BRDA:252,22,1,10
BRF:36
BRH:2
end_of_record
TN:
SF:src/hooks/useGame.ts
FN:5,useGame
FNF:1
FNH:1
FNDA:55,useGame
DA:1,9
DA:2,9
DA:5,9
DA:6,55
DA:8,55
DA:9,0
DA:12,55
LF:7
LH:6
BRDA:8,0,0,0
BRF:1
BRH:0
end_of_record
TN:
SF:src/hooks/useGameFeedback.ts
FN:17,useGameFeedback
FN:20,(anonymous_1)
FN:38,(anonymous_2)
FN:39,(anonymous_3)
FN:91,(anonymous_4)
FN:93,(anonymous_5)
FN:99,(anonymous_6)
FN:101,(anonymous_7)
FN:124,(anonymous_8)
FN:126,(anonymous_9)
FNF:10
FNH:10
FNDA:26,useGameFeedback
FNDA:25,(anonymous_1)
FNDA:7,(anonymous_2)
FNDA:7,(anonymous_3)
FNDA:4,(anonymous_4)
FNDA:2,(anonymous_5)
FNDA:2,(anonymous_6)
FNDA:2,(anonymous_7)
FNDA:1,(anonymous_8)
FNDA:1,(anonymous_9)
DA:1,10
DA:3,10
DA:4,10
DA:15,10
DA:17,10
DA:18,26
DA:20,26
DA:21,25
DA:22,25
DA:24,12
DA:25,1
DA:26,1
DA:27,1
DA:32,12
DA:33,1
DA:34,1
DA:38,12
DA:39,7
DA:40,7
DA:46,6
DA:47,1
DA:51,6
DA:52,2
DA:53,2
DA:54,2
DA:55,2
DA:56,2
DA:57,2
DA:58,1
DA:63,6
DA:64,1
DA:68,6
DA:69,1
DA:73,6
DA:74,1
DA:78,6
DA:79,1
DA:83,6
DA:84,1
DA:89,12
DA:90,12
DA:91,12
DA:93,12
DA:94,2
DA:95,2
DA:97,2
DA:98,2
DA:99,2
DA:101,2
DA:102,2
DA:103,2
DA:105,2
DA:106,2
DA:108,2
DA:109,2
DA:110,2
DA:111,2
DA:114,2
DA:115,1
DA:121,12
DA:122,12
DA:123,12
DA:124,1
DA:125,1
DA:126,1
DA:127,1
DA:128,1
DA:134,12
DA:135,12
DA:136,12
DA:137,2
DA:138,2
DA:139,2
DA:140,2
DA:141,1
DA:143,1
DA:148,25
LF:77
LH:77
BRDA:22,0,0,12
BRDA:24,1,0,1
BRDA:24,2,0,12
BRDA:24,2,1,0
BRDA:24,3,0,12
BRDA:24,3,1,0
BRDA:25,4,0,1
BRDA:25,4,1,0
BRDA:25,5,0,1
BRDA:25,5,1,0
BRDA:26,6,0,1
BRDA:32,7,0,1
BRDA:32,8,0,12
BRDA:32,8,1,6
BRDA:32,9,0,12
BRDA:32,9,1,6
BRDA:33,10,0,1
BRDA:33,10,1,0
BRDA:33,11,0,1
BRDA:33,11,1,0
BRDA:40,12,0,1
BRDA:46,13,0,1
BRDA:51,14,0,2
BRDA:57,15,0,1
BRDA:63,16,0,1
BRDA:68,17,0,1
BRDA:73,18,0,1
BRDA:73,19,0,6
BRDA:73,19,1,0
BRDA:73,20,0,6
BRDA:73,20,1,0
BRDA:74,21,0,1
BRDA:74,21,1,0
BRDA:74,22,0,1
BRDA:74,22,1,0
BRDA:78,23,0,1
BRDA:78,24,0,6
BRDA:78,24,1,0
BRDA:78,25,0,6
BRDA:78,25,1,0
BRDA:79,26,0,1
BRDA:79,26,1,0
BRDA:79,27,0,1
BRDA:79,27,1,0
BRDA:83,28,0,1
BRDA:83,29,0,6
BRDA:83,29,1,0
BRDA:83,30,0,6
BRDA:83,30,1,0
BRDA:84,31,0,1
BRDA:84,31,1,0
BRDA:84,32,0,1
BRDA:84,32,1,0
BRDA:89,33,0,12
BRDA:89,33,1,0
BRDA:90,34,0,12
BRDA:90,34,1,0
BRDA:95,35,0,0
BRDA:95,36,0,2
BRDA:95,36,1,2
BRDA:95,36,2,2
BRDA:103,37,0,0
BRDA:105,38,0,2
BRDA:105,38,1,0
BRDA:106,39,0,2
BRDA:106,39,1,0
BRDA:108,40,0,2
BRDA:114,41,0,1
BRDA:114,42,0,2
BRDA:114,42,1,0
BRDA:114,42,2,2
BRDA:114,43,0,2
BRDA:114,43,1,0
BRDA:114,44,0,0
BRDA:114,44,1,0
BRDA:121,45,0,12
BRDA:121,45,1,11
BRDA:122,46,0,12
BRDA:122,46,1,11
BRDA:123,47,0,1
BRDA:127,48,0,1
BRDA:134,49,0,12
BRDA:134,49,1,0
BRDA:135,50,0,12
BRDA:135,50,1,0
BRDA:136,51,0,2
BRDA:138,52,0,2
BRDA:138,52,1,0
BRDA:140,53,0,1
BRDA:140,53,1,1
BRF:90
BRH:59
end_of_record
TN:
SF:src/hooks/useGameLoop.ts
FN:12,useGameLoop
FN:20,(anonymous_1)
FN:25,(anonymous_2)
FN:29,(anonymous_3)
FN:33,(anonymous_4)
FN:36,(anonymous_5)
FN:42,(anonymous_6)
FNF:7
FNH:7
FNDA:5,useGameLoop
FNDA:5,(anonymous_1)
FNDA:13,(anonymous_2)
FNDA:3,(anonymous_3)
FNDA:5,(anonymous_4)
FNDA:1,(anonymous_5)
FNDA:3,(anonymous_6)
DA:1,10
DA:2,10
DA:3,10
DA:12,10
DA:20,5
DA:21,5
DA:23,3
DA:25,3
DA:26,13
DA:29,3
DA:33,5
DA:34,5
DA:36,3
DA:37,1
DA:38,1
DA:42,3
LF:16
LH:16
BRDA:21,0,0,2
BRDA:23,1,0,3
BRDA:23,1,1,1
BRDA:34,2,0,2
BRDA:37,3,0,1
BRF:5
BRH:5
end_of_record
TN:
SF:src/hooks/useGuild.ts
FN:7,useGuild
FN:23,(anonymous_1)
FN:28,(anonymous_2)
FNF:3
FNH:0
FNDA:0,useGuild
FNDA:0,(anonymous_1)
FNDA:0,(anonymous_2)
DA:1,0
DA:2,0
DA:4,0
DA:5,0
DA:7,0
DA:16,0
DA:18,0
DA:20,0
DA:21,0
DA:23,0
DA:24,0
DA:25,0
DA:28,0
DA:30,0
LF:14
LH:0
BRF:0
BRH:0
end_of_record
TN:
SF:src/hooks/useInfirmary.ts
FN:5,useInfirmary
FN:10,(anonymous_1)
FN:11,(anonymous_2)
FN:17,(anonymous_3)
FN:17,(anonymous_4)
FN:21,(anonymous_5)
FN:22,(anonymous_6)
FN:22,(anonymous_7)
FN:24,(anonymous_8)
FN:30,(anonymous_9)
FNF:10
FNH:10
FNDA:10,useInfirmary
FNDA:5,(anonymous_1)
FNDA:15,(anonymous_2)
FNDA:5,(anonymous_3)
FNDA:15,(anonymous_4)
FNDA:4,(anonymous_5)
FNDA:4,(anonymous_6)
FNDA:2,(anonymous_7)
FNDA:2,(anonymous_8)
FNDA:1,(anonymous_9)
DA:1,1
DA:2,1
DA:3,1
DA:5,1
DA:6,10
DA:7,10
DA:9,10
DA:10,5
DA:11,15
DA:16,10
DA:17,15
DA:21,10
DA:22,4
DA:24,10
DA:25,2
DA:26,1
DA:27,1
DA:30,10
DA:31,1
DA:34,10
LF:20
LH:20
BRDA:11,0,0,15
BRDA:11,0,1,10
BRDA:22,1,0,1
BRDA:22,1,1,3
BRDA:25,2,0,1
BRF:5
BRH:5
end_of_record
TN:
SF:src/hooks/useMissionPlayback.ts
FN:17,useMissionPlayback
FN:25,(anonymous_1)
FN:37,(anonymous_2)
FN:38,(anonymous_3)
FN:54,(anonymous_4)
FN:71,(anonymous_5)
FN:75,(anonymous_6)
FN:81,(anonymous_7)
FN:82,(anonymous_8)
FN:83,(anonymous_9)
FN:86,(anonymous_10)
FN:90,(anonymous_11)
FN:117,(anonymous_12)
FN:130,(anonymous_13)
FNF:14
FNH:13
FNDA:12,useMissionPlayback
FNDA:4,(anonymous_1)
FNDA:3,(anonymous_2)
FNDA:3,(anonymous_3)
FNDA:3,(anonymous_4)
FNDA:6,(anonymous_5)
FNDA:2,(anonymous_6)
FNDA:2,(anonymous_7)
FNDA:2,(anonymous_8)
FNDA:0,(anonymous_9)
FNDA:2,(anonymous_10)
FNDA:2,(anonymous_11)
FNDA:2,(anonymous_12)
FNDA:5,(anonymous_13)
DA:1,1
DA:3,1
DA:17,1
DA:18,12
DA:19,12
DA:20,12
DA:21,12
DA:22,12
DA:25,12
DA:26,4
DA:27,1
DA:28,1
DA:29,1
DA:30,1
DA:31,1
DA:34,3
DA:37,3
DA:38,3
DA:39,3
DA:40,3
DA:54,3
DA:55,3
DA:66,3
DA:67,3
DA:71,12
DA:72,6
DA:73,5
DA:75,5
DA:76,2
DA:77,2
DA:80,2
DA:81,2
DA:82,2
DA:83,0
DA:85,2
DA:86,2
DA:87,2
DA:88,2
DA:90,2
DA:91,2
DA:92,2
DA:94,2
DA:95,0
DA:96,0
DA:98,2
DA:99,1
DA:100,1
DA:101,1
DA:102,1
DA:104,1
DA:105,0
DA:106,0
DA:107,0
DA:108,0
DA:110,1
DA:111,1
DA:112,1
DA:117,2
DA:118,2
DA:121,2
DA:125,2
DA:126,0
DA:130,5
DA:133,12
LF:64
LH:56
BRDA:26,0,0,1
BRDA:39,1,0,3
BRDA:46,2,0,3
BRDA:46,2,1,3
BRDA:46,3,0,3
BRDA:46,3,1,3
BRDA:54,4,0,3
BRDA:54,4,1,0
BRDA:59,5,0,3
BRDA:59,5,1,0
BRDA:60,6,0,3
BRDA:60,6,1,0
BRDA:61,7,0,3
BRDA:61,7,1,3
BRDA:72,8,0,1
BRDA:72,9,0,6
BRDA:72,9,1,5
BRDA:82,10,0,2
BRDA:82,10,1,2
BRDA:85,11,0,2
BRDA:94,12,0,0
BRDA:94,12,1,2
BRDA:94,13,0,2
BRDA:94,13,1,0
BRDA:95,14,0,0
BRDA:98,15,0,1
BRDA:98,15,1,1
BRDA:98,16,0,2
BRDA:98,16,1,1
BRDA:98,16,2,1
BRDA:99,17,0,1
BRDA:104,18,0,0
BRDA:104,18,1,1
BRDA:104,19,0,1
BRDA:104,19,1,0
BRDA:104,19,2,0
BRDA:105,20,0,0
BRDA:110,21,0,1
BRDA:110,22,0,1
BRDA:110,22,1,1
BRDA:111,23,0,1
BRDA:125,24,0,0
BRDA:125,25,0,2
BRDA:125,25,1,0
BRF:44
BRH:32
end_of_record
TN:
SF:src/hooks/useMissions.ts
FN:7,useMissions
FN:17,(anonymous_10)
FN:17,(anonymous_11)
FN:22,(anonymous_12)
FN:22,(anonymous_13)
FN:26,(anonymous_14)
FN:31,(anonymous_15)
FN:36,(anonymous_16)
FN:39,(anonymous_17)
FN:40,(anonymous_18)
FN:55,(anonymous_19)
FN:59,(anonymous_20)
FN:59,(anonymous_21)
FN:76,(anonymous_22)
FN:77,(anonymous_23)
FNF:15
FNH:12
FNDA:7,useMissions
FNDA:3,(anonymous_10)
FNDA:6,(anonymous_11)
FNDA:3,(anonymous_12)
FNDA:6,(anonymous_13)
FNDA:2,(anonymous_14)
FNDA:2,(anonymous_15)
FNDA:1,(anonymous_16)
FNDA:1,(anonymous_17)
FNDA:1,(anonymous_18)
FNDA:7,(anonymous_19)
FNDA:3,(anonymous_20)
FNDA:0,(anonymous_21)
FNDA:0,(anonymous_22)
FNDA:0,(anonymous_23)
DA:1,1
DA:2,1
DA:3,1
DA:4,1
DA:5,1
DA:7,1
DA:8,7
DA:11,7
DA:12,7
DA:13,7
DA:16,7
DA:17,6
DA:21,7
DA:22,6
DA:26,7
DA:27,2
DA:28,2
DA:31,7
DA:32,2
DA:33,2
DA:36,7
DA:37,1
DA:39,1
DA:40,1
DA:43,1
DA:44,0
DA:47,0
DA:50,1
DA:51,1
DA:54,7
DA:55,7
DA:58,7
DA:59,3
DA:63,7
DA:76,0
DA:77,0
LF:36
LH:32
BRDA:37,0,0,0
BRDA:40,1,0,1
BRDA:40,1,1,1
BRDA:43,2,0,0
BRDA:43,3,0,1
BRDA:43,3,1,0
BRDA:59,4,0,3
BRDA:59,4,1,3
BRF:8
BRH:5
end_of_record
TN:
SF:src/hooks/usePantheon.ts
FN:16,usePantheon
FN:21,(anonymous_1)
FN:21,(anonymous_2)
FN:30,toggleHero
FN:31,(anonymous_4)
FN:33,(anonymous_5)
FN:40,confirmFusion
FN:46,clearSelection
FNF:8
FNH:0
FNDA:0,usePantheon
FNDA:0,(anonymous_1)
FNDA:0,(anonymous_2)
FNDA:0,toggleHero
FNDA:0,(anonymous_4)
FNDA:0,(anonymous_5)
FNDA:0,confirmFusion
FNDA:0,clearSelection
DA:1,0
DA:2,0
DA:3,0
DA:16,0
DA:17,0
DA:18,0
DA:20,0
DA:21,0
DA:25,0
DA:26,0
DA:28,0
DA:31,0
DA:32,0
DA:33,0
DA:35,0
DA:36,0
DA:41,0
DA:42,0
DA:43,0
DA:47,0
DA:50,0
LF:21
LH:0
BRDA:21,0,0,0
BRDA:21,0,1,0
BRDA:25,1,0,0
BRDA:25,1,1,0
BRDA:26,2,0,0
BRDA:26,2,1,0
BRDA:32,3,0,0
BRDA:35,4,0,0
BRDA:41,5,0,0
BRF:9
BRH:0
end_of_record
TN:
SF:src/hooks/useShop.ts
FN:9,useShop
FN:15,(anonymous_1)
FN:27,(anonymous_2)
FN:28,(anonymous_3)
FN:43,(anonymous_4)
FN:53,(anonymous_5)
FNF:6
FNH:6
FNDA:11,useShop
FNDA:6,(anonymous_1)
FNDA:4,(anonymous_2)
FNDA:4,(anonymous_3)
FNDA:1,(anonymous_4)
FNDA:1,(anonymous_5)
DA:1,1
DA:2,1
DA:3,1
DA:5,1
DA:6,1
DA:7,1
DA:9,1
DA:10,11
DA:11,11
DA:12,11
DA:15,11
DA:16,6
DA:17,6
DA:18,18
DA:20,6
DA:23,11
DA:24,11
DA:25,11
DA:27,11
DA:28,4
DA:29,4
DA:31,4
DA:32,4
DA:33,1
DA:34,1
DA:37,3
DA:38,3
DA:39,3
DA:40,3
DA:43,11
DA:44,1
DA:45,1
DA:46,1
DA:47,1
DA:50,1
DA:53,11
DA:54,1
DA:55,1
DA:56,1
DA:59,11
LF:40
LH:40
BRDA:29,0,0,0
BRDA:31,1,0,4
BRDA:31,1,1,0
BRDA:32,2,0,1
BRF:4
BRH:2
end_of_record
TN:
SF:src/hooks/useTraining.ts
FN:5,useTraining
FN:15,(anonymous_1)
FN:16,(anonymous_2)
FN:19,(anonymous_3)
FNF:4
FNH:4
FNDA:4,useTraining
FNDA:1,(anonymous_1)
FNDA:1,(anonymous_2)
FNDA:1,(anonymous_3)
DA:1,1
DA:3,1
DA:5,1
DA:13,4
DA:15,4
DA:16,1
DA:19,4
DA:21,4
LF:8
LH:8
BRF:0
BRH:0
end_of_record
TN:
SF:src/hooks/useWeekly.ts
FN:28,useWeekly
FN:32,(anonymous_1)
FN:37,(anonymous_2)
FN:39,(anonymous_3)
FN:40,(anonymous_4)
FN:48,(anonymous_5)
FN:63,handleClaim
FNF:7
FNH:0
FNDA:0,useWeekly
FNDA:0,(anonymous_1)
FNDA:0,(anonymous_2)
FNDA:0,(anonymous_3)
FNDA:0,(anonymous_4)
FNDA:0,(anonymous_5)
FNDA:0,handleClaim
DA:1,0
DA:2,0
DA:3,0
DA:4,0
DA:28,0
DA:29,0
DA:30,0
DA:32,0
DA:33,0
DA:34,0
DA:37,0
DA:38,0
DA:39,0
DA:40,0
DA:41,0
DA:42,0
DA:43,0
DA:44,0
DA:48,0
DA:49,0
DA:50,0
DA:54,0
DA:55,0
DA:56,0
DA:57,0
DA:58,0
DA:59,0
DA:60,0
DA:61,0
DA:64,0
DA:67,0
LF:31
LH:0
BRDA:30,0,0,0
BRDA:30,0,1,0
BRDA:33,1,0,0
BRDA:38,2,0,0
BRDA:41,3,0,0
BRDA:41,3,1,0
BRDA:43,4,0,0
BRDA:43,4,1,0
BRDA:49,5,0,0
BRDA:56,6,0,0
BRDA:56,6,1,0
BRDA:71,7,0,0
BRDA:71,7,1,0
BRDA:72,8,0,0
BRDA:72,8,1,0
BRF:15
BRH:0
end_of_record
TN:
SF:src/navigation/AppNavigator.tsx
FN:28,AppNavigator
FN:32,(anonymous_2)
FN:44,(anonymous_3)
FN:80,(anonymous_4)
FN:88,(anonymous_5)
FN:96,(anonymous_6)
FN:104,(anonymous_7)
FN:112,(anonymous_8)
FN:120,(anonymous_9)
FNF:9
FNH:0
FNDA:0,AppNavigator
FNDA:0,(anonymous_2)
FNDA:0,(anonymous_3)
FNDA:0,(anonymous_4)
FNDA:0,(anonymous_5)
FNDA:0,(anonymous_6)
FNDA:0,(anonymous_7)
FNDA:0,(anonymous_8)
FNDA:0,(anonymous_9)
DA:1,1
DA:2,1
DA:3,1
DA:4,1
DA:5,1
DA:6,1
DA:7,1
DA:8,1
DA:9,1
DA:10,1
DA:11,1
DA:12,1
DA:13,1
DA:14,1
DA:15,1
DA:16,1
DA:18,1
DA:26,1
DA:28,1
DA:29,0
DA:32,0
DA:45,0
DA:80,0
DA:88,0
DA:96,0
DA:104,0
DA:112,0
DA:120,0
LF:28
LH:19
BRDA:45,0,0,0
BRDA:45,0,1,0
BRF:2
BRH:0
end_of_record
TN:
SF:src/screens/AchievementsScreen.tsx
FN:12,AchievementsScreen
FN:28,(anonymous_2)
FNF:2
FNH:0
FNDA:0,AchievementsScreen
FNDA:0,(anonymous_2)
DA:1,0
DA:2,0
DA:3,0
DA:4,0
DA:5,0
DA:6,0
DA:7,0
DA:8,0
DA:9,0
DA:10,0
DA:12,0
DA:13,0
DA:14,0
DA:16,0
DA:17,0
DA:19,0
DA:29,0
DA:30,0
DA:87,0
LF:19
LH:0
BRDA:14,0,0,0
BRDA:14,0,1,0
BRDA:34,1,0,0
BRDA:34,1,1,0
BRDA:42,2,0,0
BRDA:42,2,1,0
BRDA:45,3,0,0
BRDA:45,3,1,0
BRDA:49,4,0,0
BRDA:49,4,1,0
BRDA:53,5,0,0
BRDA:53,5,1,0
BRDA:53,5,2,0
BRDA:54,6,0,0
BRDA:54,6,1,0
BRDA:61,7,0,0
BRDA:61,7,1,0
BRDA:61,7,2,0
BRDA:62,8,0,0
BRDA:62,8,1,0
BRDA:69,9,0,0
BRDA:69,9,1,0
BRDA:69,9,2,0
BRDA:70,10,0,0
BRDA:70,10,1,0
BRF:25
BRH:0
end_of_record
TN:
SF:src/screens/BlacksmithScreen.tsx
FN:41,formatStatBonus
FN:43,(anonymous_11)
FN:44,(anonymous_12)
FN:48,getTierColor
FN:49,(anonymous_14)
FN:53,BlacksmithScreen
FN:61,(anonymous_16)
FN:62,(anonymous_17)
FN:63,(anonymous_18)
FN:69,(anonymous_19)
FN:70,(anonymous_20)
FN:72,(anonymous_21)
FN:73,(anonymous_22)
FN:75,(anonymous_23)
FN:79,(anonymous_24)
FN:84,(anonymous_25)
FN:89,(anonymous_26)
FN:93,(anonymous_27)
FN:96,(anonymous_28)
FN:115,(anonymous_29)
FN:116,(anonymous_30)
FN:136,(anonymous_31)
FN:137,(anonymous_32)
FN:151,(anonymous_33)
FN:160,(anonymous_34)
FN:161,(anonymous_35)
FN:180,(anonymous_36)
FN:187,(anonymous_37)
FN:213,(anonymous_38)
FN:217,(anonymous_39)
FN:257,(anonymous_40)
FN:262,(anonymous_41)
FN:301,(anonymous_42)
FN:311,(anonymous_43)
FN:330,(anonymous_44)
FN:368,(anonymous_45)
FNF:36
FNH:0
FNDA:0,formatStatBonus
FNDA:0,(anonymous_11)
FNDA:0,(anonymous_12)
FNDA:0,getTierColor
FNDA:0,(anonymous_14)
FNDA:0,BlacksmithScreen
FNDA:0,(anonymous_16)
FNDA:0,(anonymous_17)
FNDA:0,(anonymous_18)
FNDA:0,(anonymous_19)
FNDA:0,(anonymous_20)
FNDA:0,(anonymous_21)
FNDA:0,(anonymous_22)
FNDA:0,(anonymous_23)
FNDA:0,(anonymous_24)
FNDA:0,(anonymous_25)
FNDA:0,(anonymous_26)
FNDA:0,(anonymous_27)
FNDA:0,(anonymous_28)
FNDA:0,(anonymous_29)
FNDA:0,(anonymous_30)
FNDA:0,(anonymous_31)
FNDA:0,(anonymous_32)
FNDA:0,(anonymous_33)
FNDA:0,(anonymous_34)
FNDA:0,(anonymous_35)
FNDA:0,(anonymous_36)
FNDA:0,(anonymous_37)
FNDA:0,(anonymous_38)
FNDA:0,(anonymous_39)
FNDA:0,(anonymous_40)
FNDA:0,(anonymous_41)
FNDA:0,(anonymous_42)
FNDA:0,(anonymous_43)
FNDA:0,(anonymous_44)
FNDA:0,(anonymous_45)
DA:1,0
DA:2,0
DA:10,0
DA:11,0
DA:12,0
DA:13,0
DA:14,0
DA:15,0
DA:16,0
DA:17,0
DA:18,0
DA:19,0
DA:20,0
DA:21,0
DA:23,0
DA:24,0
DA:26,0
DA:35,0
DA:42,0
DA:43,0
DA:44,0
DA:49,0
DA:50,0
DA:53,0
DA:54,0
DA:55,0
DA:56,0
DA:57,0
DA:58,0
DA:59,0
DA:61,0
DA:62,0
DA:63,0
DA:66,0
DA:67,0
DA:69,0
DA:70,0
DA:72,0
DA:73,0
DA:75,0
DA:76,0
DA:79,0
DA:80,0
DA:81,0
DA:84,0
DA:85,0
DA:86,0
DA:89,0
DA:90,0
DA:93,0
DA:94,0
DA:95,0
DA:97,0
DA:98,0
DA:115,0
DA:116,0
DA:117,0
DA:118,0
DA:119,0
DA:120,0
DA:136,0
DA:137,0
DA:138,0
DA:139,0
DA:151,0
DA:160,0
DA:161,0
DA:162,0
DA:180,0
DA:187,0
DA:197,0
DA:214,0
DA:217,0
DA:258,0
DA:259,0
DA:260,0
DA:263,0
DA:264,0
DA:265,0
DA:266,0
DA:301,0
DA:312,0
DA:313,0
DA:314,0
DA:317,0
DA:318,0
DA:322,0
DA:331,0
DA:368,0
DA:379,0
LF:90
LH:0
BRDA:43,0,0,0
BRDA:43,0,1,0
BRDA:44,1,0,0
BRDA:44,1,1,0
BRDA:50,2,0,0
BRDA:50,2,1,0
BRDA:66,3,0,0
BRDA:66,3,1,0
BRDA:67,4,0,0
BRDA:67,4,1,0
BRDA:75,5,0,0
BRDA:96,6,0,0
BRDA:96,6,1,0
BRDA:104,7,0,0
BRDA:104,7,1,0
BRDA:117,8,0,0
BRDA:125,9,0,0
BRDA:125,9,1,0
BRDA:138,10,0,0
BRDA:144,11,0,0
BRDA:144,11,1,0
BRDA:161,12,0,0
BRDA:161,12,1,0
BRDA:167,13,0,0
BRDA:167,13,1,0
BRDA:171,14,0,0
BRDA:171,14,1,0
BRDA:177,15,0,0
BRDA:177,15,1,0
BRDA:216,16,0,0
BRDA:216,16,1,0
BRDA:219,17,0,0
BRDA:219,17,1,0
BRDA:220,18,0,0
BRDA:220,18,1,0
BRDA:230,19,0,0
BRDA:230,19,1,0
BRDA:238,20,0,0
BRDA:238,20,1,0
BRDA:249,21,0,0
BRDA:249,21,1,0
BRDA:258,22,0,0
BRDA:258,22,1,0
BRDA:263,23,0,0
BRDA:263,23,1,0
BRDA:264,24,0,0
BRDA:264,24,1,0
BRDA:265,25,0,0
BRDA:265,25,1,0
BRDA:269,26,0,0
BRDA:269,26,1,0
BRDA:272,27,0,0
BRDA:272,27,1,0
BRDA:275,28,0,0
BRDA:275,28,1,0
BRDA:276,29,0,0
BRDA:276,29,1,0
BRDA:312,30,0,0
BRDA:312,30,1,0
BRDA:314,31,0,0
BRDA:314,31,1,0
BRDA:317,32,0,0
BRDA:317,32,1,0
BRDA:318,33,0,0
BRDA:318,33,1,0
BRDA:319,34,0,0
BRDA:319,34,1,0
BRDA:327,35,0,0
BRDA:327,35,1,0
BRDA:331,36,0,0
BRDA:331,36,1,0
BRDA:339,37,0,0
BRDA:339,37,1,0
BRDA:347,38,0,0
BRDA:347,38,1,0
BRDA:353,39,0,0
BRDA:353,39,1,0
BRDA:358,40,0,0
BRDA:358,40,1,0
BRDA:358,40,2,0
BRF:80
BRH:0
end_of_record
TN:
SF:src/screens/DailyQuestsScreen.tsx
FN:13,DailyQuestsScreen
FN:17,(anonymous_10)
FN:22,(anonymous_11)
FN:24,(anonymous_12)
FN:25,(anonymous_13)
FN:34,(anonymous_14)
FN:35,(anonymous_15)
FN:37,handleClaim
FN:66,(anonymous_17)
FN:73,(anonymous_18)
FN:97,(anonymous_19)
FN:114,(anonymous_20)
FN:125,QuestCard
FNF:13
FNH:0
FNDA:0,DailyQuestsScreen
FNDA:0,(anonymous_10)
FNDA:0,(anonymous_11)
FNDA:0,(anonymous_12)
FNDA:0,(anonymous_13)
FNDA:0,(anonymous_14)
FNDA:0,(anonymous_15)
FNDA:0,handleClaim
FNDA:0,(anonymous_17)
FNDA:0,(anonymous_18)
FNDA:0,(anonymous_19)
FNDA:0,(anonymous_20)
FNDA:0,QuestCard
DA:1,0
DA:2,0
DA:3,0
DA:4,0
DA:5,0
DA:6,0
DA:7,0
DA:8,0
DA:9,0
DA:10,0
DA:11,0
DA:13,0
DA:14,0
DA:16,0
DA:17,0
DA:18,0
DA:19,0
DA:22,0
DA:23,0
DA:24,0
DA:25,0
DA:26,0
DA:27,0
DA:28,0
DA:29,0
DA:33,0
DA:34,0
DA:35,0
DA:38,0
DA:42,0
DA:43,0
DA:44,0
DA:45,0
DA:46,0
DA:48,0
DA:67,0
DA:73,0
DA:98,0
DA:114,0
DA:138,0
DA:140,0
DA:184,0
LF:42
LH:0
BRDA:18,0,0,0
BRDA:23,1,0,0
BRDA:26,2,0,0
BRDA:26,2,1,0
BRDA:28,3,0,0
BRDA:28,3,1,0
BRDA:33,4,0,0
BRDA:33,4,1,0
BRDA:58,5,0,0
BRDA:58,5,1,0
BRDA:79,6,0,0
BRDA:79,6,1,0
BRDA:102,7,0,0
BRDA:102,7,1,0
BRDA:108,8,0,0
BRDA:108,8,1,0
BRDA:110,9,0,0
BRDA:110,9,1,0
BRDA:110,10,0,0
BRDA:110,10,1,0
BRDA:142,11,0,0
BRDA:142,11,1,0
BRDA:147,12,0,0
BRDA:147,12,1,0
BRDA:154,13,0,0
BRDA:154,13,1,0
BRDA:164,14,0,0
BRDA:164,14,1,0
BRDA:168,15,0,0
BRDA:168,15,1,0
BRF:30
BRH:0
end_of_record
TN:
SF:src/screens/EnfermariaScreen.tsx
FN:17,EnfermariaScreen
FN:33,(anonymous_2)
FN:66,(anonymous_3)
FN:74,(anonymous_4)
FN:97,(anonymous_5)
FNF:5
FNH:0
FNDA:0,EnfermariaScreen
FNDA:0,(anonymous_2)
FNDA:0,(anonymous_3)
FNDA:0,(anonymous_4)
FNDA:0,(anonymous_5)
DA:1,0
DA:2,0
DA:7,0
DA:8,0
DA:9,0
DA:10,0
DA:11,0
DA:12,0
DA:14,0
DA:15,0
DA:17,0
DA:27,0
DA:29,0
DA:30,0
DA:33,0
DA:34,0
DA:42,0
DA:67,0
DA:74,0
DA:98,0
DA:117,0
LF:21
LH:0
BRDA:29,0,0,0
BRDA:47,1,0,0
BRDA:47,1,1,0
BRDA:61,2,0,0
BRDA:61,2,1,0
BRDA:85,3,0,0
BRDA:85,3,1,0
BRDA:90,4,0,0
BRDA:90,4,1,0
BRF:9
BRH:0
end_of_record
TN:
SF:src/screens/GuildScreen.tsx
FN:18,GuildScreen
FN:33,(anonymous_11)
FN:44,(anonymous_12)
FN:70,(anonymous_13)
FN:76,(anonymous_14)
FN:87,(anonymous_15)
FNF:6
FNH:0
FNDA:0,GuildScreen
FNDA:0,(anonymous_11)
FNDA:0,(anonymous_12)
FNDA:0,(anonymous_13)
FNDA:0,(anonymous_14)
FNDA:0,(anonymous_15)
DA:1,0
DA:2,0
DA:3,0
DA:4,0
DA:5,0
DA:6,0
DA:7,0
DA:8,0
DA:9,0
DA:10,0
DA:11,0
DA:13,0
DA:14,0
DA:15,0
DA:16,0
DA:18,0
DA:29,0
DA:31,0
DA:32,0
DA:33,0
DA:34,0
DA:35,0
DA:37,0
DA:40,0
DA:41,0
DA:44,0
DA:45,0
DA:51,0
DA:70,0
DA:76,0
DA:87,0
DA:112,0
LF:32
LH:0
BRDA:34,0,0,0
BRDA:40,1,0,0
BRDA:57,2,0,0
BRDA:57,2,1,0
BRDA:81,3,0,0
BRDA:81,3,1,0
BRF:6
BRH:0
end_of_record
TN:
SF:src/screens/MissionsScreen.tsx
FN:18,MissionsScreen
FN:59,(anonymous_2)
FN:76,(anonymous_3)
FN:106,(anonymous_4)
FNF:4
FNH:0
FNDA:0,MissionsScreen
FNDA:0,(anonymous_2)
FNDA:0,(anonymous_3)
FNDA:0,(anonymous_4)
DA:1,0
DA:2,0
DA:3,0
DA:4,0
DA:5,0
DA:6,0
DA:7,0
DA:8,0
DA:9,0
DA:10,0
DA:11,0
DA:12,0
DA:13,0
DA:14,0
DA:15,0
DA:16,0
DA:18,0
DA:33,0
DA:35,0
DA:36,0
DA:39,0
DA:60,0
DA:77,0
DA:107,0
DA:126,0
LF:25
LH:0
BRDA:35,0,0,0
BRDA:51,1,0,0
BRDA:51,1,1,0
BRDA:51,1,2,0
BRDA:91,2,0,0
BRDA:91,2,1,0
BRDA:92,3,0,0
BRDA:92,3,1,0
BRDA:102,4,0,0
BRDA:102,4,1,0
BRF:10
BRH:0
end_of_record
TN:
SF:src/screens/PantheonScreen.tsx
FN:18,StarBadge
FN:25,PantheonScreen
FN:41,(anonymous_11)
FN:41,(anonymous_12)
FN:110,(anonymous_13)
FN:114,(anonymous_14)
FN:130,(anonymous_15)
FN:159,(anonymous_16)
FN:167,(anonymous_17)
FN:202,(anonymous_18)
FN:212,(anonymous_19)
FN:232,(anonymous_20)
FN:238,(anonymous_21)
FNF:13
FNH:0
FNDA:0,StarBadge
FNDA:0,PantheonScreen
FNDA:0,(anonymous_11)
FNDA:0,(anonymous_12)
FNDA:0,(anonymous_13)
FNDA:0,(anonymous_14)
FNDA:0,(anonymous_15)
FNDA:0,(anonymous_16)
FNDA:0,(anonymous_17)
FNDA:0,(anonymous_18)
FNDA:0,(anonymous_19)
FNDA:0,(anonymous_20)
FNDA:0,(anonymous_21)
DA:1,0
DA:2,0
DA:5,0
DA:6,0
DA:8,0
DA:9,0
DA:10,0
DA:11,0
DA:12,0
DA:13,0
DA:14,0
DA:15,0
DA:16,0
DA:19,0
DA:20,0
DA:25,0
DA:26,0
DA:36,0
DA:38,0
DA:40,0
DA:41,0
DA:44,0
DA:48,0
DA:111,0
DA:114,0
DA:130,0
DA:160,0
DA:161,0
DA:162,0
DA:163,0
DA:167,0
DA:202,0
DA:213,0
DA:232,0
DA:239,0
DA:240,0
DA:253,0
LF:37
LH:0
BRDA:19,0,0,0
BRDA:44,1,0,0
BRDA:44,1,1,0
BRDA:44,1,2,0
BRDA:53,2,0,0
BRDA:53,2,1,0
BRDA:59,3,0,0
BRDA:59,3,1,0
BRDA:63,4,0,0
BRDA:63,4,1,0
BRDA:71,5,0,0
BRDA:71,5,1,0
BRDA:79,6,0,0
BRDA:79,6,1,0
BRDA:104,7,0,0
BRDA:104,7,1,0
BRDA:112,8,0,0
BRDA:112,8,1,0
BRDA:129,9,0,0
BRDA:129,9,1,0
BRDA:130,10,0,0
BRDA:130,10,1,0
BRDA:134,11,0,0
BRDA:134,11,1,0
BRDA:146,12,0,0
BRDA:146,12,1,0
BRDA:161,13,0,0
BRDA:161,13,1,0
BRDA:162,14,0,0
BRDA:162,14,1,0
BRDA:162,15,0,0
BRDA:162,15,1,0
BRDA:167,16,0,0
BRDA:167,16,1,0
BRDA:170,17,0,0
BRDA:170,17,1,0
BRDA:171,18,0,0
BRDA:171,18,1,0
BRDA:173,19,0,0
BRDA:173,19,1,0
BRDA:178,20,0,0
BRDA:178,20,1,0
BRDA:178,21,0,0
BRDA:178,21,1,0
BRDA:185,22,0,0
BRDA:185,22,1,0
BRDA:214,23,0,0
BRDA:214,23,1,0
BRDA:216,24,0,0
BRDA:216,24,1,0
BRDA:216,25,0,0
BRDA:216,25,1,0
BRF:52
BRH:0
end_of_record
TN:
SF:src/screens/ShopScreen.tsx
FN:20,getChestIcon
FN:24,ShopScreen
FN:38,(anonymous_12)
FN:60,(anonymous_13)
FN:68,(anonymous_14)
FNF:5
FNH:0
FNDA:0,getChestIcon
FNDA:0,ShopScreen
FNDA:0,(anonymous_12)
FNDA:0,(anonymous_13)
FNDA:0,(anonymous_14)
DA:1,0
DA:2,0
DA:3,0
DA:4,0
DA:5,0
DA:6,0
DA:7,0
DA:8,0
DA:9,0
DA:10,0
DA:11,0
DA:12,0
DA:15,0
DA:21,0
DA:24,0
DA:34,0
DA:36,0
DA:38,0
DA:39,0
DA:40,0
DA:43,0
DA:61,0
DA:62,0
DA:68,0
DA:96,0
LF:25
LH:0
BRDA:21,0,0,0
BRDA:21,0,1,0
BRDA:61,1,0,0
BRDA:61,1,1,0
BRF:4
BRH:0
end_of_record
TN:
SF:src/screens/TrainingScreen.tsx
FN:17,TrainingScreen
FN:34,(anonymous_2)
FN:43,(anonymous_3)
FN:68,(anonymous_4)
FN:74,(anonymous_5)
FN:80,(anonymous_6)
FN:95,(anonymous_7)
FN:110,(anonymous_8)
FNF:8
FNH:0
FNDA:0,TrainingScreen
FNDA:0,(anonymous_2)
FNDA:0,(anonymous_3)
FNDA:0,(anonymous_4)
FNDA:0,(anonymous_5)
FNDA:0,(anonymous_6)
FNDA:0,(anonymous_7)
FNDA:0,(anonymous_8)
DA:1,0
DA:2,0
DA:3,0
DA:4,0
DA:5,0
DA:6,0
DA:7,0
DA:8,0
DA:9,0
DA:10,0
DA:11,0
DA:12,0
DA:13,0
DA:14,0
DA:15,0
DA:17,0
DA:26,0
DA:28,0
DA:30,0
DA:31,0
DA:34,0
DA:35,0
DA:43,0
DA:44,0
DA:50,0
DA:68,0
DA:74,0
DA:80,0
DA:95,0
DA:110,0
DA:116,0
LF:31
LH:0
BRDA:30,0,0,0
BRDA:56,1,0,0
BRDA:56,1,1,0
BRDA:85,2,0,0
BRDA:85,2,1,0
BRF:5
BRH:0
end_of_record
TN:
SF:src/screens/VillageScreen.tsx
FN:41,VillageScreen
FN:49,(anonymous_10)
FN:52,(anonymous_11)
FN:57,(anonymous_12)
FN:65,(anonymous_13)
FN:76,(anonymous_14)
FN:78,(anonymous_15)
FN:82,(anonymous_16)
FN:112,(anonymous_17)
FNF:9
FNH:8
FNDA:5,VillageScreen
FNDA:0,(anonymous_10)
FNDA:1,(anonymous_11)
FNDA:8,(anonymous_12)
FNDA:8,(anonymous_13)
FNDA:1,(anonymous_14)
FNDA:8,(anonymous_15)
FNDA:1,(anonymous_16)
FNDA:1,(anonymous_17)
DA:1,1
DA:2,1
DA:10,1
DA:11,1
DA:12,1
DA:13,1
DA:14,1
DA:15,1
DA:16,1
DA:17,1
DA:18,1
DA:19,1
DA:30,1
DA:41,1
DA:42,5
DA:43,5
DA:44,5
DA:45,5
DA:46,5
DA:48,5
DA:49,0
DA:52,5
DA:53,1
DA:54,1
DA:57,5
DA:58,8
DA:59,8
DA:60,8
DA:61,8
DA:65,8
DA:76,5
DA:77,1
DA:79,8
DA:82,1
DA:95,5
DA:112,1
DA:121,1
LF:37
LH:36
BRDA:48,0,0,5
BRDA:48,0,1,5
BRDA:49,1,0,0
BRDA:49,1,1,0
BRDA:60,2,0,8
BRDA:60,2,1,1
BRDA:68,3,0,8
BRDA:68,3,1,0
BRDA:103,4,0,1
BRDA:103,4,1,4
BRDA:114,5,0,1
BRDA:114,5,1,3
BRF:12
BRH:9
end_of_record
TN:
SF:src/screens/WeeklyScreen.tsx
FN:17,WeeklyScreen
FN:31,(anonymous_2)
FN:33,handleFightBoss
FN:39,(anonymous_4)
FN:49,(anonymous_5)
FN:50,(anonymous_6)
FN:80,(anonymous_7)
FN:87,(anonymous_8)
FN:107,(anonymous_9)
FN:124,(anonymous_10)
FN:142,BossCard
FN:178,WeeklyQuestCard
FNF:12
FNH:0
FNDA:0,WeeklyScreen
[...]
BRDA:98,19,0,0
BRDA:111,20,0,15
BRDA:124,21,0,28
BRDA:130,22,0,43
BRDA:130,22,1,38
BRDA:139,23,0,1
BRDA:139,23,1,16
BRDA:143,24,0,1
BRDA:143,24,1,16
BRDA:146,25,0,2
BRDA:155,26,0,24
BRDA:168,27,0,82
BRDA:169,28,0,7
BRDA:187,29,0,163
BRDA:187,30,0,340
BRDA:187,30,1,245
BRDA:189,31,0,102
BRDA:190,32,0,47
BRDA:202,33,0,61
BRDA:203,34,0,50
BRDA:204,35,0,93
BRDA:216,36,0,60
BRDA:217,37,0,79
BRDA:218,38,0,67
BRDA:219,39,0,43
BRDA:220,40,0,15
BRDA:234,41,0,28
BRDA:235,42,0,20
BRDA:242,43,0,24
BRDA:243,44,0,33
BRF:55
BRH:47
end_of_record
TN:
SF:src/utils/gameMath.ts
FN:23,(anonymous_0)
FN:30,(anonymous_1)
FN:34,(anonymous_2)
FN:50,(anonymous_3)
FN:88,(anonymous_4)
FN:98,(anonymous_5)
FN:105,(anonymous_6)
FN:114,(anonymous_7)
FN:122,(anonymous_8)
FN:133,(anonymous_9)
FN:139,(anonymous_10)
FNF:11
FNH:11
FNDA:21,(anonymous_0)
FNDA:1,(anonymous_1)
FNDA:19,(anonymous_2)
FNDA:35,(anonymous_3)
FNDA:175,(anonymous_4)
FNDA:255,(anonymous_5)
FNDA:256,(anonymous_6)
FNDA:24,(anonymous_7)
FNDA:15738,(anonymous_8)
FNDA:7138,(anonymous_9)
FNDA:1461,(anonymous_10)
DA:1,45
DA:21,45
DA:24,21
DA:31,1
DA:47,19
DA:48,19
DA:50,19
DA:51,35
DA:52,35
DA:60,19
DA:61,19
DA:63,19
DA:64,19
DA:66,19
DA:67,19
DA:68,19
DA:69,19
DA:70,19
DA:71,19
DA:72,19
DA:74,19
DA:75,19
DA:77,19
DA:79,19
DA:80,19
DA:81,19
DA:83,19
DA:84,19
DA:89,175
DA:92,175
DA:94,175
DA:95,175
DA:99,255
DA:101,255
DA:102,255
DA:106,256
DA:109,256
DA:110,256
DA:115,24
DA:116,23
DA:117,21
DA:118,16
DA:123,15738
DA:124,15738
DA:127,15738
DA:128,15738
DA:129,15738
DA:130,15738
DA:134,7138
DA:135,7138
DA:136,7138
DA:140,1461
DA:141,1461
DA:142,1461
DA:147,1461
DA:148,8766
DA:149,8766
DA:151,8766
DA:152,8766
DA:154,8766
DA:155,7302
DA:158,1461
LF:62
LH:62
BRDA:47,0,0,19
BRDA:47,0,1,2
BRDA:48,1,0,19
BRDA:48,1,1,4
BRDA:51,2,0,35
BRDA:51,2,1,0
BRDA:51,2,2,0
BRDA:54,3,0,35
BRDA:54,3,1,0
BRDA:55,4,0,35
BRDA:55,4,1,0
BRDA:56,5,0,35
BRDA:56,5,1,0
BRDA:60,6,0,19
BRDA:60,6,1,7
BRDA:63,7,0,19
BRDA:63,7,1,18
BRDA:64,8,0,19
BRDA:64,8,1,18
BRDA:68,9,0,19
BRDA:68,9,1,18
BRDA:69,10,0,5
BRDA:69,10,1,14
BRDA:75,11,0,19
BRDA:75,11,1,7
BRDA:79,12,0,19
BRDA:79,12,1,7
BRDA:88,13,0,1
BRDA:88,14,0,4
BRDA:98,15,0,0
BRDA:99,16,0,6
BRDA:99,16,1,249
BRDA:105,17,0,0
BRDA:105,18,0,3
BRDA:106,19,0,34
BRDA:106,19,1,222
BRDA:115,20,0,1
BRDA:116,21,0,2
BRDA:117,22,0,5
BRDA:154,23,0,7302
BRDA:154,24,0,8766
BRDA:154,24,1,8600
BRDA:154,24,2,8350
BRDA:154,24,3,8240
BRF:44
BRH:37
end_of_record
TN:
SF:src/utils/heroActions.ts
FN:4,getHeroActions
FN:10,(anonymous_1)
FN:16,(anonymous_2)
FN:22,(anonymous_3)
FN:28,(anonymous_4)
FNF:5
FNH:2
FNDA:1,getHeroActions
FNDA:1,(anonymous_1)
FNDA:0,(anonymous_2)
FNDA:0,(anonymous_3)
FNDA:0,(anonymous_4)
DA:1,1
DA:2,1
DA:4,1
DA:5,1
DA:10,1
DA:16,0
DA:22,0
DA:28,0
LF:8
LH:5
BRF:0
BRH:0
end_of_record
TN:
SF:src/utils/heroFactory.ts
FN:9,createHero
FNF:1
FNH:1
FNDA:107,createHero
DA:1,30
DA:2,30
DA:3,30
DA:4,30
DA:5,30
DA:6,30
DA:9,30
DA:10,107
DA:11,107
DA:12,107
DA:15,107
DA:16,107
DA:17,107
DA:18,107
DA:19,107
DA:20,107
DA:21,107
DA:23,107
DA:24,107
DA:25,107
DA:26,107
DA:27,107
DA:28,107
DA:30,107
DA:32,107
LF:25
LH:25
BRDA:12,0,0,7
BRDA:12,0,1,100
BRDA:15,1,0,107
BRDA:15,1,1,107
BRDA:23,2,0,107
BRDA:23,2,1,100
BRDA:24,3,0,107
BRDA:24,3,1,100
BRDA:25,4,0,107
BRDA:25,4,1,106
BRDA:26,5,0,107
BRDA:26,5,1,100
BRDA:27,6,0,107
BRDA:27,6,1,100
BRDA:28,7,0,107
BRDA:28,7,1,100
BRDA:45,8,0,107
BRDA:45,8,1,100
BRDA:46,9,0,107
BRDA:46,9,1,100
BRF:20
BRH:20
end_of_record
TN:
SF:src/utils/heroUtils.ts
FN:5,isHeroIncapacitated
FN:10,isHeroInMission
FN:15,isHeroAvailableForMission
FN:20,isHeroInjured
FN:50,getEffectiveStats
FN:65,(anonymous_5)
FN:113,applyGoldBonus
FNF:7
FNH:7
FNDA:43,isHeroIncapacitated
FNDA:47,isHeroInMission
FNDA:37,isHeroAvailableForMission
FNDA:7,isHeroInjured
FNDA:20,getEffectiveStats
FNDA:7,(anonymous_5)
FNDA:22,applyGoldBonus
DA:1,30
DA:2,30
DA:5,30
DA:6,43
DA:10,30
DA:11,47
DA:15,30
DA:16,37
DA:20,30
DA:21,7
DA:50,30
DA:51,20
DA:52,20
DA:55,20
DA:56,20
DA:57,20
DA:58,20
DA:59,20
DA:60,20
DA:61,20
DA:64,20
DA:65,7
DA:66,7
DA:67,6
DA:68,6
DA:69,3
DA:70,3
DA:71,3
DA:73,6
DA:74,6
DA:75,6
DA:76,6
DA:77,6
DA:81,20
DA:82,20
DA:83,4
DA:84,3
DA:85,3
DA:86,3
DA:88,4
DA:92,20
DA:93,20
DA:94,4
DA:95,3
DA:97,4
DA:98,3
DA:99,3
DA:100,3
DA:101,3
DA:105,20
DA:113,30
DA:114,22
DA:115,22
DA:116,3
LF:54
LH:54
BRDA:16,0,0,37
BRDA:16,0,1,35
BRDA:51,1,0,20
BRDA:51,1,1,10
BRDA:52,2,0,20
BRDA:52,2,1,10
BRDA:59,3,0,20
BRDA:59,3,1,0
BRDA:60,4,0,20
BRDA:60,4,1,0
BRDA:61,5,0,20
BRDA:61,5,1,0
BRDA:66,6,0,1
BRDA:68,7,0,3
BRDA:73,8,0,4
BRDA:74,9,0,1
BRDA:75,10,0,2
BRDA:76,11,0,2
BRDA:77,12,0,2
BRDA:82,13,0,4
BRDA:83,14,0,3
BRDA:88,15,0,3
BRDA:93,16,0,4
BRDA:94,17,0,3
BRDA:97,18,0,3
BRDA:114,19,0,22
BRDA:114,19,1,18
BRDA:115,20,0,19
BRF:28
BRH:25
end_of_record
TN:
SF:src/utils/math.ts
FN:7,makeRng
FN:9,(anonymous_1)
FN:24,getGaussianVariance
FNF:3
FNH:3
FNDA:7,makeRng
FNDA:264,(anonymous_1)
FNDA:642,getGaussianVariance
DA:1,34
DA:7,34
DA:8,7
DA:9,7
DA:10,264
DA:11,264
DA:12,264
DA:13,264
DA:24,34
DA:25,642
DA:26,642
DA:27,642
DA:28,642
DA:29,642
DA:30,642
DA:33,34
DA:34,34
DA:35,34
LF:18
LH:18
BRDA:24,0,0,0
BRDA:24,1,0,0
BRDA:24,2,0,0
BRDA:24,3,0,0
BRF:4
BRH:0
end_of_record
TN:
SF:src/utils/missionMath.ts
FNF:0
FNH:0
DA:1,33
DA:3,33
LF:2
LH:2
BRF:0
BRH:0
end_of_record
TN:
SF:src/utils/offlineProgress.ts
FN:14,calculateOfflineProgress
FN:30,(anonymous_1)
FN:143,(anonymous_2)
FN:145,(anonymous_3)
FN:147,(anonymous_4)
FN:165,(anonymous_5)
FN:173,(anonymous_6)
FN:175,(anonymous_7)
FN:193,(anonymous_8)
FN:194,(anonymous_9)
FN:200,(anonymous_10)
FNF:11
FNH:11
FNDA:16,calculateOfflineProgress
FNDA:25,(anonymous_1)
FNDA:14,(anonymous_2)
FNDA:29,(anonymous_3)
FNDA:3,(anonymous_4)
FNDA:23,(anonymous_5)
FNDA:13,(anonymous_6)
FNDA:23,(anonymous_7)
FNDA:19,(anonymous_8)
FNDA:38,(anonymous_9)
FNDA:3,(anonymous_10)
DA:1,11
DA:2,11
DA:8,11
DA:9,11
DA:10,11
DA:11,11
DA:12,11
DA:14,11
DA:15,16
DA:16,16
DA:19,16
DA:20,16
DA:21,16
DA:23,16
DA:25,16
DA:26,16
DA:27,16
DA:28,16
DA:30,16
DA:31,25
DA:32,25
DA:33,25
DA:34,25
DA:36,25
DA:37,25
DA:38,25
DA:39,25
DA:41,25
DA:42,25
DA:43,25
DA:44,25
DA:45,25
DA:47,25
DA:49,0
DA:50,0
DA:51,0
DA:56,0
DA:57,0
DA:58,0
DA:59,0
DA:60,0
DA:64,1
DA:65,1
DA:66,1
DA:71,1
DA:72,1
DA:73,1
DA:74,1
DA:78,0
DA:79,0
DA:80,0
DA:85,0
DA:86,0
DA:87,0
DA:88,0
DA:92,24
DA:93,24
DA:96,0
DA:99,25
DA:105,1
DA:119,25
DA:130,16
DA:137,16
DA:138,16
DA:140,16
DA:141,14
DA:143,14
DA:145,29
DA:146,14
DA:147,3
DA:148,3
DA:150,14
DA:151,0
DA:152,0
DA:155,14
DA:156,14
DA:158,14
DA:160,1
DA:161,1
DA:165,23
DA:166,13
DA:172,13
DA:173,13
DA:174,13
DA:175,13
DA:176,23
DA:180,13
DA:181,4
DA:182,4
DA:183,4
DA:184,4
DA:185,4
DA:187,4
DA:188,4
DA:190,9
DA:191,9
DA:193,9
DA:194,38
DA:195,19
DA:199,9
DA:200,3
DA:201,3
DA:202,2
DA:204,3
DA:205,3
DA:206,3
DA:213,16
DA:214,16
DA:215,16
DA:217,16
DA:219,16
LF:111
LH:93
BRDA:15,0,0,16
BRDA:15,0,1,0
BRDA:20,1,0,16
BRDA:20,1,1,16
BRDA:23,2,0,0
BRDA:28,3,0,16
BRDA:28,3,1,16
BRDA:31,4,0,25
BRDA:31,4,1,0
BRDA:31,4,2,0
BRDA:32,5,0,25
BRDA:32,5,1,0
BRDA:32,5,2,0
BRDA:42,6,0,25
BRDA:42,6,1,0
BRDA:43,7,0,25
BRDA:43,7,1,0
BRDA:47,8,0,0
BRDA:47,8,1,1
BRDA:47,8,2,0
BRDA:47,8,3,24
BRDA:47,8,4,0
BRDA:50,9,0,0
BRDA:50,9,1,0
BRDA:59,10,0,0
BRDA:59,10,1,0
BRDA:65,11,0,1
BRDA:65,11,1,0
BRDA:73,12,0,1
BRDA:73,12,1,0
BRDA:79,13,0,0
BRDA:79,13,1,0
BRDA:87,14,0,0
BRDA:87,14,1,0
BRDA:99,15,0,1
BRDA:100,16,0,25
BRDA:100,16,1,25
BRDA:100,16,2,25
BRDA:100,16,3,24
BRDA:133,17,0,16
BRDA:133,17,1,13
BRDA:134,18,0,16
BRDA:134,18,1,0
BRDA:137,19,0,16
BRDA:137,19,1,16
BRDA:140,20,0,14
BRDA:140,21,0,16
BRDA:140,21,1,16
BRDA:146,22,0,3
BRDA:146,23,0,14
BRDA:146,23,1,3
BRDA:148,24,0,3
BRDA:150,25,0,0
BRDA:150,26,0,14
BRDA:150,26,1,14
BRDA:158,27,0,1
BRDA:166,28,0,13
BRDA:166,28,1,2
BRDA:172,29,0,13
BRDA:172,29,1,0
BRDA:176,30,0,23
BRDA:176,30,1,23
BRDA:180,31,0,4
BRDA:180,31,1,9
BRDA:195,32,0,19
BRDA:199,33,0,3
BRDA:201,34,0,2
BRDA:204,35,0,3
BRDA:206,36,0,3
BRDA:206,36,1,2
BRDA:217,37,0,2
BRDA:217,37,1,14
BRF:72
BRH:48
end_of_record
TN:
SF:src/utils/personalityEffects.ts
FN:5,addBuff
FN:7,(anonymous_1)
FN:19,applyPersonalityOnHit
FN:79,applyProtectorShield
FN:84,(anonymous_4)
FNF:5
FNH:4
FNDA:4,addBuff
FNDA:0,(anonymous_1)
FNDA:157,applyPersonalityOnHit
FNDA:304,applyProtectorShield
FNDA:2,(anonymous_4)
DA:3,37
DA:6,4
DA:7,4
DA:8,4
DA:9,0
DA:11,4
DA:19,37
DA:27,157
DA:29,11
DA:31,2
DA:32,2
DA:33,1
DA:37,1
DA:39,2
DA:43,2
DA:44,1
DA:49,2
DA:53,1
DA:54,1
DA:58,1
DA:60,1
DA:64,6
DA:65,4
DA:66,4
DA:68,2
DA:72,7
DA:79,37
DA:80,304
DA:82,1
DA:84,2
DA:85,1
DA:87,1
DA:88,1
DA:89,1
DA:93,1
DA:94,1
LF:36
LH:35
BRDA:6,0,0,4
BRDA:7,1,0,0
BRDA:7,1,1,0
BRDA:8,2,0,0
BRDA:8,2,1,4
BRDA:27,3,0,146
BRDA:29,4,0,2
BRDA:29,4,1,2
BRDA:29,4,2,1
BRDA:29,4,3,6
BRDA:32,5,0,1
BRDA:43,6,0,1
BRDA:53,7,0,1
BRDA:64,8,0,4
BRDA:64,9,0,6
BRDA:64,9,1,6
BRDA:80,10,0,303
BRDA:80,11,0,304
BRDA:80,11,1,1
BRDA:82,12,0,1
BRDA:82,12,1,0
BRDA:84,13,0,2
BRDA:84,13,1,1
BRDA:85,14,0,0
BRDA:87,15,0,1
BRDA:87,15,1,0
BRDA:88,16,0,1
BRF:27
BRH:21
end_of_record
TN:
SF:src/utils/skillEffects.ts
FN:8,isSkillReady
FN:25,markSkillUsed
FN:35,addBuff
FN:37,(anonymous_3)
FN:46,logSkill
FN:58,markDefeat
FN:73,applyAoEHit
FN:91,tryGolpePesado
FN:104,tryGritoDeGuerra
FN:105,(anonymous_9)
FN:108,(anonymous_10)
FN:112,(anonymous_11)
FN:125,tryFuria
FN:137,tryProvocar
FN:148,tryMuralha
FN:150,(anonymous_15)
FN:156,(anonymous_16)
FN:164,tryUltimoSuspiro
FN:165,(anonymous_18)
FN:171,tryGolpeFurtivo
FN:184,tryVeneno
FN:194,tryExecucao
FN:205,tryTiroCerteiro
FN:219,tryChuvaFlechas
FN:227,(anonymous_24)
FN:246,tryTiroPerfurante
FN:257,tryBolaDeFogo
FN:271,(anonymous_27)
FN:285,tryEscudoArcano
FN:294,tryMeteoro
FN:299,(anonymous_30)
FN:322,tryCuraMaior
FN:324,(anonymous_32)
FN:325,(anonymous_33)
FN:345,tryPurificacao
FN:346,(anonymous_35)
FN:348,(anonymous_36)
FN:353,(anonymous_37)
FN:368,tryRessurreicao
FN:369,(anonymous_39)
FN:390,executePreAttackSkills
FN:398,(anonymous_41)
FN:445,onHeroDamagedSkills
FN:448,(anonymous_43)
FN:456,onHeroDeathSkills
FN:459,(anonymous_45)
FN:467,onRogueHitSkills
FN:470,(anonymous_47)
FN:478,processDoTBuffs
FN:479,(anonymous_49)
FN:480,(anonymous_50)
FN:498,getShieldReduction
FN:499,(anonymous_52)
FN:501,(anonymous_53)
FN:502,(anonymous_54)
FNF:55
FNH:44
FNDA:14,isSkillReady
FNDA:11,markSkillUsed
FNDA:8,addBuff
FNDA:1,(anonymous_3)
FNDA:16,logSkill
FNDA:0,markDefeat
FNDA:7,applyAoEHit
FNDA:2,tryGolpePesado
FNDA:1,tryGritoDeGuerra
FNDA:1,(anonymous_9)
FNDA:0,(anonymous_10)
FNDA:0,(anonymous_11)
FNDA:1,tryFuria
FNDA:0,tryProvocar
FNDA:0,tryMuralha
FNDA:0,(anonymous_15)
FNDA:0,(anonymous_16)
FNDA:1,tryUltimoSuspiro
FNDA:2,(anonymous_18)
FNDA:3,tryGolpeFurtivo
FNDA:5,tryVeneno
FNDA:0,tryExecucao
FNDA:2,tryTiroCerteiro
FNDA:2,tryChuvaFlechas
FNDA:3,(anonymous_24)
FNDA:0,tryTiroPerfurante
FNDA:1,tryBolaDeFogo
FNDA:1,(anonymous_27)
FNDA:2,tryEscudoArcano
FNDA:2,tryMeteoro
FNDA:4,(anonymous_30)
FNDA:2,tryCuraMaior
FNDA:4,(anonymous_32)
FNDA:0,(anonymous_33)
FNDA:2,tryPurificacao
FNDA:4,(anonymous_35)
FNDA:1,(anonymous_36)
FNDA:1,(anonymous_37)
FNDA:2,tryRessurreicao
FNDA:4,(anonymous_39)
FNDA:312,executePreAttackSkills
FNDA:30,(anonymous_41)
FNDA:156,onHeroDamagedSkills
FNDA:4,(anonymous_43)
FNDA:12,onHeroDeathSkills
FNDA:3,(anonymous_45)
FNDA:5,onRogueHitSkills
FNDA:10,(anonymous_47)
FNDA:140,processDoTBuffs
FNDA:340,(anonymous_49)
FNDA:11,(anonymous_50)
FNDA:336,getShieldReduction
FNDA:45,(anonymous_52)
FNDA:0,(anonymous_53)
FNDA:9,(anonymous_54)
DA:3,38
DA:4,38
DA:5,38
DA:9,14
DA:12,14
DA:13,5
DA:17,9
DA:20,9
DA:21,9
DA:26,11
DA:27,11
DA:28,4
DA:29,7
DA:30,7
DA:36,8
DA:37,8
DA:38,8
DA:39,0
DA:41,8
DA:47,16
DA:55,16
DA:59,0
DA:60,0
DA:61,0
DA:80,7
DA:81,7
DA:84,7
DA:85,7
DA:86,7
DA:92,2
DA:93,2
DA:95,2
DA:96,2
DA:97,2
DA:98,2
DA:99,2
DA:100,2
DA:101,2
DA:105,1
DA:106,1
DA:108,0
DA:109,0
DA:111,0
DA:112,0
DA:113,0
DA:114,0
DA:115,0
DA:121,0
DA:122,0
DA:126,1
DA:127,1
DA:128,1
DA:130,1
DA:131,1
DA:132,1
DA:133,1
DA:134,1
DA:138,0
DA:139,0
DA:140,0
DA:142,0
DA:143,0
DA:144,0
DA:145,0
DA:149,0
DA:150,0
DA:151,0
DA:154,0
DA:156,0
DA:157,0
DA:159,0
DA:160,0
DA:161,0
DA:165,2
DA:166,1
DA:168,1
DA:172,3
DA:173,1
DA:174,1
DA:176,1
DA:177,1
DA:178,1
DA:179,1
DA:180,1
DA:181,1
DA:185,5
DA:186,3
DA:191,3
DA:195,0
DA:196,0
DA:198,0
DA:199,0
DA:200,0
DA:201,0
DA:202,0
DA:206,2
DA:207,2
DA:209,0
DA:210,0
DA:211,0
DA:212,0
DA:213,0
DA:214,0
DA:215,0
DA:216,0
DA:224,2
DA:225,2
DA:227,3
DA:228,2
DA:229,2
DA:230,2
DA:232,2
DA:233,2
DA:234,3
DA:235,3
DA:236,3
DA:237,3
DA:238,3
DA:241,2
DA:242,2
DA:243,2
DA:247,0
DA:249,0
DA:250,0
DA:251,0
DA:252,0
DA:253,0
DA:254,0
DA:263,1
DA:264,1
DA:266,1
DA:267,1
DA:269,1
DA:270,1
DA:271,1
DA:272,0
DA:273,0
DA:274,0
DA:275,0
DA:276,0
DA:280,1
DA:281,1
DA:282,1
DA:286,2
DA:287,2
DA:289,2
DA:290,2
DA:291,2
DA:299,4
DA:300,2
DA:302,1
DA:303,1
DA:305,1
DA:306,1
DA:307,1
DA:309,1
DA:310,3
DA:311,3
DA:312,3
DA:313,3
DA:314,3
DA:317,1
DA:318,1
DA:319,1
DA:323,2
DA:324,4
DA:325,0
DA:326,2
DA:328,1
DA:329,1
DA:330,1
DA:331,1
DA:333,1
DA:338,1
DA:339,1
DA:340,1
DA:342,1
DA:346,2
DA:347,4
DA:348,1
DA:350,2
DA:352,1
DA:353,1
DA:356,1
DA:357,1
DA:358,1
DA:359,1
DA:361,1
DA:362,1
DA:363,1
DA:365,1
DA:369,4
DA:370,2
DA:372,2
DA:373,2
DA:375,1
DA:376,1
DA:377,1
DA:379,1
DA:380,1
DA:381,1
DA:390,38
DA:396,312
DA:397,312
DA:398,30
DA:401,13
DA:402,4
DA:403,3
DA:404,2
DA:407,10
DA:410,9
DA:411,2
DA:412,2
DA:413,2
DA:417,7
DA:418,0
DA:419,0
DA:423,7
DA:424,3
DA:425,2
DA:429,6
DA:430,2
DA:431,2
DA:432,0
DA:436,4
DA:437,2
DA:438,1
DA:441,2
DA:445,38
DA:446,156
DA:447,156
DA:448,4
DA:450,2
DA:451,2
DA:456,38
DA:457,12
DA:458,12
DA:459,3
DA:461,1
DA:462,1
DA:467,38
DA:468,5
DA:469,5
DA:470,10
DA:472,5
DA:473,5
DA:478,38
DA:479,340
DA:480,245
DA:481,245
DA:482,1
DA:483,1
DA:484,1
DA:489,1
DA:490,1
DA:491,1
DA:498,38
DA:499,336
DA:500,336
DA:501,8
DA:502,9
DA:503,8
LF:262
LH:202
BRDA:12,0,0,5
BRDA:17,1,0,0
BRDA:20,2,0,9
BRDA:20,2,1,4
BRDA:27,3,0,4
BRDA:27,3,1,7
BRDA:29,4,0,7
BRDA:36,5,0,7
BRDA:37,6,0,1
BRDA:37,6,1,1
BRDA:38,7,0,0
BRDA:38,7,1,8
BRDA:81,8,0,3
BRDA:81,8,1,4
BRDA:86,9,0,0
BRDA:93,10,0,0
BRDA:95,11,0,2
BRDA:95,11,1,0
BRDA:100,12,0,0
BRDA:105,13,0,1
BRDA:105,13,1,0
BRDA:105,13,2,0
BRDA:106,14,0,1
BRDA:108,15,0,0
BRDA:108,15,1,0
BRDA:109,16,0,0
BRDA:109,17,0,0
BRDA:109,17,1,0
BRDA:111,18,0,0
BRDA:111,18,1,0
BRDA:113,19,0,0
BRDA:113,19,1,0
BRDA:114,20,0,0
BRDA:126,21,0,0
BRDA:128,22,0,0
BRDA:138,23,0,0
BRDA:140,24,0,0
BRDA:149,25,0,0
BRDA:149,25,1,0
BRDA:151,26,0,0
BRDA:151,26,1,0
BRDA:151,26,2,0
BRDA:152,27,0,0
BRDA:152,27,1,0
BRDA:154,28,0,0
BRDA:156,29,0,0
BRDA:156,29,1,0
BRDA:157,30,0,0
BRDA:157,31,0,0
BRDA:157,31,1,0
BRDA:165,32,0,2
BRDA:165,32,1,1
BRDA:172,33,0,2
BRDA:174,34,0,0
BRDA:180,35,0,0
BRDA:185,36,0,2
BRDA:196,37,0,0
BRDA:201,38,0,0
BRDA:207,39,0,2
BRDA:214,40,0,0
BRDA:214,40,1,0
BRDA:215,41,0,0
BRDA:225,42,0,0
BRDA:229,43,0,0
BRDA:230,44,0,2
BRDA:230,44,1,0
BRDA:234,45,0,3
BRDA:234,45,1,0
BRDA:235,46,0,3
BRDA:247,47,0,0
BRDA:247,48,0,0
BRDA:247,48,1,0
BRDA:249,49,0,0
BRDA:249,49,1,0
BRDA:253,50,0,0
BRDA:264,51,0,0
BRDA:269,52,0,1
BRDA:269,52,1,0
BRDA:271,53,0,1
BRDA:271,53,1,1
BRDA:272,54,0,0
BRDA:272,54,1,0
BRDA:273,55,0,0
BRDA:287,56,0,0
BRDA:300,57,0,1
BRDA:303,58,0,0
BRDA:306,59,0,1
BRDA:306,59,1,0
BRDA:310,60,0,3
BRDA:310,60,1,0
BRDA:311,61,0,3
BRDA:324,62,0,4
BRDA:324,62,1,2
BRDA:324,62,2,1
BRDA:326,63,0,1
BRDA:339,64,0,1
BRDA:347,65,0,4
BRDA:347,65,1,2
BRDA:347,65,2,1
BRDA:348,66,0,1
BRDA:348,66,1,0
BRDA:348,66,2,0
BRDA:348,66,3,0
BRDA:350,67,0,1
BRDA:352,68,0,1
BRDA:352,68,1,0
BRDA:353,69,0,1
BRDA:353,69,1,0
BRDA:353,69,2,0
BRDA:353,70,0,0
BRDA:353,70,1,0
BRDA:362,71,0,1
BRDA:369,72,0,4
BRDA:369,72,1,2
BRDA:370,73,0,0
BRDA:373,74,0,1
BRDA:376,75,0,1
BRDA:376,75,1,0
BRDA:397,76,0,299
BRDA:401,77,0,4
BRDA:402,78,0,1
BRDA:402,79,0,4
BRDA:402,79,1,2
BRDA:403,80,0,1
BRDA:403,81,0,3
BRDA:403,81,1,2
BRDA:404,82,0,1
BRDA:404,83,0,2
BRDA:404,83,1,2
BRDA:407,84,0,1
BRDA:410,85,0,2
BRDA:411,86,0,1
BRDA:412,87,0,1
BRDA:413,88,0,2
BRDA:413,89,0,2
BRDA:413,89,1,2
BRDA:417,90,0,0
BRDA:418,91,0,0
BRDA:419,92,0,0
BRDA:423,93,0,3
BRDA:424,94,0,1
BRDA:424,95,0,3
BRDA:424,95,1,3
BRDA:425,96,0,0
BRDA:425,97,0,2
BRDA:425,97,1,0
BRDA:429,98,0,2
BRDA:430,99,0,0
BRDA:430,100,0,2
BRDA:430,100,1,2
BRDA:431,101,0,2
BRDA:431,102,0,2
BRDA:431,102,1,2
BRDA:432,103,0,0
BRDA:432,104,0,0
BRDA:432,104,1,0
BRDA:436,105,0,2
BRDA:437,106,0,1
BRDA:437,107,0,2
BRDA:437,107,1,2
BRDA:438,108,0,1
BRDA:438,109,0,1
BRDA:438,109,1,1
BRDA:447,110,0,154
BRDA:450,111,0,2
BRDA:450,112,0,2
BRDA:450,112,1,2
BRDA:458,113,0,11
BRDA:461,114,0,1
BRDA:461,115,0,1
BRDA:461,115,1,1
BRDA:469,116,0,0
BRDA:472,117,0,5
BRDA:480,118,0,245
BRDA:480,118,1,234
BRDA:480,119,0,11
BRDA:480,119,1,1
BRDA:489,120,0,1
BRDA:499,121,0,336
BRDA:499,121,1,292
BRDA:499,122,0,45
BRDA:499,122,1,8
BRDA:500,123,0,328
BRDA:501,124,0,0
BRDA:501,124,1,0
BRF:185
BRH:102
end_of_record
TN:
SF:src/utils/synergyEffects.ts
FN:11,(anonymous_0)
FN:12,(anonymous_1)
FN:13,(anonymous_2)
FN:14,(anonymous_3)
FN:15,(anonymous_4)
FN:16,(anonymous_5)
FN:22,(anonymous_6)
FN:25,(anonymous_7)
FN:38,(anonymous_8)
FN:39,(anonymous_9)
FN:57,(anonymous_10)
FN:59,(anonymous_11)
FN:62,(anonymous_12)
FN:66,(anonymous_13)
FN:78,(anonymous_14)
FN:90,(anonymous_15)
FN:93,(anonymous_16)
FN:106,(anonymous_17)
FN:115,(anonymous_18)
FN:124,(anonymous_19)
FN:155,createSynergyHandlers
FN:158,(anonymous_21)
FN:161,(anonymous_22)
FN:164,(anonymous_23)
FN:167,(anonymous_24)
FN:170,(anonymous_25)
FN:173,(anonymous_26)
FN:179,(anonymous_27)
FNF:28
FNH:27
FNDA:23,(anonymous_0)
FNDA:3,(anonymous_1)
FNDA:150,(anonymous_2)
FNDA:247,(anonymous_3)
FNDA:247,(anonymous_4)
FNDA:1067,(anonymous_5)
FNDA:6,(anonymous_6)
FNDA:1,(anonymous_7)
FNDA:1,(anonymous_8)
FNDA:1,(anonymous_9)
FNDA:1,(anonymous_10)
FNDA:2,(anonymous_11)
FNDA:3,(anonymous_12)
FNDA:1,(anonymous_13)
FNDA:3,(anonymous_14)
FNDA:3,(anonymous_15)
FNDA:0,(anonymous_16)
FNDA:4,(anonymous_17)
FNDA:3,(anonymous_18)
FNDA:3,(anonymous_19)
FNDA:48,createSynergyHandlers
FNDA:22,(anonymous_21)
FNDA:1,(anonymous_22)
FNDA:7,(anonymous_23)
FNDA:4,(anonymous_24)
FNDA:6,(anonymous_25)
FNDA:4,(anonymous_26)
FNDA:1,(anonymous_27)
DA:8,36
DA:10,36
DA:15,247
DA:16,1067
DA:19,36
DA:23,6
DA:24,5
DA:25,5
DA:26,5
DA:32,5
DA:39,1
DA:40,1
DA:41,1
DA:42,3
DA:43,3
DA:44,1
DA:48,2
DA:49,1
DA:58,1
DA:59,2
DA:60,1
DA:61,1
DA:62,3
DA:63,2
DA:67,1
DA:68,1
DA:69,1
DA:70,1
DA:72,1
DA:79,3
DA:80,2
DA:81,2
DA:82,2
DA:83,1
DA:91,3
DA:92,1
DA:93,1
DA:94,1
DA:100,1
DA:107,4
DA:108,3
DA:109,3
DA:116,3
DA:117,3
DA:118,3
DA:119,2
DA:121,1
DA:122,1
DA:124,1
DA:125,3
DA:130,1
DA:132,1
DA:133,1
DA:134,1
DA:135,1
DA:136,1
DA:137,1
DA:155,36
DA:156,48
DA:158,22
DA:160,22
DA:162,1
DA:165,7
DA:168,4
DA:171,6
DA:174,4
DA:175,4
DA:177,2
DA:180,1
DA:181,1
DA:182,1
DA:184,1
DA:189,36
LF:73
LH:73
BRDA:23,0,0,1
BRDA:23,1,0,6
BRDA:23,1,1,5
BRDA:24,2,0,5
BRDA:24,2,1,3
BRDA:39,3,0,1
BRDA:39,3,1,1
BRDA:40,4,0,0
BRDA:42,5,0,0
BRDA:43,6,0,1
BRDA:43,6,1,2
BRDA:45,7,0,1
BRDA:45,7,1,1
BRDA:48,8,0,1
BRDA:50,9,0,1
BRDA:50,9,1,1
BRDA:58,10,0,0
BRDA:58,11,0,1
BRDA:58,11,1,1
BRDA:59,12,0,2
BRDA:59,12,1,1
BRDA:60,13,0,0
BRDA:63,14,0,2
BRDA:67,15,0,1
BRDA:67,15,1,0
BRDA:70,16,0,1
BRDA:79,17,0,1
BRDA:80,18,0,0
BRDA:81,19,0,2
BRDA:81,19,1,0
BRDA:82,20,0,1
BRDA:91,21,0,2
BRDA:91,22,0,3
BRDA:91,22,1,2
BRDA:92,23,0,1
BRDA:92,23,1,1
BRDA:107,24,0,1
BRDA:109,25,0,3
BRDA:109,25,1,2
BRDA:117,26,0,0
BRDA:117,27,0,3
BRDA:117,27,1,0
BRDA:118,28,0,1
BRDA:118,29,0,3
BRDA:118,29,1,2
BRDA:119,30,0,1
BRDA:122,31,0,0
BRDA:125,32,0,3
BRDA:125,32,1,2
BRDA:125,32,2,2
BRDA:125,32,3,2
BRDA:130,33,0,0
BRDA:135,34,0,1
BRDA:135,34,1,0
BRDA:141,35,0,1
BRDA:141,35,1,0
BRDA:156,36,0,26
BRDA:156,37,0,48
BRDA:156,37,1,48
BRDA:175,38,0,2
BRDA:182,39,0,1
BRF:61
BRH:48
end_of_record
TN:
SF:src/utils/trainingMath.ts
FN:5,computePointsFromMs
FNF:1
FNH:1
FNDA:11,computePointsFromMs
DA:5,12
DA:6,11
DA:8,9
DA:9,4
DA:10,4
DA:13,5
DA:14,5
DA:17,5
DA:18,11116
DA:19,11116
DA:20,11113
DA:21,11113
DA:23,11113
DA:26,5
LF:14
LH:14
BRDA:6,0,0,2
BRDA:8,1,0,4
BRDA:19,2,0,3
BRDA:23,3,0,1
BRF:4
BRH:4
end_of_record
